{"/home/yusuf/Desktop/vb-erp-backend/src/app.js":{"path":"/home/yusuf/Desktop/vb-erp-backend/src/app.js","statementMap":{"0":{"start":{"line":1,"column":0},"end":{"line":1,"column":27}},"1":{"start":{"line":2,"column":16},"end":{"line":2,"column":34}},"2":{"start":{"line":3,"column":13},"end":{"line":3,"column":28}},"3":{"start":{"line":4,"column":18},"end":{"line":4,"column":47}},"4":{"start":{"line":5,"column":24},"end":{"line":5,"column":47}},"5":{"start":{"line":6,"column":18},"end":{"line":6,"column":47}},"6":{"start":{"line":7,"column":20},"end":{"line":7,"column":53}},"7":{"start":{"line":9,"column":15},"end":{"line":9,"column":34}},"8":{"start":{"line":10,"column":12},"end":{"line":10,"column":21}},"9":{"start":{"line":11,"column":13},"end":{"line":11,"column":37}},"10":{"start":{"line":12,"column":20},"end":{"line":12,"column":69}},"11":{"start":{"line":14,"column":0},"end":{"line":14,"column":24}},"12":{"start":{"line":15,"column":0},"end":{"line":19,"column":2}},"13":{"start":{"line":20,"column":0},"end":{"line":20,"column":38}},"14":{"start":{"line":21,"column":0},"end":{"line":21,"column":16}},"15":{"start":{"line":22,"column":0},"end":{"line":26,"column":2}},"16":{"start":{"line":27,"column":0},"end":{"line":30,"column":3}},"17":{"start":{"line":28,"column":2},"end":{"line":28,"column":22}},"18":{"start":{"line":29,"column":2},"end":{"line":29,"column":13}},"19":{"start":{"line":31,"column":0},"end":{"line":31,"column":21}}},"fnMap":{"0":{"name":"(anonymous_0)","decl":{"start":{"line":27,"column":17},"end":{"line":27,"column":18}},"loc":{"start":{"line":27,"column":29},"end":{"line":30,"column":1}},"line":27}},"branchMap":{"0":{"loc":{"start":{"line":11,"column":13},"end":{"line":11,"column":37}},"type":"binary-expr","locations":[{"start":{"line":11,"column":13},"end":{"line":11,"column":29}},{"start":{"line":11,"column":33},"end":{"line":11,"column":37}}],"line":11}},"s":{"0":0,"1":0,"2":0,"3":0,"4":0,"5":0,"6":0,"7":0,"8":0,"9":0,"10":0,"11":0,"12":0,"13":0,"14":0,"15":0,"16":0,"17":0,"18":0,"19":0},"f":{"0":0},"b":{"0":[0,0]},"all":true},"/home/yusuf/Desktop/vb-erp-backend/src/controllers/assigneeController.js":{"path":"/home/yusuf/Desktop/vb-erp-backend/src/controllers/assigneeController.js","statementMap":{"0":{"start":{"line":1,"column":22},"end":{"line":1,"column":51}},"1":{"start":{"line":2,"column":40},"end":{"line":2,"column":75}},"2":{"start":{"line":3,"column":45},"end":{"line":3,"column":73}},"3":{"start":{"line":6,"column":23},"end":{"line":65,"column":1}},"4":{"start":{"line":39,"column":2},"end":{"line":64,"column":3}},"5":{"start":{"line":40,"column":22},"end":{"line":40,"column":55}},"6":{"start":{"line":41,"column":4},"end":{"line":50,"column":5}},"7":{"start":{"line":42,"column":6},"end":{"line":42,"column":17}},"8":{"start":{"line":43,"column":6},"end":{"line":43,"column":39}},"9":{"start":{"line":44,"column":22},"end":{"line":48,"column":8}},"10":{"start":{"line":49,"column":6},"end":{"line":49,"column":44}},"11":{"start":{"line":51,"column":21},"end":{"line":60,"column":13}},"12":{"start":{"line":61,"column":4},"end":{"line":61,"column":35}},"13":{"start":{"line":63,"column":4},"end":{"line":63,"column":32}},"14":{"start":{"line":67,"column":24},"end":{"line":137,"column":1}},"15":{"start":{"line":108,"column":2},"end":{"line":136,"column":3}},"16":{"start":{"line":109,"column":22},"end":{"line":109,"column":53}},"17":{"start":{"line":110,"column":4},"end":{"line":119,"column":5}},"18":{"start":{"line":111,"column":6},"end":{"line":111,"column":17}},"19":{"start":{"line":112,"column":6},"end":{"line":112,"column":40}},"20":{"start":{"line":113,"column":22},"end":{"line":117,"column":8}},"21":{"start":{"line":118,"column":6},"end":{"line":118,"column":44}},"22":{"start":{"line":120,"column":17},"end":{"line":120,"column":52}},"23":{"start":{"line":121,"column":18},"end":{"line":121,"column":56}},"24":{"start":{"line":122,"column":4},"end":{"line":122,"column":15}},"25":{"start":{"line":123,"column":21},"end":{"line":123,"column":71}},"26":{"start":{"line":124,"column":17},"end":{"line":124,"column":66}},"27":{"start":{"line":125,"column":20},"end":{"line":125,"column":50}},"28":{"start":{"line":126,"column":4},"end":{"line":126,"column":42}},"29":{"start":{"line":128,"column":4},"end":{"line":128,"column":15}},"30":{"start":{"line":129,"column":4},"end":{"line":129,"column":38}},"31":{"start":{"line":130,"column":20},"end":{"line":134,"column":6}},"32":{"start":{"line":135,"column":4},"end":{"line":135,"column":42}},"33":{"start":{"line":139,"column":22},"end":{"line":214,"column":1}},"34":{"start":{"line":173,"column":21},"end":{"line":173,"column":34}},"35":{"start":{"line":174,"column":2},"end":{"line":213,"column":3}},"36":{"start":{"line":175,"column":22},"end":{"line":175,"column":55}},"37":{"start":{"line":176,"column":4},"end":{"line":185,"column":5}},"38":{"start":{"line":177,"column":6},"end":{"line":177,"column":17}},"39":{"start":{"line":178,"column":6},"end":{"line":178,"column":39}},"40":{"start":{"line":179,"column":22},"end":{"line":183,"column":8}},"41":{"start":{"line":184,"column":6},"end":{"line":184,"column":44}},"42":{"start":{"line":186,"column":4},"end":{"line":186,"column":15}},"43":{"start":{"line":187,"column":4},"end":{"line":187,"column":46}},"44":{"start":{"line":188,"column":20},"end":{"line":197,"column":5}},"45":{"start":{"line":198,"column":20},"end":{"line":202,"column":6}},"46":{"start":{"line":203,"column":4},"end":{"line":203,"column":42}},"47":{"start":{"line":205,"column":4},"end":{"line":205,"column":15}},"48":{"start":{"line":206,"column":4},"end":{"line":206,"column":38}},"49":{"start":{"line":207,"column":20},"end":{"line":211,"column":6}},"50":{"start":{"line":212,"column":4},"end":{"line":212,"column":42}},"51":{"start":{"line":216,"column":25},"end":{"line":268,"column":1}},"52":{"start":{"line":239,"column":21},"end":{"line":239,"column":34}},"53":{"start":{"line":240,"column":2},"end":{"line":267,"column":3}},"54":{"start":{"line":241,"column":4},"end":{"line":241,"column":15}},"55":{"start":{"line":242,"column":4},"end":{"line":242,"column":50}},"56":{"start":{"line":243,"column":20},"end":{"line":251,"column":5}},"57":{"start":{"line":252,"column":20},"end":{"line":256,"column":6}},"58":{"start":{"line":257,"column":4},"end":{"line":257,"column":42}},"59":{"start":{"line":259,"column":4},"end":{"line":259,"column":15}},"60":{"start":{"line":260,"column":4},"end":{"line":260,"column":38}},"61":{"start":{"line":261,"column":20},"end":{"line":265,"column":6}},"62":{"start":{"line":266,"column":4},"end":{"line":266,"column":42}},"63":{"start":{"line":272,"column":0},"end":{"line":277,"column":1}}},"fnMap":{"0":{"name":"(anonymous_0)","decl":{"start":{"line":6,"column":23},"end":{"line":6,"column":24}},"loc":{"start":{"line":6,"column":43},"end":{"line":65,"column":1}},"line":6},"1":{"name":"(anonymous_1)","decl":{"start":{"line":67,"column":24},"end":{"line":67,"column":25}},"loc":{"start":{"line":67,"column":44},"end":{"line":137,"column":1}},"line":67},"2":{"name":"(anonymous_2)","decl":{"start":{"line":139,"column":22},"end":{"line":139,"column":23}},"loc":{"start":{"line":139,"column":42},"end":{"line":214,"column":1}},"line":139},"3":{"name":"(anonymous_3)","decl":{"start":{"line":216,"column":25},"end":{"line":216,"column":26}},"loc":{"start":{"line":216,"column":45},"end":{"line":268,"column":1}},"line":216}},"branchMap":{"0":{"loc":{"start":{"line":41,"column":4},"end":{"line":50,"column":5}},"type":"if","locations":[{"start":{"line":41,"column":4},"end":{"line":50,"column":5}},{"start":{"line":41,"column":4},"end":{"line":50,"column":5}}],"line":41},"1":{"loc":{"start":{"line":47,"column":13},"end":{"line":47,"column":35}},"type":"binary-expr","locations":[{"start":{"line":47,"column":13},"end":{"line":47,"column":18}},{"start":{"line":47,"column":22},"end":{"line":47,"column":35}}],"line":47},"2":{"loc":{"start":{"line":110,"column":4},"end":{"line":119,"column":5}},"type":"if","locations":[{"start":{"line":110,"column":4},"end":{"line":119,"column":5}},{"start":{"line":110,"column":4},"end":{"line":119,"column":5}}],"line":110},"3":{"loc":{"start":{"line":116,"column":13},"end":{"line":116,"column":35}},"type":"binary-expr","locations":[{"start":{"line":116,"column":13},"end":{"line":116,"column":18}},{"start":{"line":116,"column":22},"end":{"line":116,"column":35}}],"line":116},"4":{"loc":{"start":{"line":120,"column":17},"end":{"line":120,"column":52}},"type":"cond-expr","locations":[{"start":{"line":120,"column":34},"end":{"line":120,"column":48}},{"start":{"line":120,"column":51},"end":{"line":120,"column":52}}],"line":120},"5":{"loc":{"start":{"line":121,"column":18},"end":{"line":121,"column":56}},"type":"cond-expr","locations":[{"start":{"line":121,"column":36},"end":{"line":121,"column":51}},{"start":{"line":121,"column":54},"end":{"line":121,"column":56}}],"line":121},"6":{"loc":{"start":{"line":176,"column":4},"end":{"line":185,"column":5}},"type":"if","locations":[{"start":{"line":176,"column":4},"end":{"line":185,"column":5}},{"start":{"line":176,"column":4},"end":{"line":185,"column":5}}],"line":176},"7":{"loc":{"start":{"line":182,"column":13},"end":{"line":182,"column":35}},"type":"binary-expr","locations":[{"start":{"line":182,"column":13},"end":{"line":182,"column":18}},{"start":{"line":182,"column":22},"end":{"line":182,"column":35}}],"line":182}},"s":{"0":0,"1":0,"2":0,"3":0,"4":0,"5":0,"6":0,"7":0,"8":0,"9":0,"10":0,"11":0,"12":0,"13":0,"14":0,"15":0,"16":0,"17":0,"18":0,"19":0,"20":0,"21":0,"22":0,"23":0,"24":0,"25":0,"26":0,"27":0,"28":0,"29":0,"30":0,"31":0,"32":0,"33":0,"34":0,"35":0,"36":0,"37":0,"38":0,"39":0,"40":0,"41":0,"42":0,"43":0,"44":0,"45":0,"46":0,"47":0,"48":0,"49":0,"50":0,"51":0,"52":0,"53":0,"54":0,"55":0,"56":0,"57":0,"58":0,"59":0,"60":0,"61":0,"62":0,"63":0},"f":{"0":0,"1":0,"2":0,"3":0},"b":{"0":[0,0],"1":[0,0],"2":[0,0],"3":[0,0],"4":[0,0],"5":[0,0],"6":[0,0],"7":[0,0]},"all":true},"/home/yusuf/Desktop/vb-erp-backend/src/controllers/invoicecontroller.js":{"path":"/home/yusuf/Desktop/vb-erp-backend/src/controllers/invoicecontroller.js","statementMap":{"0":{"start":{"line":1,"column":39},"end":{"line":1,"column":73}},"1":{"start":{"line":2,"column":16},"end":{"line":2,"column":49}},"2":{"start":{"line":3,"column":25},"end":{"line":3,"column":68}},"3":{"start":{"line":4,"column":24},"end":{"line":4,"column":67}},"4":{"start":{"line":5,"column":45},"end":{"line":5,"column":73}},"5":{"start":{"line":7,"column":19},"end":{"line":95,"column":1}},"6":{"start":{"line":43,"column":2},"end":{"line":94,"column":3}},"7":{"start":{"line":44,"column":22},"end":{"line":44,"column":54}},"8":{"start":{"line":46,"column":4},"end":{"line":48,"column":5}},"9":{"start":{"line":47,"column":6},"end":{"line":47,"column":41}},"10":{"start":{"line":50,"column":20},"end":{"line":50,"column":50}},"11":{"start":{"line":51,"column":23},"end":{"line":54,"column":5}},"12":{"start":{"line":55,"column":17},"end":{"line":60,"column":5}},"13":{"start":{"line":61,"column":20},"end":{"line":61,"column":52}},"14":{"start":{"line":62,"column":4},"end":{"line":62,"column":25}},"15":{"start":{"line":64,"column":4},"end":{"line":86,"column":5}},"16":{"start":{"line":65,"column":22},"end":{"line":65,"column":51}},"17":{"start":{"line":66,"column":19},"end":{"line":66,"column":36}},"18":{"start":{"line":67,"column":19},"end":{"line":67,"column":37}},"19":{"start":{"line":68,"column":20},"end":{"line":68,"column":39}},"20":{"start":{"line":69,"column":17},"end":{"line":69,"column":31}},"21":{"start":{"line":70,"column":17},"end":{"line":70,"column":42}},"22":{"start":{"line":71,"column":6},"end":{"line":71,"column":42}},"23":{"start":{"line":73,"column":22},"end":{"line":73,"column":51}},"24":{"start":{"line":74,"column":20},"end":{"line":82,"column":7}},"25":{"start":{"line":84,"column":29},"end":{"line":84,"column":62}},"26":{"start":{"line":85,"column":6},"end":{"line":85,"column":34}},"27":{"start":{"line":87,"column":4},"end":{"line":90,"column":7}},"28":{"start":{"line":92,"column":4},"end":{"line":92,"column":23}},"29":{"start":{"line":93,"column":4},"end":{"line":93,"column":32}},"30":{"start":{"line":97,"column":30},"end":{"line":148,"column":1}},"31":{"start":{"line":130,"column":2},"end":{"line":147,"column":3}},"32":{"start":{"line":131,"column":4},"end":{"line":131,"column":15}},"33":{"start":{"line":132,"column":23},"end":{"line":135,"column":5}},"34":{"start":{"line":136,"column":20},"end":{"line":136,"column":62}},"35":{"start":{"line":137,"column":4},"end":{"line":137,"column":42}},"36":{"start":{"line":139,"column":4},"end":{"line":139,"column":15}},"37":{"start":{"line":140,"column":4},"end":{"line":140,"column":38}},"38":{"start":{"line":141,"column":20},"end":{"line":145,"column":6}},"39":{"start":{"line":146,"column":4},"end":{"line":146,"column":42}},"40":{"start":{"line":149,"column":26},"end":{"line":379,"column":1}},"41":{"start":{"line":196,"column":2},"end":{"line":378,"column":3}},"42":{"start":{"line":197,"column":22},"end":{"line":197,"column":53}},"43":{"start":{"line":198,"column":4},"end":{"line":207,"column":5}},"44":{"start":{"line":199,"column":6},"end":{"line":199,"column":17}},"45":{"start":{"line":200,"column":6},"end":{"line":200,"column":40}},"46":{"start":{"line":201,"column":22},"end":{"line":205,"column":8}},"47":{"start":{"line":206,"column":6},"end":{"line":206,"column":44}},"48":{"start":{"line":208,"column":17},"end":{"line":208,"column":52}},"49":{"start":{"line":209,"column":18},"end":{"line":209,"column":56}},"50":{"start":{"line":211,"column":17},"end":{"line":211,"column":32}},"51":{"start":{"line":212,"column":16},"end":{"line":212,"column":41}},"52":{"start":{"line":213,"column":17},"end":{"line":213,"column":30}},"53":{"start":{"line":214,"column":17},"end":{"line":214,"column":21}},"54":{"start":{"line":215,"column":17},"end":{"line":215,"column":31}},"55":{"start":{"line":216,"column":26},"end":{"line":216,"column":49}},"56":{"start":{"line":218,"column":4},"end":{"line":367,"column":5}},"57":{"start":{"line":219,"column":6},"end":{"line":219,"column":17}},"58":{"start":{"line":220,"column":22},"end":{"line":249,"column":8}},"59":{"start":{"line":251,"column":19},"end":{"line":251,"column":67}},"60":{"start":{"line":252,"column":22},"end":{"line":252,"column":52}},"61":{"start":{"line":253,"column":6},"end":{"line":253,"column":44}},"62":{"start":{"line":254,"column":11},"end":{"line":367,"column":5}},"63":{"start":{"line":255,"column":6},"end":{"line":255,"column":17}},"64":{"start":{"line":256,"column":22},"end":{"line":285,"column":40}},"65":{"start":{"line":286,"column":19},"end":{"line":286,"column":67}},"66":{"start":{"line":287,"column":22},"end":{"line":287,"column":52}},"67":{"start":{"line":288,"column":6},"end":{"line":288,"column":44}},"68":{"start":{"line":289,"column":11},"end":{"line":367,"column":5}},"69":{"start":{"line":290,"column":6},"end":{"line":290,"column":17}},"70":{"start":{"line":291,"column":22},"end":{"line":320,"column":36}},"71":{"start":{"line":321,"column":19},"end":{"line":321,"column":67}},"72":{"start":{"line":322,"column":22},"end":{"line":322,"column":52}},"73":{"start":{"line":323,"column":6},"end":{"line":323,"column":44}},"74":{"start":{"line":324,"column":11},"end":{"line":367,"column":5}},"75":{"start":{"line":325,"column":6},"end":{"line":325,"column":17}},"76":{"start":{"line":326,"column":22},"end":{"line":355,"column":36}},"77":{"start":{"line":356,"column":19},"end":{"line":356,"column":67}},"78":{"start":{"line":357,"column":22},"end":{"line":357,"column":52}},"79":{"start":{"line":358,"column":6},"end":{"line":358,"column":44}},"80":{"start":{"line":360,"column":6},"end":{"line":360,"column":17}},"81":{"start":{"line":361,"column":6},"end":{"line":361,"column":41}},"82":{"start":{"line":362,"column":22},"end":{"line":365,"column":8}},"83":{"start":{"line":366,"column":6},"end":{"line":366,"column":44}},"84":{"start":{"line":369,"column":4},"end":{"line":369,"column":23}},"85":{"start":{"line":370,"column":4},"end":{"line":370,"column":15}},"86":{"start":{"line":371,"column":4},"end":{"line":371,"column":38}},"87":{"start":{"line":372,"column":20},"end":{"line":376,"column":6}},"88":{"start":{"line":377,"column":4},"end":{"line":377,"column":42}},"89":{"start":{"line":381,"column":0},"end":{"line":385,"column":2}}},"fnMap":{"0":{"name":"(anonymous_0)","decl":{"start":{"line":7,"column":19},"end":{"line":7,"column":20}},"loc":{"start":{"line":7,"column":39},"end":{"line":95,"column":1}},"line":7},"1":{"name":"(anonymous_1)","decl":{"start":{"line":97,"column":30},"end":{"line":97,"column":31}},"loc":{"start":{"line":97,"column":50},"end":{"line":148,"column":1}},"line":97},"2":{"name":"(anonymous_2)","decl":{"start":{"line":149,"column":26},"end":{"line":149,"column":27}},"loc":{"start":{"line":149,"column":46},"end":{"line":379,"column":1}},"line":149}},"branchMap":{"0":{"loc":{"start":{"line":46,"column":4},"end":{"line":48,"column":5}},"type":"if","locations":[{"start":{"line":46,"column":4},"end":{"line":48,"column":5}},{"start":{"line":46,"column":4},"end":{"line":48,"column":5}}],"line":46},"1":{"loc":{"start":{"line":64,"column":4},"end":{"line":86,"column":5}},"type":"if","locations":[{"start":{"line":64,"column":4},"end":{"line":86,"column":5}},{"start":{"line":64,"column":4},"end":{"line":86,"column":5}}],"line":64},"2":{"loc":{"start":{"line":71,"column":13},"end":{"line":71,"column":41}},"type":"cond-expr","locations":[{"start":{"line":71,"column":30},"end":{"line":71,"column":35}},{"start":{"line":71,"column":38},"end":{"line":71,"column":41}}],"line":71},"3":{"loc":{"start":{"line":198,"column":4},"end":{"line":207,"column":5}},"type":"if","locations":[{"start":{"line":198,"column":4},"end":{"line":207,"column":5}},{"start":{"line":198,"column":4},"end":{"line":207,"column":5}}],"line":198},"4":{"loc":{"start":{"line":204,"column":13},"end":{"line":204,"column":35}},"type":"binary-expr","locations":[{"start":{"line":204,"column":13},"end":{"line":204,"column":18}},{"start":{"line":204,"column":22},"end":{"line":204,"column":35}}],"line":204},"5":{"loc":{"start":{"line":208,"column":17},"end":{"line":208,"column":52}},"type":"cond-expr","locations":[{"start":{"line":208,"column":34},"end":{"line":208,"column":48}},{"start":{"line":208,"column":51},"end":{"line":208,"column":52}}],"line":208},"6":{"loc":{"start":{"line":209,"column":18},"end":{"line":209,"column":56}},"type":"cond-expr","locations":[{"start":{"line":209,"column":36},"end":{"line":209,"column":51}},{"start":{"line":209,"column":54},"end":{"line":209,"column":56}}],"line":209},"7":{"loc":{"start":{"line":216,"column":26},"end":{"line":216,"column":49}},"type":"binary-expr","locations":[{"start":{"line":216,"column":26},"end":{"line":216,"column":43}},{"start":{"line":216,"column":47},"end":{"line":216,"column":49}}],"line":216},"8":{"loc":{"start":{"line":218,"column":4},"end":{"line":367,"column":5}},"type":"if","locations":[{"start":{"line":218,"column":4},"end":{"line":367,"column":5}},{"start":{"line":218,"column":4},"end":{"line":367,"column":5}}],"line":218},"9":{"loc":{"start":{"line":254,"column":11},"end":{"line":367,"column":5}},"type":"if","locations":[{"start":{"line":254,"column":11},"end":{"line":367,"column":5}},{"start":{"line":254,"column":11},"end":{"line":367,"column":5}}],"line":254},"10":{"loc":{"start":{"line":289,"column":11},"end":{"line":367,"column":5}},"type":"if","locations":[{"start":{"line":289,"column":11},"end":{"line":367,"column":5}},{"start":{"line":289,"column":11},"end":{"line":367,"column":5}}],"line":289},"11":{"loc":{"start":{"line":324,"column":11},"end":{"line":367,"column":5}},"type":"if","locations":[{"start":{"line":324,"column":11},"end":{"line":367,"column":5}},{"start":{"line":324,"column":11},"end":{"line":367,"column":5}}],"line":324}},"s":{"0":0,"1":0,"2":0,"3":0,"4":0,"5":0,"6":0,"7":0,"8":0,"9":0,"10":0,"11":0,"12":0,"13":0,"14":0,"15":0,"16":0,"17":0,"18":0,"19":0,"20":0,"21":0,"22":0,"23":0,"24":0,"25":0,"26":0,"27":0,"28":0,"29":0,"30":0,"31":0,"32":0,"33":0,"34":0,"35":0,"36":0,"37":0,"38":0,"39":0,"40":0,"41":0,"42":0,"43":0,"44":0,"45":0,"46":0,"47":0,"48":0,"49":0,"50":0,"51":0,"52":0,"53":0,"54":0,"55":0,"56":0,"57":0,"58":0,"59":0,"60":0,"61":0,"62":0,"63":0,"64":0,"65":0,"66":0,"67":0,"68":0,"69":0,"70":0,"71":0,"72":0,"73":0,"74":0,"75":0,"76":0,"77":0,"78":0,"79":0,"80":0,"81":0,"82":0,"83":0,"84":0,"85":0,"86":0,"87":0,"88":0,"89":0},"f":{"0":0,"1":0,"2":0},"b":{"0":[0,0],"1":[0,0],"2":[0,0],"3":[0,0],"4":[0,0],"5":[0,0],"6":[0,0],"7":[0,0],"8":[0,0],"9":[0,0],"10":[0,0],"11":[0,0]},"all":true},"/home/yusuf/Desktop/vb-erp-backend/src/controllers/poEmailController.js":{"path":"/home/yusuf/Desktop/vb-erp-backend/src/controllers/poEmailController.js","statementMap":{"0":{"start":{"line":1,"column":22},"end":{"line":1,"column":56}},"1":{"start":{"line":2,"column":17},"end":{"line":2,"column":36}},"2":{"start":{"line":4,"column":21},"end":{"line":9,"column":1}},"3":{"start":{"line":5,"column":22},"end":{"line":5,"column":70}},"4":{"start":{"line":6,"column":18},"end":{"line":6,"column":60}},"5":{"start":{"line":7,"column":15},"end":{"line":7,"column":54}},"6":{"start":{"line":8,"column":2},"end":{"line":8,"column":59}},"7":{"start":{"line":11,"column":0},"end":{"line":11,"column":34}}},"fnMap":{"0":{"name":"(anonymous_0)","decl":{"start":{"line":4,"column":21},"end":{"line":4,"column":22}},"loc":{"start":{"line":4,"column":45},"end":{"line":9,"column":1}},"line":4}},"branchMap":{},"s":{"0":0,"1":0,"2":0,"3":0,"4":0,"5":0,"6":0,"7":0},"f":{"0":0},"b":{},"all":true},"/home/yusuf/Desktop/vb-erp-backend/src/controllers/poSowController.js":{"path":"/home/yusuf/Desktop/vb-erp-backend/src/controllers/poSowController.js","statementMap":{"0":{"start":{"line":1,"column":27},"end":{"line":1,"column":53}},"1":{"start":{"line":2,"column":37},"end":{"line":2,"column":69}},"2":{"start":{"line":3,"column":23},"end":{"line":3,"column":57}},"3":{"start":{"line":4,"column":29},"end":{"line":4,"column":70}},"4":{"start":{"line":5,"column":17},"end":{"line":5,"column":51}},"5":{"start":{"line":6,"column":45},"end":{"line":6,"column":73}},"6":{"start":{"line":8,"column":20},"end":{"line":75,"column":1}},"7":{"start":{"line":58,"column":2},"end":{"line":74,"column":3}},"8":{"start":{"line":59,"column":22},"end":{"line":59,"column":52}},"9":{"start":{"line":60,"column":4},"end":{"line":69,"column":5}},"10":{"start":{"line":61,"column":6},"end":{"line":61,"column":17}},"11":{"start":{"line":62,"column":6},"end":{"line":62,"column":39}},"12":{"start":{"line":63,"column":22},"end":{"line":67,"column":8}},"13":{"start":{"line":68,"column":6},"end":{"line":68,"column":44}},"14":{"start":{"line":70,"column":18},"end":{"line":70,"column":63}},"15":{"start":{"line":71,"column":4},"end":{"line":71,"column":32}},"16":{"start":{"line":73,"column":4},"end":{"line":73,"column":32}},"17":{"start":{"line":77,"column":24},"end":{"line":173,"column":1}},"18":{"start":{"line":127,"column":20},"end":{"line":127,"column":40}},"19":{"start":{"line":129,"column":2},"end":{"line":172,"column":3}},"20":{"start":{"line":130,"column":22},"end":{"line":130,"column":53}},"21":{"start":{"line":131,"column":4},"end":{"line":141,"column":5}},"22":{"start":{"line":132,"column":6},"end":{"line":132,"column":25}},"23":{"start":{"line":133,"column":6},"end":{"line":133,"column":17}},"24":{"start":{"line":134,"column":6},"end":{"line":134,"column":40}},"25":{"start":{"line":135,"column":22},"end":{"line":139,"column":8}},"26":{"start":{"line":140,"column":6},"end":{"line":140,"column":44}},"27":{"start":{"line":142,"column":17},"end":{"line":142,"column":52}},"28":{"start":{"line":143,"column":18},"end":{"line":143,"column":56}},"29":{"start":{"line":144,"column":4},"end":{"line":144,"column":15}},"30":{"start":{"line":146,"column":16},"end":{"line":146,"column":18}},"31":{"start":{"line":147,"column":4},"end":{"line":152,"column":5}},"32":{"start":{"line":148,"column":6},"end":{"line":151,"column":8}},"33":{"start":{"line":153,"column":4},"end":{"line":158,"column":5}},"34":{"start":{"line":154,"column":20},"end":{"line":154,"column":56}},"35":{"start":{"line":155,"column":19},"end":{"line":155,"column":65}},"36":{"start":{"line":156,"column":22},"end":{"line":156,"column":52}},"37":{"start":{"line":157,"column":6},"end":{"line":157,"column":44}},"38":{"start":{"line":159,"column":18},"end":{"line":159,"column":70}},"39":{"start":{"line":160,"column":17},"end":{"line":160,"column":63}},"40":{"start":{"line":161,"column":20},"end":{"line":161,"column":50}},"41":{"start":{"line":162,"column":4},"end":{"line":162,"column":42}},"42":{"start":{"line":164,"column":4},"end":{"line":164,"column":15}},"43":{"start":{"line":165,"column":4},"end":{"line":165,"column":38}},"44":{"start":{"line":166,"column":20},"end":{"line":170,"column":6}},"45":{"start":{"line":171,"column":4},"end":{"line":171,"column":42}},"46":{"start":{"line":175,"column":20},"end":{"line":223,"column":1}},"47":{"start":{"line":207,"column":14},"end":{"line":207,"column":27}},"48":{"start":{"line":208,"column":2},"end":{"line":222,"column":3}},"49":{"start":{"line":209,"column":4},"end":{"line":209,"column":15}},"50":{"start":{"line":210,"column":17},"end":{"line":210,"column":59}},"51":{"start":{"line":211,"column":20},"end":{"line":211,"column":50}},"52":{"start":{"line":212,"column":4},"end":{"line":212,"column":42}},"53":{"start":{"line":214,"column":4},"end":{"line":214,"column":15}},"54":{"start":{"line":215,"column":4},"end":{"line":215,"column":38}},"55":{"start":{"line":216,"column":20},"end":{"line":220,"column":6}},"56":{"start":{"line":221,"column":4},"end":{"line":221,"column":42}},"57":{"start":{"line":225,"column":23},"end":{"line":310,"column":1}},"58":{"start":{"line":274,"column":2},"end":{"line":309,"column":3}},"59":{"start":{"line":275,"column":22},"end":{"line":275,"column":52}},"60":{"start":{"line":276,"column":4},"end":{"line":285,"column":5}},"61":{"start":{"line":277,"column":6},"end":{"line":277,"column":17}},"62":{"start":{"line":278,"column":6},"end":{"line":278,"column":38}},"63":{"start":{"line":279,"column":22},"end":{"line":283,"column":8}},"64":{"start":{"line":284,"column":6},"end":{"line":284,"column":44}},"65":{"start":{"line":286,"column":26},"end":{"line":291,"column":5}},"66":{"start":{"line":292,"column":4},"end":{"line":292,"column":15}},"67":{"start":{"line":293,"column":4},"end":{"line":293,"column":42}},"68":{"start":{"line":294,"column":20},"end":{"line":298,"column":6}},"69":{"start":{"line":299,"column":4},"end":{"line":299,"column":42}},"70":{"start":{"line":301,"column":4},"end":{"line":301,"column":15}},"71":{"start":{"line":302,"column":4},"end":{"line":302,"column":38}},"72":{"start":{"line":303,"column":20},"end":{"line":307,"column":6}},"73":{"start":{"line":308,"column":4},"end":{"line":308,"column":42}},"74":{"start":{"line":312,"column":23},"end":{"line":387,"column":1}},"75":{"start":{"line":342,"column":2},"end":{"line":386,"column":3}},"76":{"start":{"line":343,"column":16},"end":{"line":343,"column":29}},"77":{"start":{"line":344,"column":23},"end":{"line":344,"column":65}},"78":{"start":{"line":346,"column":23},"end":{"line":346,"column":33}},"79":{"start":{"line":347,"column":20},"end":{"line":347,"column":29}},"80":{"start":{"line":348,"column":22},"end":{"line":348,"column":31}},"81":{"start":{"line":349,"column":4},"end":{"line":375,"column":5}},"82":{"start":{"line":350,"column":6},"end":{"line":350,"column":17}},"83":{"start":{"line":351,"column":6},"end":{"line":351,"column":46}},"84":{"start":{"line":352,"column":27},"end":{"line":360,"column":7}},"85":{"start":{"line":361,"column":22},"end":{"line":365,"column":8}},"86":{"start":{"line":366,"column":6},"end":{"line":366,"column":44}},"87":{"start":{"line":368,"column":6},"end":{"line":368,"column":17}},"88":{"start":{"line":369,"column":6},"end":{"line":369,"column":41}},"89":{"start":{"line":370,"column":22},"end":{"line":373,"column":8}},"90":{"start":{"line":374,"column":6},"end":{"line":374,"column":37}},"91":{"start":{"line":377,"column":4},"end":{"line":377,"column":23}},"92":{"start":{"line":378,"column":4},"end":{"line":378,"column":15}},"93":{"start":{"line":379,"column":4},"end":{"line":379,"column":38}},"94":{"start":{"line":380,"column":20},"end":{"line":384,"column":6}},"95":{"start":{"line":385,"column":4},"end":{"line":385,"column":42}},"96":{"start":{"line":389,"column":19},"end":{"line":439,"column":1}},"97":{"start":{"line":411,"column":2},"end":{"line":438,"column":3}},"98":{"start":{"line":412,"column":17},"end":{"line":425,"column":6}},"99":{"start":{"line":426,"column":4},"end":{"line":426,"column":15}},"100":{"start":{"line":427,"column":20},"end":{"line":427,"column":50}},"101":{"start":{"line":428,"column":4},"end":{"line":428,"column":42}},"102":{"start":{"line":430,"column":4},"end":{"line":430,"column":15}},"103":{"start":{"line":431,"column":4},"end":{"line":431,"column":38}},"104":{"start":{"line":432,"column":20},"end":{"line":436,"column":6}},"105":{"start":{"line":437,"column":4},"end":{"line":437,"column":42}},"106":{"start":{"line":441,"column":20},"end":{"line":479,"column":1}},"107":{"start":{"line":461,"column":2},"end":{"line":478,"column":3}},"108":{"start":{"line":462,"column":17},"end":{"line":465,"column":5}},"109":{"start":{"line":466,"column":4},"end":{"line":466,"column":15}},"110":{"start":{"line":467,"column":20},"end":{"line":467,"column":50}},"111":{"start":{"line":468,"column":4},"end":{"line":468,"column":42}},"112":{"start":{"line":470,"column":4},"end":{"line":470,"column":15}},"113":{"start":{"line":471,"column":4},"end":{"line":471,"column":38}},"114":{"start":{"line":472,"column":20},"end":{"line":476,"column":6}},"115":{"start":{"line":477,"column":4},"end":{"line":477,"column":42}},"116":{"start":{"line":481,"column":19},"end":{"line":550,"column":1}},"117":{"start":{"line":523,"column":16},"end":{"line":523,"column":35}},"118":{"start":{"line":525,"column":2},"end":{"line":549,"column":3}},"119":{"start":{"line":526,"column":17},"end":{"line":536,"column":7}},"120":{"start":{"line":537,"column":4},"end":{"line":537,"column":15}},"121":{"start":{"line":538,"column":20},"end":{"line":538,"column":50}},"122":{"start":{"line":539,"column":4},"end":{"line":539,"column":42}},"123":{"start":{"line":541,"column":4},"end":{"line":541,"column":15}},"124":{"start":{"line":542,"column":4},"end":{"line":542,"column":38}},"125":{"start":{"line":543,"column":20},"end":{"line":547,"column":6}},"126":{"start":{"line":548,"column":4},"end":{"line":548,"column":42}},"127":{"start":{"line":552,"column":0},"end":{"line":561,"column":2}}},"fnMap":{"0":{"name":"(anonymous_0)","decl":{"start":{"line":8,"column":20},"end":{"line":8,"column":21}},"loc":{"start":{"line":8,"column":40},"end":{"line":75,"column":1}},"line":8},"1":{"name":"(anonymous_1)","decl":{"start":{"line":77,"column":24},"end":{"line":77,"column":25}},"loc":{"start":{"line":77,"column":44},"end":{"line":173,"column":1}},"line":77},"2":{"name":"(anonymous_2)","decl":{"start":{"line":175,"column":20},"end":{"line":175,"column":21}},"loc":{"start":{"line":175,"column":40},"end":{"line":223,"column":1}},"line":175},"3":{"name":"(anonymous_3)","decl":{"start":{"line":225,"column":23},"end":{"line":225,"column":24}},"loc":{"start":{"line":225,"column":43},"end":{"line":310,"column":1}},"line":225},"4":{"name":"(anonymous_4)","decl":{"start":{"line":312,"column":23},"end":{"line":312,"column":24}},"loc":{"start":{"line":312,"column":43},"end":{"line":387,"column":1}},"line":312},"5":{"name":"(anonymous_5)","decl":{"start":{"line":389,"column":19},"end":{"line":389,"column":20}},"loc":{"start":{"line":389,"column":39},"end":{"line":439,"column":1}},"line":389},"6":{"name":"(anonymous_6)","decl":{"start":{"line":441,"column":20},"end":{"line":441,"column":21}},"loc":{"start":{"line":441,"column":40},"end":{"line":479,"column":1}},"line":441},"7":{"name":"(anonymous_7)","decl":{"start":{"line":481,"column":19},"end":{"line":481,"column":20}},"loc":{"start":{"line":481,"column":39},"end":{"line":550,"column":1}},"line":481}},"branchMap":{"0":{"loc":{"start":{"line":60,"column":4},"end":{"line":69,"column":5}},"type":"if","locations":[{"start":{"line":60,"column":4},"end":{"line":69,"column":5}},{"start":{"line":60,"column":4},"end":{"line":69,"column":5}}],"line":60},"1":{"loc":{"start":{"line":66,"column":13},"end":{"line":66,"column":35}},"type":"binary-expr","locations":[{"start":{"line":66,"column":13},"end":{"line":66,"column":18}},{"start":{"line":66,"column":22},"end":{"line":66,"column":35}}],"line":66},"2":{"loc":{"start":{"line":131,"column":4},"end":{"line":141,"column":5}},"type":"if","locations":[{"start":{"line":131,"column":4},"end":{"line":141,"column":5}},{"start":{"line":131,"column":4},"end":{"line":141,"column":5}}],"line":131},"3":{"loc":{"start":{"line":138,"column":13},"end":{"line":138,"column":35}},"type":"binary-expr","locations":[{"start":{"line":138,"column":13},"end":{"line":138,"column":18}},{"start":{"line":138,"column":22},"end":{"line":138,"column":35}}],"line":138},"4":{"loc":{"start":{"line":142,"column":17},"end":{"line":142,"column":52}},"type":"cond-expr","locations":[{"start":{"line":142,"column":34},"end":{"line":142,"column":48}},{"start":{"line":142,"column":51},"end":{"line":142,"column":52}}],"line":142},"5":{"loc":{"start":{"line":143,"column":18},"end":{"line":143,"column":56}},"type":"cond-expr","locations":[{"start":{"line":143,"column":36},"end":{"line":143,"column":51}},{"start":{"line":143,"column":54},"end":{"line":143,"column":56}}],"line":143},"6":{"loc":{"start":{"line":147,"column":4},"end":{"line":152,"column":5}},"type":"if","locations":[{"start":{"line":147,"column":4},"end":{"line":152,"column":5}},{"start":{"line":147,"column":4},"end":{"line":152,"column":5}}],"line":147},"7":{"loc":{"start":{"line":153,"column":4},"end":{"line":158,"column":5}},"type":"if","locations":[{"start":{"line":153,"column":4},"end":{"line":158,"column":5}},{"start":{"line":153,"column":4},"end":{"line":158,"column":5}}],"line":153},"8":{"loc":{"start":{"line":276,"column":4},"end":{"line":285,"column":5}},"type":"if","locations":[{"start":{"line":276,"column":4},"end":{"line":285,"column":5}},{"start":{"line":276,"column":4},"end":{"line":285,"column":5}}],"line":276},"9":{"loc":{"start":{"line":282,"column":13},"end":{"line":282,"column":35}},"type":"binary-expr","locations":[{"start":{"line":282,"column":13},"end":{"line":282,"column":18}},{"start":{"line":282,"column":22},"end":{"line":282,"column":35}}],"line":282},"10":{"loc":{"start":{"line":349,"column":4},"end":{"line":375,"column":5}},"type":"if","locations":[{"start":{"line":349,"column":4},"end":{"line":375,"column":5}},{"start":{"line":349,"column":4},"end":{"line":375,"column":5}}],"line":349}},"s":{"0":0,"1":0,"2":0,"3":0,"4":0,"5":0,"6":0,"7":0,"8":0,"9":0,"10":0,"11":0,"12":0,"13":0,"14":0,"15":0,"16":0,"17":0,"18":0,"19":0,"20":0,"21":0,"22":0,"23":0,"24":0,"25":0,"26":0,"27":0,"28":0,"29":0,"30":0,"31":0,"32":0,"33":0,"34":0,"35":0,"36":0,"37":0,"38":0,"39":0,"40":0,"41":0,"42":0,"43":0,"44":0,"45":0,"46":0,"47":0,"48":0,"49":0,"50":0,"51":0,"52":0,"53":0,"54":0,"55":0,"56":0,"57":0,"58":0,"59":0,"60":0,"61":0,"62":0,"63":0,"64":0,"65":0,"66":0,"67":0,"68":0,"69":0,"70":0,"71":0,"72":0,"73":0,"74":0,"75":0,"76":0,"77":0,"78":0,"79":0,"80":0,"81":0,"82":0,"83":0,"84":0,"85":0,"86":0,"87":0,"88":0,"89":0,"90":0,"91":0,"92":0,"93":0,"94":0,"95":0,"96":0,"97":0,"98":0,"99":0,"100":0,"101":0,"102":0,"103":0,"104":0,"105":0,"106":0,"107":0,"108":0,"109":0,"110":0,"111":0,"112":0,"113":0,"114":0,"115":0,"116":0,"117":0,"118":0,"119":0,"120":0,"121":0,"122":0,"123":0,"124":0,"125":0,"126":0,"127":0},"f":{"0":0,"1":0,"2":0,"3":0,"4":0,"5":0,"6":0,"7":0},"b":{"0":[0,0],"1":[0,0],"2":[0,0],"3":[0,0],"4":[0,0],"5":[0,0],"6":[0,0],"7":[0,0],"8":[0,0],"9":[0,0],"10":[0,0]},"all":true},"/home/yusuf/Desktop/vb-erp-backend/src/controllers/projectEmployeeController.js":{"path":"/home/yusuf/Desktop/vb-erp-backend/src/controllers/projectEmployeeController.js","statementMap":{"0":{"start":{"line":1,"column":17},"end":{"line":1,"column":39}},"1":{"start":{"line":2,"column":29},"end":{"line":2,"column":70}},"2":{"start":{"line":8,"column":4},"end":{"line":8,"column":34}},"3":{"start":{"line":10,"column":34},"end":{"line":10,"column":76}},"4":{"start":{"line":11,"column":45},"end":{"line":11,"column":73}},"5":{"start":{"line":14,"column":26},"end":{"line":27,"column":1}},"6":{"start":{"line":15,"column":2},"end":{"line":26,"column":3}},"7":{"start":{"line":17,"column":37},"end":{"line":17,"column":45}},"8":{"start":{"line":18,"column":30},"end":{"line":21,"column":7}},"9":{"start":{"line":18,"column":63},"end":{"line":21,"column":5}},"10":{"start":{"line":22,"column":4},"end":{"line":22,"column":74}},"11":{"start":{"line":23,"column":4},"end":{"line":23,"column":37}},"12":{"start":{"line":25,"column":4},"end":{"line":25,"column":32}},"13":{"start":{"line":29,"column":25},"end":{"line":43,"column":1}},"14":{"start":{"line":30,"column":2},"end":{"line":42,"column":3}},"15":{"start":{"line":32,"column":37},"end":{"line":32,"column":45}},"16":{"start":{"line":33,"column":25},"end":{"line":33,"column":78}},"17":{"start":{"line":33,"column":60},"end":{"line":33,"column":77}},"18":{"start":{"line":34,"column":30},"end":{"line":37,"column":7}},"19":{"start":{"line":34,"column":66},"end":{"line":37,"column":5}},"20":{"start":{"line":38,"column":4},"end":{"line":38,"column":74}},"21":{"start":{"line":39,"column":4},"end":{"line":39,"column":37}},"22":{"start":{"line":41,"column":4},"end":{"line":41,"column":32}},"23":{"start":{"line":65,"column":25},"end":{"line":74,"column":1}},"24":{"start":{"line":66,"column":2},"end":{"line":73,"column":3}},"25":{"start":{"line":67,"column":27},"end":{"line":69,"column":5}},"26":{"start":{"line":70,"column":4},"end":{"line":70,"column":41}},"27":{"start":{"line":72,"column":4},"end":{"line":72,"column":32}},"28":{"start":{"line":77,"column":23},"end":{"line":95,"column":1}},"29":{"start":{"line":78,"column":16},"end":{"line":78,"column":45}},"30":{"start":{"line":79,"column":2},"end":{"line":79,"column":20}},"31":{"start":{"line":80,"column":2},"end":{"line":94,"column":3}},"32":{"start":{"line":81,"column":27},"end":{"line":87,"column":7}},"33":{"start":{"line":88,"column":6},"end":{"line":88,"column":33}},"34":{"start":{"line":89,"column":25},"end":{"line":89,"column":74}},"35":{"start":{"line":91,"column":4},"end":{"line":91,"column":39}},"36":{"start":{"line":93,"column":4},"end":{"line":93,"column":32}},"37":{"start":{"line":97,"column":30},"end":{"line":114,"column":1}},"38":{"start":{"line":98,"column":16},"end":{"line":98,"column":45}},"39":{"start":{"line":100,"column":2},"end":{"line":113,"column":3}},"40":{"start":{"line":101,"column":27},"end":{"line":107,"column":7}},"41":{"start":{"line":108,"column":25},"end":{"line":108,"column":70}},"42":{"start":{"line":110,"column":4},"end":{"line":110,"column":39}},"43":{"start":{"line":112,"column":4},"end":{"line":112,"column":32}},"44":{"start":{"line":116,"column":34},"end":{"line":134,"column":1}},"45":{"start":{"line":117,"column":14},"end":{"line":117,"column":16}},"46":{"start":{"line":118,"column":2},"end":{"line":120,"column":3}},"47":{"start":{"line":119,"column":4},"end":{"line":119,"column":28}},"48":{"start":{"line":121,"column":2},"end":{"line":133,"column":3}},"49":{"start":{"line":122,"column":27},"end":{"line":128,"column":7}},"50":{"start":{"line":129,"column":28},"end":{"line":129,"column":79}},"51":{"start":{"line":130,"column":4},"end":{"line":130,"column":42}},"52":{"start":{"line":132,"column":4},"end":{"line":132,"column":32}},"53":{"start":{"line":136,"column":0},"end":{"line":143,"column":2}}},"fnMap":{"0":{"name":"(anonymous_0)","decl":{"start":{"line":14,"column":26},"end":{"line":14,"column":27}},"loc":{"start":{"line":14,"column":46},"end":{"line":27,"column":1}},"line":14},"1":{"name":"(anonymous_1)","decl":{"start":{"line":18,"column":44},"end":{"line":18,"column":45}},"loc":{"start":{"line":18,"column":63},"end":{"line":21,"column":5}},"line":18},"2":{"name":"(anonymous_2)","decl":{"start":{"line":29,"column":25},"end":{"line":29,"column":26}},"loc":{"start":{"line":29,"column":45},"end":{"line":43,"column":1}},"line":29},"3":{"name":"(anonymous_3)","decl":{"start":{"line":33,"column":42},"end":{"line":33,"column":43}},"loc":{"start":{"line":33,"column":60},"end":{"line":33,"column":77}},"line":33},"4":{"name":"(anonymous_4)","decl":{"start":{"line":34,"column":47},"end":{"line":34,"column":48}},"loc":{"start":{"line":34,"column":66},"end":{"line":37,"column":5}},"line":34},"5":{"name":"(anonymous_5)","decl":{"start":{"line":65,"column":25},"end":{"line":65,"column":26}},"loc":{"start":{"line":65,"column":45},"end":{"line":74,"column":1}},"line":65},"6":{"name":"(anonymous_6)","decl":{"start":{"line":77,"column":23},"end":{"line":77,"column":24}},"loc":{"start":{"line":77,"column":43},"end":{"line":95,"column":1}},"line":77},"7":{"name":"(anonymous_7)","decl":{"start":{"line":97,"column":30},"end":{"line":97,"column":31}},"loc":{"start":{"line":97,"column":50},"end":{"line":114,"column":1}},"line":97},"8":{"name":"(anonymous_8)","decl":{"start":{"line":116,"column":34},"end":{"line":116,"column":35}},"loc":{"start":{"line":116,"column":54},"end":{"line":134,"column":1}},"line":116}},"branchMap":{"0":{"loc":{"start":{"line":118,"column":2},"end":{"line":120,"column":3}},"type":"if","locations":[{"start":{"line":118,"column":2},"end":{"line":120,"column":3}},{"start":{"line":118,"column":2},"end":{"line":120,"column":3}}],"line":118}},"s":{"0":0,"1":0,"2":0,"3":0,"4":0,"5":0,"6":0,"7":0,"8":0,"9":0,"10":0,"11":0,"12":0,"13":0,"14":0,"15":0,"16":0,"17":0,"18":0,"19":0,"20":0,"21":0,"22":0,"23":0,"24":0,"25":0,"26":0,"27":0,"28":0,"29":0,"30":0,"31":0,"32":0,"33":0,"34":0,"35":0,"36":0,"37":0,"38":0,"39":0,"40":0,"41":0,"42":0,"43":0,"44":0,"45":0,"46":0,"47":0,"48":0,"49":0,"50":0,"51":0,"52":0,"53":0},"f":{"0":0,"1":0,"2":0,"3":0,"4":0,"5":0,"6":0,"7":0,"8":0},"b":{"0":[0,0]},"all":true},"/home/yusuf/Desktop/vb-erp-backend/src/controllers/rewardController.js":{"path":"/home/yusuf/Desktop/vb-erp-backend/src/controllers/rewardController.js","statementMap":{"0":{"start":{"line":1,"column":21},"end":{"line":1,"column":48}},"1":{"start":{"line":2,"column":25},"end":{"line":2,"column":58}},"2":{"start":{"line":3,"column":27},"end":{"line":3,"column":55}},"3":{"start":{"line":5,"column":19},"end":{"line":13,"column":1}},"4":{"start":{"line":7,"column":2},"end":{"line":12,"column":3}},"5":{"start":{"line":8,"column":4},"end":{"line":8,"column":42}},"6":{"start":{"line":9,"column":4},"end":{"line":9,"column":34}},"7":{"start":{"line":11,"column":4},"end":{"line":11,"column":32}},"8":{"start":{"line":15,"column":22},"end":{"line":33,"column":1}},"9":{"start":{"line":16,"column":2},"end":{"line":32,"column":3}},"10":{"start":{"line":17,"column":22},"end":{"line":17,"column":53}},"11":{"start":{"line":18,"column":4},"end":{"line":27,"column":5}},"12":{"start":{"line":19,"column":6},"end":{"line":19,"column":17}},"13":{"start":{"line":20,"column":6},"end":{"line":20,"column":39}},"14":{"start":{"line":21,"column":22},"end":{"line":25,"column":8}},"15":{"start":{"line":26,"column":6},"end":{"line":26,"column":44}},"16":{"start":{"line":28,"column":20},"end":{"line":28,"column":59}},"17":{"start":{"line":29,"column":4},"end":{"line":29,"column":34}},"18":{"start":{"line":31,"column":4},"end":{"line":31,"column":32}},"19":{"start":{"line":35,"column":0},"end":{"line":35,"column":47}}},"fnMap":{"0":{"name":"(anonymous_0)","decl":{"start":{"line":5,"column":19},"end":{"line":5,"column":20}},"loc":{"start":{"line":5,"column":39},"end":{"line":13,"column":1}},"line":5},"1":{"name":"(anonymous_1)","decl":{"start":{"line":15,"column":22},"end":{"line":15,"column":23}},"loc":{"start":{"line":15,"column":42},"end":{"line":33,"column":1}},"line":15}},"branchMap":{"0":{"loc":{"start":{"line":18,"column":4},"end":{"line":27,"column":5}},"type":"if","locations":[{"start":{"line":18,"column":4},"end":{"line":27,"column":5}},{"start":{"line":18,"column":4},"end":{"line":27,"column":5}}],"line":18},"1":{"loc":{"start":{"line":24,"column":13},"end":{"line":24,"column":35}},"type":"binary-expr","locations":[{"start":{"line":24,"column":13},"end":{"line":24,"column":18}},{"start":{"line":24,"column":22},"end":{"line":24,"column":35}}],"line":24}},"s":{"0":0,"1":0,"2":0,"3":0,"4":0,"5":0,"6":0,"7":0,"8":0,"9":0,"10":0,"11":0,"12":0,"13":0,"14":0,"15":0,"16":0,"17":0,"18":0,"19":0},"f":{"0":0,"1":0},"b":{"0":[0,0],"1":[0,0]},"all":true},"/home/yusuf/Desktop/vb-erp-backend/src/controllers/userController.js":{"path":"/home/yusuf/Desktop/vb-erp-backend/src/controllers/userController.js","statementMap":{"0":{"start":{"line":1,"column":12},"end":{"line":1,"column":26}},"1":{"start":{"line":2,"column":17},"end":{"line":2,"column":36}},"2":{"start":{"line":3,"column":15},"end":{"line":3,"column":32}},"3":{"start":{"line":4,"column":12},"end":{"line":4,"column":35}},"4":{"start":{"line":5,"column":39},"end":{"line":5,"column":70}},"5":{"start":{"line":6,"column":45},"end":{"line":6,"column":73}},"6":{"start":{"line":8,"column":18},"end":{"line":8,"column":43}},"7":{"start":{"line":10,"column":20},"end":{"line":78,"column":1}},"8":{"start":{"line":47,"column":23},"end":{"line":47,"column":49}},"9":{"start":{"line":49,"column":15},"end":{"line":49,"column":50}},"10":{"start":{"line":50,"column":16},"end":{"line":50,"column":54}},"11":{"start":{"line":51,"column":2},"end":{"line":53,"column":3}},"12":{"start":{"line":52,"column":4},"end":{"line":52,"column":72}},"13":{"start":{"line":54,"column":2},"end":{"line":56,"column":3}},"14":{"start":{"line":55,"column":4},"end":{"line":55,"column":58}},"15":{"start":{"line":57,"column":2},"end":{"line":59,"column":3}},"16":{"start":{"line":58,"column":4},"end":{"line":58,"column":50}},"17":{"start":{"line":60,"column":2},"end":{"line":77,"column":3}},"18":{"start":{"line":61,"column":4},"end":{"line":61,"column":15}},"19":{"start":{"line":62,"column":18},"end":{"line":64,"column":6}},"20":{"start":{"line":65,"column":17},"end":{"line":65,"column":63}},"21":{"start":{"line":66,"column":20},"end":{"line":66,"column":50}},"22":{"start":{"line":67,"column":4},"end":{"line":67,"column":42}},"23":{"start":{"line":69,"column":4},"end":{"line":69,"column":15}},"24":{"start":{"line":70,"column":4},"end":{"line":70,"column":38}},"25":{"start":{"line":71,"column":20},"end":{"line":75,"column":6}},"26":{"start":{"line":76,"column":4},"end":{"line":76,"column":42}},"27":{"start":{"line":80,"column":22},"end":{"line":117,"column":1}},"28":{"start":{"line":101,"column":14},"end":{"line":101,"column":27}},"29":{"start":{"line":102,"column":2},"end":{"line":116,"column":3}},"30":{"start":{"line":103,"column":4},"end":{"line":103,"column":15}},"31":{"start":{"line":104,"column":17},"end":{"line":104,"column":50}},"32":{"start":{"line":105,"column":20},"end":{"line":105,"column":50}},"33":{"start":{"line":106,"column":4},"end":{"line":106,"column":42}},"34":{"start":{"line":108,"column":4},"end":{"line":108,"column":15}},"35":{"start":{"line":109,"column":4},"end":{"line":109,"column":38}},"36":{"start":{"line":110,"column":20},"end":{"line":114,"column":6}},"37":{"start":{"line":115,"column":4},"end":{"line":115,"column":42}},"38":{"start":{"line":119,"column":16},"end":{"line":178,"column":1}},"39":{"start":{"line":148,"column":20},"end":{"line":148,"column":52}},"40":{"start":{"line":149,"column":2},"end":{"line":158,"column":3}},"41":{"start":{"line":150,"column":4},"end":{"line":150,"column":15}},"42":{"start":{"line":151,"column":4},"end":{"line":151,"column":37}},"43":{"start":{"line":152,"column":20},"end":{"line":156,"column":6}},"44":{"start":{"line":157,"column":4},"end":{"line":157,"column":42}},"45":{"start":{"line":159,"column":2},"end":{"line":177,"column":3}},"46":{"start":{"line":160,"column":4},"end":{"line":160,"column":15}},"47":{"start":{"line":161,"column":17},"end":{"line":161,"column":40}},"48":{"start":{"line":162,"column":4},"end":{"line":162,"column":22}},"49":{"start":{"line":163,"column":20},"end":{"line":166,"column":6}},"50":{"start":{"line":167,"column":4},"end":{"line":167,"column":42}},"51":{"start":{"line":169,"column":4},"end":{"line":169,"column":15}},"52":{"start":{"line":170,"column":4},"end":{"line":170,"column":38}},"53":{"start":{"line":171,"column":20},"end":{"line":175,"column":6}},"54":{"start":{"line":176,"column":4},"end":{"line":176,"column":42}},"55":{"start":{"line":180,"column":19},"end":{"line":235,"column":1}},"56":{"start":{"line":209,"column":14},"end":{"line":209,"column":27}},"57":{"start":{"line":210,"column":2},"end":{"line":234,"column":3}},"58":{"start":{"line":211,"column":4},"end":{"line":211,"column":15}},"59":{"start":{"line":212,"column":4},"end":{"line":212,"column":43}},"60":{"start":{"line":213,"column":17},"end":{"line":217,"column":5}},"61":{"start":{"line":218,"column":4},"end":{"line":218,"column":22}},"62":{"start":{"line":219,"column":20},"end":{"line":223,"column":6}},"63":{"start":{"line":224,"column":4},"end":{"line":224,"column":42}},"64":{"start":{"line":226,"column":4},"end":{"line":226,"column":15}},"65":{"start":{"line":227,"column":4},"end":{"line":227,"column":38}},"66":{"start":{"line":228,"column":20},"end":{"line":232,"column":6}},"67":{"start":{"line":233,"column":4},"end":{"line":233,"column":42}},"68":{"start":{"line":237,"column":19},"end":{"line":286,"column":1}},"69":{"start":{"line":258,"column":14},"end":{"line":258,"column":27}},"70":{"start":{"line":259,"column":18},"end":{"line":259,"column":54}},"71":{"start":{"line":260,"column":2},"end":{"line":265,"column":3}},"72":{"start":{"line":261,"column":4},"end":{"line":261,"column":15}},"73":{"start":{"line":262,"column":4},"end":{"line":262,"column":36}},"74":{"start":{"line":263,"column":20},"end":{"line":263,"column":53}},"75":{"start":{"line":264,"column":4},"end":{"line":264,"column":42}},"76":{"start":{"line":266,"column":2},"end":{"line":285,"column":3}},"77":{"start":{"line":267,"column":4},"end":{"line":267,"column":15}},"78":{"start":{"line":268,"column":17},"end":{"line":268,"column":59}},"79":{"start":{"line":269,"column":4},"end":{"line":269,"column":43}},"80":{"start":{"line":270,"column":20},"end":{"line":274,"column":6}},"81":{"start":{"line":275,"column":4},"end":{"line":275,"column":42}},"82":{"start":{"line":277,"column":4},"end":{"line":277,"column":15}},"83":{"start":{"line":278,"column":4},"end":{"line":278,"column":38}},"84":{"start":{"line":279,"column":20},"end":{"line":283,"column":6}},"85":{"start":{"line":284,"column":4},"end":{"line":284,"column":42}},"86":{"start":{"line":287,"column":13},"end":{"line":382,"column":1}},"87":{"start":{"line":313,"column":2},"end":{"line":313,"column":23}},"88":{"start":{"line":314,"column":20},"end":{"line":314,"column":50}},"89":{"start":{"line":316,"column":2},"end":{"line":325,"column":3}},"90":{"start":{"line":317,"column":4},"end":{"line":317,"column":15}},"91":{"start":{"line":318,"column":4},"end":{"line":318,"column":37}},"92":{"start":{"line":319,"column":20},"end":{"line":323,"column":6}},"93":{"start":{"line":324,"column":4},"end":{"line":324,"column":42}},"94":{"start":{"line":327,"column":2},"end":{"line":381,"column":3}},"95":{"start":{"line":328,"column":4},"end":{"line":328,"column":15}},"96":{"start":{"line":329,"column":20},"end":{"line":329,"column":35}},"97":{"start":{"line":330,"column":20},"end":{"line":333,"column":5}},"98":{"start":{"line":334,"column":19},"end":{"line":334,"column":41}},"99":{"start":{"line":335,"column":18},"end":{"line":335,"column":52}},"100":{"start":{"line":336,"column":20},"end":{"line":336,"column":42}},"101":{"start":{"line":337,"column":17},"end":{"line":337,"column":74}},"102":{"start":{"line":338,"column":24},"end":{"line":338,"column":64}},"103":{"start":{"line":339,"column":4},"end":{"line":369,"column":5}},"104":{"start":{"line":340,"column":6},"end":{"line":340,"column":17}},"105":{"start":{"line":341,"column":6},"end":{"line":341,"column":39}},"106":{"start":{"line":342,"column":22},"end":{"line":345,"column":8}},"107":{"start":{"line":346,"column":6},"end":{"line":346,"column":44}},"108":{"start":{"line":348,"column":24},"end":{"line":348,"column":74}},"109":{"start":{"line":349,"column":32},"end":{"line":352,"column":7}},"110":{"start":{"line":353,"column":6},"end":{"line":368,"column":7}},"111":{"start":{"line":354,"column":8},"end":{"line":354,"column":19}},"112":{"start":{"line":355,"column":8},"end":{"line":359,"column":10}},"113":{"start":{"line":360,"column":8},"end":{"line":360,"column":26}},"114":{"start":{"line":362,"column":8},"end":{"line":362,"column":19}},"115":{"start":{"line":363,"column":8},"end":{"line":363,"column":41}},"116":{"start":{"line":364,"column":8},"end":{"line":367,"column":11}},"117":{"start":{"line":370,"column":20},"end":{"line":370,"column":50}},"118":{"start":{"line":371,"column":4},"end":{"line":371,"column":42}},"119":{"start":{"line":373,"column":4},"end":{"line":373,"column":15}},"120":{"start":{"line":374,"column":4},"end":{"line":374,"column":38}},"121":{"start":{"line":375,"column":20},"end":{"line":379,"column":6}},"122":{"start":{"line":380,"column":4},"end":{"line":380,"column":42}},"123":{"start":{"line":383,"column":19},"end":{"line":422,"column":1}},"124":{"start":{"line":404,"column":31},"end":{"line":404,"column":70}},"125":{"start":{"line":405,"column":2},"end":{"line":421,"column":3}},"126":{"start":{"line":406,"column":4},"end":{"line":406,"column":15}},"127":{"start":{"line":407,"column":17},"end":{"line":409,"column":13}},"128":{"start":{"line":410,"column":20},"end":{"line":410,"column":56}},"129":{"start":{"line":411,"column":4},"end":{"line":411,"column":42}},"130":{"start":{"line":413,"column":4},"end":{"line":413,"column":15}},"131":{"start":{"line":414,"column":4},"end":{"line":414,"column":38}},"132":{"start":{"line":415,"column":20},"end":{"line":419,"column":6}},"133":{"start":{"line":420,"column":4},"end":{"line":420,"column":42}},"134":{"start":{"line":423,"column":0},"end":{"line":431,"column":2}}},"fnMap":{"0":{"name":"(anonymous_0)","decl":{"start":{"line":10,"column":20},"end":{"line":10,"column":21}},"loc":{"start":{"line":10,"column":40},"end":{"line":78,"column":1}},"line":10},"1":{"name":"(anonymous_1)","decl":{"start":{"line":80,"column":22},"end":{"line":80,"column":23}},"loc":{"start":{"line":80,"column":42},"end":{"line":117,"column":1}},"line":80},"2":{"name":"(anonymous_2)","decl":{"start":{"line":119,"column":16},"end":{"line":119,"column":17}},"loc":{"start":{"line":119,"column":36},"end":{"line":178,"column":1}},"line":119},"3":{"name":"(anonymous_3)","decl":{"start":{"line":180,"column":19},"end":{"line":180,"column":20}},"loc":{"start":{"line":180,"column":39},"end":{"line":235,"column":1}},"line":180},"4":{"name":"(anonymous_4)","decl":{"start":{"line":237,"column":19},"end":{"line":237,"column":20}},"loc":{"start":{"line":237,"column":39},"end":{"line":286,"column":1}},"line":237},"5":{"name":"(anonymous_5)","decl":{"start":{"line":287,"column":13},"end":{"line":287,"column":14}},"loc":{"start":{"line":287,"column":33},"end":{"line":382,"column":1}},"line":287},"6":{"name":"(anonymous_6)","decl":{"start":{"line":383,"column":19},"end":{"line":383,"column":20}},"loc":{"start":{"line":383,"column":39},"end":{"line":422,"column":1}},"line":383}},"branchMap":{"0":{"loc":{"start":{"line":49,"column":15},"end":{"line":49,"column":50}},"type":"cond-expr","locations":[{"start":{"line":49,"column":32},"end":{"line":49,"column":46}},{"start":{"line":49,"column":49},"end":{"line":49,"column":50}}],"line":49},"1":{"loc":{"start":{"line":50,"column":16},"end":{"line":50,"column":54}},"type":"cond-expr","locations":[{"start":{"line":50,"column":34},"end":{"line":50,"column":49}},{"start":{"line":50,"column":52},"end":{"line":50,"column":54}}],"line":50},"2":{"loc":{"start":{"line":51,"column":2},"end":{"line":53,"column":3}},"type":"if","locations":[{"start":{"line":51,"column":2},"end":{"line":53,"column":3}},{"start":{"line":51,"column":2},"end":{"line":53,"column":3}}],"line":51},"3":{"loc":{"start":{"line":54,"column":2},"end":{"line":56,"column":3}},"type":"if","locations":[{"start":{"line":54,"column":2},"end":{"line":56,"column":3}},{"start":{"line":54,"column":2},"end":{"line":56,"column":3}}],"line":54},"4":{"loc":{"start":{"line":57,"column":2},"end":{"line":59,"column":3}},"type":"if","locations":[{"start":{"line":57,"column":2},"end":{"line":59,"column":3}},{"start":{"line":57,"column":2},"end":{"line":59,"column":3}}],"line":57},"5":{"loc":{"start":{"line":149,"column":2},"end":{"line":158,"column":3}},"type":"if","locations":[{"start":{"line":149,"column":2},"end":{"line":158,"column":3}},{"start":{"line":149,"column":2},"end":{"line":158,"column":3}}],"line":149},"6":{"loc":{"start":{"line":155,"column":11},"end":{"line":155,"column":33}},"type":"binary-expr","locations":[{"start":{"line":155,"column":11},"end":{"line":155,"column":16}},{"start":{"line":155,"column":20},"end":{"line":155,"column":33}}],"line":155},"7":{"loc":{"start":{"line":260,"column":2},"end":{"line":265,"column":3}},"type":"if","locations":[{"start":{"line":260,"column":2},"end":{"line":265,"column":3}},{"start":{"line":260,"column":2},"end":{"line":265,"column":3}}],"line":260},"8":{"loc":{"start":{"line":316,"column":2},"end":{"line":325,"column":3}},"type":"if","locations":[{"start":{"line":316,"column":2},"end":{"line":325,"column":3}},{"start":{"line":316,"column":2},"end":{"line":325,"column":3}}],"line":316},"9":{"loc":{"start":{"line":322,"column":11},"end":{"line":322,"column":33}},"type":"binary-expr","locations":[{"start":{"line":322,"column":11},"end":{"line":322,"column":16}},{"start":{"line":322,"column":20},"end":{"line":322,"column":33}}],"line":322},"10":{"loc":{"start":{"line":339,"column":4},"end":{"line":369,"column":5}},"type":"if","locations":[{"start":{"line":339,"column":4},"end":{"line":369,"column":5}},{"start":{"line":339,"column":4},"end":{"line":369,"column":5}}],"line":339},"11":{"loc":{"start":{"line":353,"column":6},"end":{"line":368,"column":7}},"type":"if","locations":[{"start":{"line":353,"column":6},"end":{"line":368,"column":7}},{"start":{"line":353,"column":6},"end":{"line":368,"column":7}}],"line":353}},"s":{"0":0,"1":0,"2":0,"3":0,"4":0,"5":0,"6":0,"7":0,"8":0,"9":0,"10":0,"11":0,"12":0,"13":0,"14":0,"15":0,"16":0,"17":0,"18":0,"19":0,"20":0,"21":0,"22":0,"23":0,"24":0,"25":0,"26":0,"27":0,"28":0,"29":0,"30":0,"31":0,"32":0,"33":0,"34":0,"35":0,"36":0,"37":0,"38":0,"39":0,"40":0,"41":0,"42":0,"43":0,"44":0,"45":0,"46":0,"47":0,"48":0,"49":0,"50":0,"51":0,"52":0,"53":0,"54":0,"55":0,"56":0,"57":0,"58":0,"59":0,"60":0,"61":0,"62":0,"63":0,"64":0,"65":0,"66":0,"67":0,"68":0,"69":0,"70":0,"71":0,"72":0,"73":0,"74":0,"75":0,"76":0,"77":0,"78":0,"79":0,"80":0,"81":0,"82":0,"83":0,"84":0,"85":0,"86":0,"87":0,"88":0,"89":0,"90":0,"91":0,"92":0,"93":0,"94":0,"95":0,"96":0,"97":0,"98":0,"99":0,"100":0,"101":0,"102":0,"103":0,"104":0,"105":0,"106":0,"107":0,"108":0,"109":0,"110":0,"111":0,"112":0,"113":0,"114":0,"115":0,"116":0,"117":0,"118":0,"119":0,"120":0,"121":0,"122":0,"123":0,"124":0,"125":0,"126":0,"127":0,"128":0,"129":0,"130":0,"131":0,"132":0,"133":0,"134":0},"f":{"0":0,"1":0,"2":0,"3":0,"4":0,"5":0,"6":0},"b":{"0":[0,0],"1":[0,0],"2":[0,0],"3":[0,0],"4":[0,0],"5":[0,0],"6":[0,0],"7":[0,0],"8":[0,0],"9":[0,0],"10":[0,0],"11":[0,0]},"all":true},"/home/yusuf/Desktop/vb-erp-backend/src/middleware/auth.js":{"path":"/home/yusuf/Desktop/vb-erp-backend/src/middleware/auth.js","statementMap":{"0":{"start":{"line":1,"column":12},"end":{"line":1,"column":35}},"1":{"start":{"line":3,"column":27},"end":{"line":3,"column":55}},"2":{"start":{"line":5,"column":21},"end":{"line":48,"column":1}},"3":{"start":{"line":7,"column":31},"end":{"line":7,"column":56}},"4":{"start":{"line":9,"column":2},"end":{"line":47,"column":3}},"5":{"start":{"line":10,"column":19},"end":{"line":10,"column":41}},"6":{"start":{"line":11,"column":18},"end":{"line":11,"column":57}},"7":{"start":{"line":12,"column":20},"end":{"line":15,"column":5}},"8":{"start":{"line":16,"column":4},"end":{"line":41,"column":5}},"9":{"start":{"line":17,"column":6},"end":{"line":31,"column":9}},"10":{"start":{"line":18,"column":8},"end":{"line":27,"column":9}},"11":{"start":{"line":19,"column":10},"end":{"line":19,"column":21}},"12":{"start":{"line":20,"column":10},"end":{"line":20,"column":32}},"13":{"start":{"line":21,"column":26},"end":{"line":25,"column":12}},"14":{"start":{"line":26,"column":10},"end":{"line":26,"column":48}},"15":{"start":{"line":28,"column":8},"end":{"line":28,"column":68}},"16":{"start":{"line":29,"column":8},"end":{"line":29,"column":29}},"17":{"start":{"line":30,"column":8},"end":{"line":30,"column":15}},"18":{"start":{"line":33,"column":6},"end":{"line":33,"column":17}},"19":{"start":{"line":34,"column":6},"end":{"line":34,"column":32}},"20":{"start":{"line":35,"column":22},"end":{"line":39,"column":8}},"21":{"start":{"line":40,"column":6},"end":{"line":40,"column":44}},"22":{"start":{"line":43,"column":4},"end":{"line":43,"column":15}},"23":{"start":{"line":44,"column":4},"end":{"line":44,"column":54}},"24":{"start":{"line":45,"column":20},"end":{"line":45,"column":53}},"25":{"start":{"line":46,"column":4},"end":{"line":46,"column":42}},"26":{"start":{"line":49,"column":0},"end":{"line":49,"column":34}}},"fnMap":{"0":{"name":"(anonymous_0)","decl":{"start":{"line":5,"column":21},"end":{"line":5,"column":22}},"loc":{"start":{"line":5,"column":47},"end":{"line":48,"column":1}},"line":5},"1":{"name":"(anonymous_1)","decl":{"start":{"line":17,"column":32},"end":{"line":17,"column":33}},"loc":{"start":{"line":17,"column":56},"end":{"line":31,"column":7}},"line":17}},"branchMap":{"0":{"loc":{"start":{"line":9,"column":2},"end":{"line":47,"column":3}},"type":"if","locations":[{"start":{"line":9,"column":2},"end":{"line":47,"column":3}},{"start":{"line":9,"column":2},"end":{"line":47,"column":3}}],"line":9},"1":{"loc":{"start":{"line":18,"column":8},"end":{"line":27,"column":9}},"type":"if","locations":[{"start":{"line":18,"column":8},"end":{"line":27,"column":9}},{"start":{"line":18,"column":8},"end":{"line":27,"column":9}}],"line":18}},"s":{"0":0,"1":0,"2":0,"3":0,"4":0,"5":0,"6":0,"7":0,"8":0,"9":0,"10":0,"11":0,"12":0,"13":0,"14":0,"15":0,"16":0,"17":0,"18":0,"19":0,"20":0,"21":0,"22":0,"23":0,"24":0,"25":0,"26":0},"f":{"0":0,"1":0},"b":{"0":[0,0],"1":[0,0]},"all":true},"/home/yusuf/Desktop/vb-erp-backend/src/middleware/POMailNotification.js":{"path":"/home/yusuf/Desktop/vb-erp-backend/src/middleware/POMailNotification.js","statementMap":{"0":{"start":{"line":1,"column":19},"end":{"line":1,"column":40}},"1":{"start":{"line":2,"column":0},"end":{"line":2,"column":27}},"2":{"start":{"line":4,"column":20},"end":{"line":27,"column":1}},"3":{"start":{"line":5,"column":22},"end":{"line":11,"column":4}},"4":{"start":{"line":13,"column":22},"end":{"line":18,"column":3}},"5":{"start":{"line":20,"column":2},"end":{"line":26,"column":5}},"6":{"start":{"line":21,"column":4},"end":{"line":25,"column":5}},"7":{"start":{"line":22,"column":6},"end":{"line":22,"column":19}},"8":{"start":{"line":24,"column":6},"end":{"line":24,"column":27}},"9":{"start":{"line":29,"column":0},"end":{"line":29,"column":33}}},"fnMap":{"0":{"name":"(anonymous_0)","decl":{"start":{"line":4,"column":20},"end":{"line":4,"column":21}},"loc":{"start":{"line":4,"column":33},"end":{"line":27,"column":1}},"line":4},"1":{"name":"(anonymous_1)","decl":{"start":{"line":20,"column":36},"end":{"line":20,"column":37}},"loc":{"start":{"line":20,"column":59},"end":{"line":26,"column":3}},"line":20}},"branchMap":{"0":{"loc":{"start":{"line":21,"column":4},"end":{"line":25,"column":5}},"type":"if","locations":[{"start":{"line":21,"column":4},"end":{"line":25,"column":5}},{"start":{"line":21,"column":4},"end":{"line":25,"column":5}}],"line":21}},"s":{"0":0,"1":0,"2":0,"3":0,"4":0,"5":0,"6":0,"7":0,"8":0,"9":0},"f":{"0":0,"1":0},"b":{"0":[0,0]},"all":true},"/home/yusuf/Desktop/vb-erp-backend/src/models/assignee.js":{"path":"/home/yusuf/Desktop/vb-erp-backend/src/models/assignee.js","statementMap":{"0":{"start":{"line":1,"column":17},"end":{"line":1,"column":36}},"1":{"start":{"line":2,"column":23},"end":{"line":28,"column":2}},"2":{"start":{"line":30,"column":22},"end":{"line":33,"column":1}},"3":{"start":{"line":35,"column":0},"end":{"line":35,"column":31}}},"fnMap":{},"branchMap":{},"s":{"0":0,"1":0,"2":0,"3":0},"f":{},"b":{},"all":true},"/home/yusuf/Desktop/vb-erp-backend/src/models/emailtemplate.js":{"path":"/home/yusuf/Desktop/vb-erp-backend/src/models/emailtemplate.js","statementMap":{"0":{"start":{"line":1,"column":17},"end":{"line":1,"column":36}},"1":{"start":{"line":2,"column":23},"end":{"line":10,"column":1}},"2":{"start":{"line":12,"column":22},"end":{"line":12,"column":64}},"3":{"start":{"line":14,"column":0},"end":{"line":14,"column":31}}},"fnMap":{},"branchMap":{},"s":{"0":0,"1":0,"2":0,"3":0},"f":{},"b":{},"all":true},"/home/yusuf/Desktop/vb-erp-backend/src/models/employeeModel.js":{"path":"/home/yusuf/Desktop/vb-erp-backend/src/models/employeeModel.js","statementMap":{"0":{"start":{"line":1,"column":17},"end":{"line":1,"column":36}},"1":{"start":{"line":2,"column":22},"end":{"line":2,"column":60}},"2":{"start":{"line":3,"column":18},"end":{"line":3,"column":38}},"3":{"start":{"line":4,"column":15},"end":{"line":4,"column":34}},"4":{"start":{"line":6,"column":19},"end":{"line":19,"column":2}},"5":{"start":{"line":21,"column":23},"end":{"line":185,"column":1}},"6":{"start":{"line":187,"column":0},"end":{"line":187,"column":61}},"7":{"start":{"line":190,"column":17},"end":{"line":190,"column":59}},"8":{"start":{"line":192,"column":0},"end":{"line":192,"column":26}}},"fnMap":{},"branchMap":{},"s":{"0":0,"1":0,"2":0,"3":0,"4":0,"5":0,"6":0,"7":0,"8":0},"f":{},"b":{},"all":true},"/home/yusuf/Desktop/vb-erp-backend/src/models/invoicemodel.js":{"path":"/home/yusuf/Desktop/vb-erp-backend/src/models/invoicemodel.js","statementMap":{"0":{"start":{"line":1,"column":17},"end":{"line":1,"column":36}},"1":{"start":{"line":3,"column":22},"end":{"line":37,"column":2}},"2":{"start":{"line":39,"column":16},"end":{"line":39,"column":56}},"3":{"start":{"line":40,"column":0},"end":{"line":40,"column":25}}},"fnMap":{},"branchMap":{},"s":{"0":0,"1":0,"2":0,"3":0},"f":{},"b":{},"all":true},"/home/yusuf/Desktop/vb-erp-backend/src/models/poSow.js":{"path":"/home/yusuf/Desktop/vb-erp-backend/src/models/poSow.js","statementMap":{"0":{"start":{"line":1,"column":17},"end":{"line":1,"column":36}},"1":{"start":{"line":4,"column":28},"end":{"line":75,"column":2}},"2":{"start":{"line":78,"column":27},"end":{"line":81,"column":1}},"3":{"start":{"line":84,"column":0},"end":{"line":84,"column":36}}},"fnMap":{},"branchMap":{},"s":{"0":0,"1":0,"2":0,"3":0},"f":{},"b":{},"all":true},"/home/yusuf/Desktop/vb-erp-backend/src/models/projectEmployeeModel.js":{"path":"/home/yusuf/Desktop/vb-erp-backend/src/models/projectEmployeeModel.js","statementMap":{"0":{"start":{"line":1,"column":17},"end":{"line":1,"column":36}},"1":{"start":{"line":3,"column":27},"end":{"line":27,"column":2}},"2":{"start":{"line":29,"column":0},"end":{"line":29,"column":74}}},"fnMap":{},"branchMap":{},"s":{"0":0,"1":0,"2":0},"f":{},"b":{},"all":true},"/home/yusuf/Desktop/vb-erp-backend/src/models/projectsModel.js":{"path":"/home/yusuf/Desktop/vb-erp-backend/src/models/projectsModel.js","statementMap":{"0":{"start":{"line":1,"column":17},"end":{"line":1,"column":36}},"1":{"start":{"line":3,"column":22},"end":{"line":44,"column":24}},"2":{"start":{"line":46,"column":0},"end":{"line":46,"column":64}}},"fnMap":{},"branchMap":{},"s":{"0":0,"1":0,"2":0},"f":{},"b":{},"all":true},"/home/yusuf/Desktop/vb-erp-backend/src/models/reward.js":{"path":"/home/yusuf/Desktop/vb-erp-backend/src/models/reward.js","statementMap":{"0":{"start":{"line":1,"column":17},"end":{"line":1,"column":36}},"1":{"start":{"line":4,"column":22},"end":{"line":56,"column":1}},"2":{"start":{"line":59,"column":21},"end":{"line":59,"column":61}},"3":{"start":{"line":62,"column":0},"end":{"line":62,"column":30}}},"fnMap":{},"branchMap":{},"s":{"0":0,"1":0,"2":0,"3":0},"f":{},"b":{},"all":true},"/home/yusuf/Desktop/vb-erp-backend/src/models/user.js":{"path":"/home/yusuf/Desktop/vb-erp-backend/src/models/user.js","statementMap":{"0":{"start":{"line":1,"column":17},"end":{"line":1,"column":36}},"1":{"start":{"line":3,"column":19},"end":{"line":38,"column":1}},"2":{"start":{"line":39,"column":0},"end":{"line":57,"column":3}},"3":{"start":{"line":41,"column":24},"end":{"line":41,"column":26}},"4":{"start":{"line":42,"column":19},"end":{"line":50,"column":5}},"5":{"start":{"line":52,"column":4},"end":{"line":54,"column":7}},"6":{"start":{"line":53,"column":6},"end":{"line":53,"column":39}},"7":{"start":{"line":55,"column":4},"end":{"line":55,"column":23}},"8":{"start":{"line":58,"column":18},"end":{"line":58,"column":52}},"9":{"start":{"line":60,"column":0},"end":{"line":60,"column":27}}},"fnMap":{"0":{"name":"(anonymous_0)","decl":{"start":{"line":40,"column":2},"end":{"line":40,"column":3}},"loc":{"start":{"line":40,"column":14},"end":{"line":56,"column":3}},"line":40},"1":{"name":"(anonymous_1)","decl":{"start":{"line":52,"column":19},"end":{"line":52,"column":20}},"loc":{"start":{"line":52,"column":30},"end":{"line":54,"column":5}},"line":52}},"branchMap":{},"s":{"0":0,"1":0,"2":0,"3":0,"4":0,"5":0,"6":0,"7":0,"8":0,"9":0},"f":{"0":0,"1":0},"b":{},"all":true},"/home/yusuf/Desktop/vb-erp-backend/src/routes/assign.js":{"path":"/home/yusuf/Desktop/vb-erp-backend/src/routes/assign.js","statementMap":{"0":{"start":{"line":1,"column":16},"end":{"line":1,"column":34}},"1":{"start":{"line":2,"column":15},"end":{"line":2,"column":31}},"2":{"start":{"line":9,"column":4},"end":{"line":9,"column":48}},"3":{"start":{"line":12,"column":0},"end":{"line":12,"column":33}},"4":{"start":{"line":13,"column":0},"end":{"line":13,"column":35}},"5":{"start":{"line":14,"column":0},"end":{"line":14,"column":35}},"6":{"start":{"line":15,"column":0},"end":{"line":15,"column":47}},"7":{"start":{"line":18,"column":0},"end":{"line":18,"column":24}}},"fnMap":{},"branchMap":{},"s":{"0":0,"1":0,"2":0,"3":0,"4":0,"5":0,"6":0,"7":0},"f":{},"b":{},"all":true},"/home/yusuf/Desktop/vb-erp-backend/src/routes/index.js":{"path":"/home/yusuf/Desktop/vb-erp-backend/src/routes/index.js","statementMap":{"0":{"start":{"line":1,"column":14},"end":{"line":1,"column":32}},"1":{"start":{"line":2,"column":13},"end":{"line":2,"column":29}},"2":{"start":{"line":4,"column":19},"end":{"line":4,"column":37}},"3":{"start":{"line":5,"column":21},"end":{"line":5,"column":41}},"4":{"start":{"line":6,"column":20},"end":{"line":6,"column":38}},"5":{"start":{"line":7,"column":23},"end":{"line":7,"column":42}},"6":{"start":{"line":8,"column":22},"end":{"line":8,"column":48}},"7":{"start":{"line":9,"column":29},"end":{"line":9,"column":69}},"8":{"start":{"line":10,"column":25},"end":{"line":10,"column":54}},"9":{"start":{"line":12,"column":0},"end":{"line":12,"column":28}},"10":{"start":{"line":13,"column":0},"end":{"line":13,"column":49}},"11":{"start":{"line":14,"column":0},"end":{"line":14,"column":47}},"12":{"start":{"line":15,"column":0},"end":{"line":15,"column":37}},"13":{"start":{"line":16,"column":0},"end":{"line":16,"column":34}},"14":{"start":{"line":17,"column":0},"end":{"line":17,"column":38}},"15":{"start":{"line":18,"column":0},"end":{"line":18,"column":38}},"16":{"start":{"line":20,"column":0},"end":{"line":20,"column":24}}},"fnMap":{},"branchMap":{},"s":{"0":0,"1":0,"2":0,"3":0,"4":0,"5":0,"6":0,"7":0,"8":0,"9":0,"10":0,"11":0,"12":0,"13":0,"14":0,"15":0,"16":0},"f":{},"b":{},"all":true},"/home/yusuf/Desktop/vb-erp-backend/src/routes/invoiceroutes.js":{"path":"/home/yusuf/Desktop/vb-erp-backend/src/routes/invoiceroutes.js","statementMap":{"0":{"start":{"line":1,"column":16},"end":{"line":1,"column":34}},"1":{"start":{"line":6,"column":4},"end":{"line":6,"column":47}},"2":{"start":{"line":8,"column":16},"end":{"line":8,"column":49}},"3":{"start":{"line":10,"column":15},"end":{"line":10,"column":31}},"4":{"start":{"line":12,"column":0},"end":{"line":12,"column":29}},"5":{"start":{"line":13,"column":0},"end":{"line":13,"column":45}},"6":{"start":{"line":14,"column":0},"end":{"line":14,"column":42}},"7":{"start":{"line":16,"column":0},"end":{"line":16,"column":24}}},"fnMap":{},"branchMap":{},"s":{"0":0,"1":0,"2":0,"3":0,"4":0,"5":0,"6":0,"7":0},"f":{},"b":{},"all":true},"/home/yusuf/Desktop/vb-erp-backend/src/routes/poSow.js":{"path":"/home/yusuf/Desktop/vb-erp-backend/src/routes/poSow.js","statementMap":{"0":{"start":{"line":1,"column":16},"end":{"line":1,"column":34}},"1":{"start":{"line":2,"column":15},"end":{"line":2,"column":31}},"2":{"start":{"line":13,"column":4},"end":{"line":13,"column":45}},"3":{"start":{"line":16,"column":0},"end":{"line":16,"column":30}},"4":{"start":{"line":17,"column":0},"end":{"line":17,"column":32}},"5":{"start":{"line":18,"column":0},"end":{"line":18,"column":48}},"6":{"start":{"line":19,"column":0},"end":{"line":19,"column":44}},"7":{"start":{"line":20,"column":0},"end":{"line":20,"column":57}},"8":{"start":{"line":21,"column":0},"end":{"line":21,"column":44}},"9":{"start":{"line":22,"column":0},"end":{"line":22,"column":37}},"10":{"start":{"line":23,"column":0},"end":{"line":23,"column":44}},"11":{"start":{"line":25,"column":0},"end":{"line":25,"column":24}}},"fnMap":{},"branchMap":{},"s":{"0":0,"1":0,"2":0,"3":0,"4":0,"5":0,"6":0,"7":0,"8":0,"9":0,"10":0,"11":0},"f":{},"b":{},"all":true},"/home/yusuf/Desktop/vb-erp-backend/src/routes/rewards.js":{"path":"/home/yusuf/Desktop/vb-erp-backend/src/routes/rewards.js","statementMap":{"0":{"start":{"line":1,"column":16},"end":{"line":1,"column":34}},"1":{"start":{"line":2,"column":15},"end":{"line":2,"column":31}},"2":{"start":{"line":4,"column":25},"end":{"line":4,"column":54}},"3":{"start":{"line":8,"column":4},"end":{"line":8,"column":46}},"4":{"start":{"line":10,"column":0},"end":{"line":10,"column":28}},"5":{"start":{"line":11,"column":0},"end":{"line":11,"column":32}},"6":{"start":{"line":15,"column":0},"end":{"line":15,"column":24}}},"fnMap":{},"branchMap":{},"s":{"0":0,"1":0,"2":0,"3":0,"4":0,"5":0,"6":0},"f":{},"b":{},"all":true},"/home/yusuf/Desktop/vb-erp-backend/src/routes/users.js":{"path":"/home/yusuf/Desktop/vb-erp-backend/src/routes/users.js","statementMap":{"0":{"start":{"line":1,"column":14},"end":{"line":1,"column":32}},"1":{"start":{"line":2,"column":13},"end":{"line":2,"column":29}},"2":{"start":{"line":4,"column":25},"end":{"line":4,"column":54}},"3":{"start":{"line":11,"column":4},"end":{"line":11,"column":44}},"4":{"start":{"line":13,"column":0},"end":{"line":13,"column":29}},"5":{"start":{"line":14,"column":0},"end":{"line":14,"column":34}},"6":{"start":{"line":15,"column":0},"end":{"line":15,"column":26}},"7":{"start":{"line":16,"column":0},"end":{"line":16,"column":31}},"8":{"start":{"line":17,"column":0},"end":{"line":17,"column":34}},"9":{"start":{"line":20,"column":0},"end":{"line":20,"column":24}}},"fnMap":{},"branchMap":{},"s":{"0":0,"1":0,"2":0,"3":0,"4":0,"5":0,"6":0,"7":0,"8":0,"9":0},"f":{},"b":{},"all":true},"/home/yusuf/Desktop/vb-erp-backend/src/schema/assigneeSchema.js":{"path":"/home/yusuf/Desktop/vb-erp-backend/src/schema/assigneeSchema.js","statementMap":{"0":{"start":{"line":1,"column":12},"end":{"line":1,"column":26}},"1":{"start":{"line":3,"column":23},"end":{"line":13,"column":35}},"2":{"start":{"line":15,"column":20},"end":{"line":19,"column":6}},"3":{"start":{"line":21,"column":0},"end":{"line":21,"column":49}}},"fnMap":{},"branchMap":{},"s":{"0":0,"1":0,"2":0,"3":0},"f":{},"b":{},"all":true},"/home/yusuf/Desktop/vb-erp-backend/src/schema/invoiceschema.js":{"path":"/home/yusuf/Desktop/vb-erp-backend/src/schema/invoiceschema.js","statementMap":{"0":{"start":{"line":1,"column":12},"end":{"line":1,"column":26}},"1":{"start":{"line":2,"column":0},"end":{"line":2,"column":44}},"2":{"start":{"line":4,"column":22},"end":{"line":14,"column":33}},"3":{"start":{"line":16,"column":20},"end":{"line":20,"column":2}},"4":{"start":{"line":22,"column":0},"end":{"line":22,"column":48}}},"fnMap":{},"branchMap":{},"s":{"0":0,"1":0,"2":0,"3":0,"4":0},"f":{},"b":{},"all":true},"/home/yusuf/Desktop/vb-erp-backend/src/schema/poSowSchema.js":{"path":"/home/yusuf/Desktop/vb-erp-backend/src/schema/poSowSchema.js","statementMap":{"0":{"start":{"line":1,"column":12},"end":{"line":1,"column":26}},"1":{"start":{"line":3,"column":20},"end":{"line":26,"column":33}},"2":{"start":{"line":28,"column":20},"end":{"line":32,"column":2}},"3":{"start":{"line":34,"column":0},"end":{"line":34,"column":46}}},"fnMap":{},"branchMap":{},"s":{"0":0,"1":0,"2":0,"3":0},"f":{},"b":{},"all":true},"/home/yusuf/Desktop/vb-erp-backend/src/schema/projectEmployeeSchema.js":{"path":"/home/yusuf/Desktop/vb-erp-backend/src/schema/projectEmployeeSchema.js","statementMap":{"0":{"start":{"line":1,"column":12},"end":{"line":1,"column":26}},"1":{"start":{"line":2,"column":0},"end":{"line":2,"column":44}},"2":{"start":{"line":4,"column":30},"end":{"line":14,"column":33}},"3":{"start":{"line":16,"column":0},"end":{"line":16,"column":43}}},"fnMap":{},"branchMap":{},"s":{"0":0,"1":0,"2":0,"3":0},"f":{},"b":{},"all":true},"/home/yusuf/Desktop/vb-erp-backend/src/schema/projectsSchema.js":{"path":"/home/yusuf/Desktop/vb-erp-backend/src/schema/projectsSchema.js","statementMap":{"0":{"start":{"line":1,"column":12},"end":{"line":1,"column":26}},"1":{"start":{"line":3,"column":23},"end":{"line":24,"column":35}},"2":{"start":{"line":26,"column":0},"end":{"line":26,"column":36}}},"fnMap":{},"branchMap":{},"s":{"0":0,"1":0,"2":0},"f":{},"b":{},"all":true},"/home/yusuf/Desktop/vb-erp-backend/src/schema/rewardSchema.js":{"path":"/home/yusuf/Desktop/vb-erp-backend/src/schema/rewardSchema.js","statementMap":{"0":{"start":{"line":1,"column":12},"end":{"line":1,"column":26}},"1":{"start":{"line":3,"column":21},"end":{"line":17,"column":33}},"2":{"start":{"line":19,"column":0},"end":{"line":19,"column":34}}},"fnMap":{},"branchMap":{},"s":{"0":0,"1":0,"2":0},"f":{},"b":{},"all":true},"/home/yusuf/Desktop/vb-erp-backend/src/schema/userSchema.js":{"path":"/home/yusuf/Desktop/vb-erp-backend/src/schema/userSchema.js","statementMap":{"0":{"start":{"line":1,"column":12},"end":{"line":1,"column":26}},"1":{"start":{"line":3,"column":22},"end":{"line":11,"column":33}},"2":{"start":{"line":13,"column":20},"end":{"line":18,"column":33}},"3":{"start":{"line":20,"column":0},"end":{"line":20,"column":48}}},"fnMap":{},"branchMap":{},"s":{"0":0,"1":0,"2":0,"3":0},"f":{},"b":{},"all":true},"/home/yusuf/Desktop/vb-erp-backend/src/utility/constant.js":{"path":"/home/yusuf/Desktop/vb-erp-backend/src/utility/constant.js","statementMap":{"0":{"start":{"line":1,"column":0},"end":{"line":24,"column":3}}},"fnMap":{},"branchMap":{},"s":{"0":0},"f":{},"b":{},"all":true},"/home/yusuf/Desktop/vb-erp-backend/src/utility/db.js":{"path":"/home/yusuf/Desktop/vb-erp-backend/src/utility/db.js","statementMap":{"0":{"start":{"line":1,"column":17},"end":{"line":1,"column":36}},"1":{"start":{"line":2,"column":11},"end":{"line":2,"column":30}},"2":{"start":{"line":4,"column":20},"end":{"line":13,"column":1}},"3":{"start":{"line":5,"column":2},"end":{"line":10,"column":5}},"4":{"start":{"line":11,"column":2},"end":{"line":11,"column":68}},"5":{"start":{"line":12,"column":2},"end":{"line":12,"column
[...]
:{"start":{"line":20,"column":2},"end":{"line":27,"column":3}},"7":{"start":{"line":21,"column":4},"end":{"line":26,"column":7}},"8":{"start":{"line":29,"column":2},"end":{"line":36,"column":3}},"9":{"start":{"line":30,"column":4},"end":{"line":35,"column":7}},"10":{"start":{"line":38,"column":2},"end":{"line":45,"column":3}},"11":{"start":{"line":39,"column":4},"end":{"line":44,"column":7}},"12":{"start":{"line":47,"column":2},"end":{"line":54,"column":3}},"13":{"start":{"line":48,"column":4},"end":{"line":53,"column":7}},"14":{"start":{"line":56,"column":2},"end":{"line":63,"column":3}},"15":{"start":{"line":57,"column":4},"end":{"line":62,"column":7}},"16":{"start":{"line":65,"column":2},"end":{"line":72,"column":3}},"17":{"start":{"line":66,"column":4},"end":{"line":71,"column":7}},"18":{"start":{"line":74,"column":2},"end":{"line":81,"column":3}},"19":{"start":{"line":75,"column":4},"end":{"line":80,"column":7}},"20":{"start":{"line":83,"column":2},"end":{"line":83,"column":15}},"21":{"start":{"line":86,"column":27},"end":{"line":122,"column":1}},"22":{"start":{"line":87,"column":16},"end":{"line":87,"column":18}},"23":{"start":{"line":89,"column":2},"end":{"line":91,"column":3}},"24":{"start":{"line":90,"column":4},"end":{"line":90,"column":44}},"25":{"start":{"line":93,"column":2},"end":{"line":95,"column":3}},"26":{"start":{"line":94,"column":4},"end":{"line":94,"column":36}},"27":{"start":{"line":97,"column":2},"end":{"line":99,"column":3}},"28":{"start":{"line":98,"column":4},"end":{"line":98,"column":40}},"29":{"start":{"line":101,"column":2},"end":{"line":103,"column":3}},"30":{"start":{"line":102,"column":4},"end":{"line":102,"column":58}},"31":{"start":{"line":105,"column":2},"end":{"line":107,"column":3}},"32":{"start":{"line":106,"column":4},"end":{"line":106,"column":66}},"33":{"start":{"line":109,"column":2},"end":{"line":111,"column":3}},"34":{"start":{"line":110,"column":4},"end":{"line":110,"column":64}},"35":{"start":{"line":113,"column":2},"end":{"line":115,"column":3}},"36":{"start":{"line":114,"column":4},"end":{"line":114,"column":64}},"37":{"start":{"line":117,"column":2},"end":{"line":119,"column":3}},"38":{"start":{"line":118,"column":4},"end":{"line":118,"column":60}},"39":{"start":{"line":121,"column":2},"end":{"line":121,"column":15}},"40":{"start":{"line":124,"column":35},"end":{"line":182,"column":1}},"41":{"start":{"line":125,"column":16},"end":{"line":125,"column":30}},"42":{"start":{"line":126,"column":20},"end":{"line":126,"column":49}},"43":{"start":{"line":128,"column":2},"end":{"line":136,"column":5}},"44":{"start":{"line":129,"column":4},"end":{"line":134,"column":5}},"45":{"start":{"line":133,"column":6},"end":{"line":133,"column":20}},"46":{"start":{"line":135,"column":4},"end":{"line":135,"column":16}},"47":{"start":{"line":138,"column":2},"end":{"line":142,"column":3}},"48":{"start":{"line":139,"column":4},"end":{"line":141,"column":6}},"49":{"start":{"line":140,"column":6},"end":{"line":140,"column":64}},"50":{"start":{"line":143,"column":2},"end":{"line":147,"column":3}},"51":{"start":{"line":144,"column":4},"end":{"line":146,"column":6}},"52":{"start":{"line":145,"column":6},"end":{"line":145,"column":59}},"53":{"start":{"line":149,"column":2},"end":{"line":153,"column":3}},"54":{"start":{"line":150,"column":4},"end":{"line":152,"column":6}},"55":{"start":{"line":151,"column":6},"end":{"line":151,"column":80}},"56":{"start":{"line":155,"column":2},"end":{"line":161,"column":3}},"57":{"start":{"line":156,"column":4},"end":{"line":160,"column":6}},"58":{"start":{"line":157,"column":6},"end":{"line":159,"column":57}},"59":{"start":{"line":163,"column":2},"end":{"line":168,"column":3}},"60":{"start":{"line":164,"column":4},"end":{"line":167,"column":6}},"61":{"start":{"line":166,"column":8},"end":{"line":166,"column":78}},"62":{"start":{"line":170,"column":2},"end":{"line":174,"column":3}},"63":{"start":{"line":171,"column":4},"end":{"line":173,"column":6}},"64":{"start":{"line":172,"column":18},"end":{"line":172,"column":76}},"65":{"start":{"line":176,"column":2},"end":{"line":180,"column":3}},"66":{"start":{"line":177,"column":4},"end":{"line":179,"column":6}},"67":{"start":{"line":178,"column":18},"end":{"line":178,"column":72}},"68":{"start":{"line":181,"column":2},"end":{"line":181,"column":17}},"69":{"start":{"line":184,"column":31},"end":{"line":249,"column":1}},"70":{"start":{"line":185,"column":20},"end":{"line":185,"column":49}},"71":{"start":{"line":187,"column":21},"end":{"line":221,"column":3}},"72":{"start":{"line":190,"column":6},"end":{"line":198,"column":7}},"73":{"start":{"line":191,"column":8},"end":{"line":197,"column":10}},"74":{"start":{"line":200,"column":6},"end":{"line":207,"column":7}},"75":{"start":{"line":204,"column":8},"end":{"line":206,"column":37}},"76":{"start":{"line":209,"column":6},"end":{"line":217,"column":9}},"77":{"start":{"line":218,"column":6},"end":{"line":218,"column":20}},"78":{"start":{"line":223,"column":16},"end":{"line":223,"column":34}},"79":{"start":{"line":225,"column":2},"end":{"line":227,"column":3}},"80":{"start":{"line":226,"column":4},"end":{"line":226,"column":67}},"81":{"start":{"line":226,"column":38},"end":{"line":226,"column":65}},"82":{"start":{"line":229,"column":2},"end":{"line":233,"column":3}},"83":{"start":{"line":230,"column":4},"end":{"line":232,"column":6}},"84":{"start":{"line":231,"column":6},"end":{"line":231,"column":53}},"85":{"start":{"line":235,"column":2},"end":{"line":239,"column":3}},"86":{"start":{"line":236,"column":4},"end":{"line":238,"column":6}},"87":{"start":{"line":237,"column":6},"end":{"line":237,"column":74}},"88":{"start":{"line":241,"column":2},"end":{"line":246,"column":3}},"89":{"start":{"line":242,"column":4},"end":{"line":245,"column":6}},"90":{"start":{"line":244,"column":8},"end":{"line":244,"column":76}},"91":{"start":{"line":248,"column":2},"end":{"line":248,"column":17}},"92":{"start":{"line":251,"column":37},"end":{"line":273,"column":1}},"93":{"start":{"line":252,"column":16},"end":{"line":252,"column":30}},"94":{"start":{"line":253,"column":22},"end":{"line":253,"column":51}},"95":{"start":{"line":255,"column":2},"end":{"line":264,"column":3}},"96":{"start":{"line":256,"column":4},"end":{"line":263,"column":6}},"97":{"start":{"line":258,"column":8},"end":{"line":262,"column":9}},"98":{"start":{"line":266,"column":26},"end":{"line":270,"column":3}},"99":{"start":{"line":268,"column":23},"end":{"line":268,"column":58}},"100":{"start":{"line":272,"column":2},"end":{"line":272,"column":37}},"101":{"start":{"line":275,"column":0},"end":{"line":281,"column":2}}},"fnMap":{"0":{"name":"(anonymous_0)","decl":{"start":{"line":4,"column":23},"end":{"line":4,"column":24}},"loc":{"start":{"line":4,"column":40},"end":{"line":84,"column":1}},"line":4},"1":{"name":"(anonymous_1)","decl":{"start":{"line":86,"column":27},"end":{"line":86,"column":28}},"loc":{"start":{"line":86,"column":44},"end":{"line":122,"column":1}},"line":86},"2":{"name":"(anonymous_2)","decl":{"start":{"line":124,"column":35},"end":{"line":124,"column":36}},"loc":{"start":{"line":124,"column":64},"end":{"line":182,"column":1}},"line":124},"3":{"name":"(anonymous_3)","decl":{"start":{"line":128,"column":27},"end":{"line":128,"column":28}},"loc":{"start":{"line":128,"column":39},"end":{"line":136,"column":3}},"line":128},"4":{"name":"(anonymous_4)","decl":{"start":{"line":139,"column":29},"end":{"line":139,"column":30}},"loc":{"start":{"line":140,"column":6},"end":{"line":140,"column":64}},"line":140},"5":{"name":"(anonymous_5)","decl":{"start":{"line":144,"column":29},"end":{"line":144,"column":30}},"loc":{"start":{"line":145,"column":6},"end":{"line":145,"column":59}},"line":145},"6":{"name":"(anonymous_6)","decl":{"start":{"line":150,"column":29},"end":{"line":150,"column":30}},"loc":{"start":{"line":151,"column":6},"end":{"line":151,"column":80}},"line":151},"7":{"name":"(anonymous_7)","decl":{"start":{"line":156,"column":29},"end":{"line":156,"column":30}},"loc":{"start":{"line":157,"column":6},"end":{"line":159,"column":57}},"line":157},"8":{"name":"(anonymous_8)","decl":{"start":{"line":165,"column":6},"end":{"line":165,"column":7}},"loc":{"start":{"line":166,"column":8},"end":{"line":166,"column":78}},"line":166},"9":{"name":"(anonymous_9)","decl":{"start":{"line":172,"column":6},"end":{"line":172,"column":7}},"loc":{"start":{"line":172,"column":18},"end":{"line":172,"column":76}},"line":172},"10":{"name":"(anonymous_10)","decl":{"start":{"line":178,"column":6},"end":{"line":178,"column":7}},"loc":{"start":{"line":178,"column":18},"end":{"line":178,"column":72}},"line":178},"11":{"name":"(anonymous_11)","decl":{"start":{"line":184,"column":31},"end":{"line":184,"column":32}},"loc":{"start":{"line":184,"column":60},"end":{"line":249,"column":1}},"line":184},"12":{"name":"(anonymous_12)","decl":{"start":{"line":189,"column":4},"end":{"line":189,"column":5}},"loc":{"start":{"line":189,"column":23},"end":{"line":219,"column":5}},"line":189},"13":{"name":"(anonymous_13)","decl":{"start":{"line":226,"column":29},"end":{"line":226,"column":30}},"loc":{"start":{"line":226,"column":38},"end":{"line":226,"column":65}},"line":226},"14":{"name":"(anonymous_14)","decl":{"start":{"line":230,"column":29},"end":{"line":230,"column":30}},"loc":{"start":{"line":231,"column":6},"end":{"line":231,"column":53}},"line":231},"15":{"name":"(anonymous_15)","decl":{"start":{"line":236,"column":29},"end":{"line":236,"column":30}},"loc":{"start":{"line":237,"column":6},"end":{"line":237,"column":74}},"line":237},"16":{"name":"(anonymous_16)","decl":{"start":{"line":243,"column":6},"end":{"line":243,"column":7}},"loc":{"start":{"line":244,"column":8},"end":{"line":244,"column":76}},"line":244},"17":{"name":"(anonymous_17)","decl":{"start":{"line":251,"column":37},"end":{"line":251,"column":38}},"loc":{"start":{"line":251,"column":64},"end":{"line":273,"column":1}},"line":251},"18":{"name":"(anonymous_18)","decl":{"start":{"line":257,"column":6},"end":{"line":257,"column":7}},"loc":{"start":{"line":258,"column":8},"end":{"line":262,"column":9}},"line":258},"19":{"name":"(anonymous_19)","decl":{"start":{"line":268,"column":4},"end":{"line":268,"column":5}},"loc":{"start":{"line":268,"column":23},"end":{"line":268,"column":58}},"line":268}},"branchMap":{"0":{"loc":{"start":{"line":11,"column":2},"end":{"line":18,"column":3}},"type":"if","locations":[{"start":{"line":11,"column":2},"end":{"line":18,"column":3}},{"start":{"line":11,"column":2},"end":{"line":18,"column":3}}],"line":11},"1":{"loc":{"start":{"line":20,"column":2},"end":{"line":27,"column":3}},"type":"if","locations":[{"start":{"line":20,"column":2},"end":{"line":27,"column":3}},{"start":{"line":20,"column":2},"end":{"line":27,"column":3}}],"line":20},"2":{"loc":{"start":{"line":29,"column":2},"end":{"line":36,"column":3}},"type":"if","locations":[{"start":{"line":29,"column":2},"end":{"line":36,"column":3}},{"start":{"line":29,"column":2},"end":{"line":36,"column":3}}],"line":29},"3":{"loc":{"start":{"line":38,"column":2},"end":{"line":45,"column":3}},"type":"if","locations":[{"start":{"line":38,"column":2},"end":{"line":45,"column":3}},{"start":{"line":38,"column":2},"end":{"line":45,"column":3}}],"line":38},"4":{"loc":{"start":{"line":47,"column":2},"end":{"line":54,"column":3}},"type":"if","locations":[{"start":{"line":47,"column":2},"end":{"line":54,"column":3}},{"start":{"line":47,"column":2},"end":{"line":54,"column":3}}],"line":47},"5":{"loc":{"start":{"line":56,"column":2},"end":{"line":63,"column":3}},"type":"if","locations":[{"start":{"line":56,"column":2},"end":{"line":63,"column":3}},{"start":{"line":56,"column":2},"end":{"line":63,"column":3}}],"line":56},"6":{"loc":{"start":{"line":65,"column":2},"end":{"line":72,"column":3}},"type":"if","locations":[{"start":{"line":65,"column":2},"end":{"line":72,"column":3}},{"start":{"line":65,"column":2},"end":{"line":72,"column":3}}],"line":65},"7":{"loc":{"start":{"line":74,"column":2},"end":{"line":81,"column":3}},"type":"if","locations":[{"start":{"line":74,"column":2},"end":{"line":81,"column":3}},{"start":{"line":74,"column":2},"end":{"line":81,"column":3}}],"line":74},"8":{"loc":{"start":{"line":89,"column":2},"end":{"line":91,"column":3}},"type":"if","locations":[{"start":{"line":89,"column":2},"end":{"line":91,"column":3}},{"start":{"line":89,"column":2},"end":{"line":91,"column":3}}],"line":89},"9":{"loc":{"start":{"line":93,"column":2},"end":{"line":95,"column":3}},"type":"if","locations":[{"start":{"line":93,"column":2},"end":{"line":95,"column":3}},{"start":{"line":93,"column":2},"end":{"line":95,"column":3}}],"line":93},"10":{"loc":{"start":{"line":97,"column":2},"end":{"line":99,"column":3}},"type":"if","locations":[{"start":{"line":97,"column":2},"end":{"line":99,"column":3}},{"start":{"line":97,"column":2},"end":{"line":99,"column":3}}],"line":97},"11":{"loc":{"start":{"line":101,"column":2},"end":{"line":103,"column":3}},"type":"if","locations":[{"start":{"line":101,"column":2},"end":{"line":103,"column":3}},{"start":{"line":101,"column":2},"end":{"line":103,"column":3}}],"line":101},"12":{"loc":{"start":{"line":105,"column":2},"end":{"line":107,"column":3}},"type":"if","locations":[{"start":{"line":105,"column":2},"end":{"line":107,"column":3}},{"start":{"line":105,"column":2},"end":{"line":107,"column":3}}],"line":105},"13":{"loc":{"start":{"line":109,"column":2},"end":{"line":111,"column":3}},"type":"if","locations":[{"start":{"line":109,"column":2},"end":{"line":111,"column":3}},{"start":{"line":109,"column":2},"end":{"line":111,"column":3}}],"line":109},"14":{"loc":{"start":{"line":113,"column":2},"end":{"line":115,"column":3}},"type":"if","locations":[{"start":{"line":113,"column":2},"end":{"line":115,"column":3}},{"start":{"line":113,"column":2},"end":{"line":115,"column":3}}],"line":113},"15":{"loc":{"start":{"line":117,"column":2},"end":{"line":119,"column":3}},"type":"if","locations":[{"start":{"line":117,"column":2},"end":{"line":119,"column":3}},{"start":{"line":117,"column":2},"end":{"line":119,"column":3}}],"line":117},"16":{"loc":{"start":{"line":129,"column":4},"end":{"line":134,"column":5}},"type":"if","locations":[{"start":{"line":129,"column":4},"end":{"line":134,"column":5}},{"start":{"line":129,"column":4},"end":{"line":134,"column":5}}],"line":129},"17":{"loc":{"start":{"line":130,"column":6},"end":{"line":131,"column":64}},"type":"binary-expr","locations":[{"start":{"line":130,"column":6},"end":{"line":130,"column":65}},{"start":{"line":131,"column":6},"end":{"line":131,"column":64}}],"line":130},"18":{"loc":{"start":{"line":138,"column":2},"end":{"line":142,"column":3}},"type":"if","locations":[{"start":{"line":138,"column":2},"end":{"line":142,"column":3}},{"start":{"line":138,"column":2},"end":{"line":142,"column":3}}],"line":138},"19":{"loc":{"start":{"line":143,"column":2},"end":{"line":147,"column":3}},"type":"if","locations":[{"start":{"line":143,"column":2},"end":{"line":147,"column":3}},{"start":{"line":143,"column":2},"end":{"line":147,"column":3}}],"line":143},"20":{"loc":{"start":{"line":149,"column":2},"end":{"line":153,"column":3}},"type":"if","locations":[{"start":{"line":149,"column":2},"end":{"line":153,"column":3}},{"start":{"line":149,"column":2},"end":{"line":153,"column":3}}],"line":149},"21":{"loc":{"start":{"line":155,"column":2},"end":{"line":161,"column":3}},"type":"if","locations":[{"start":{"line":155,"column":2},"end":{"line":161,"column":3}},{"start":{"line":155,"column":2},"end":{"line":161,"column":3}}],"line":155},"22":{"loc":{"start":{"line":163,"column":2},"end":{"line":168,"column":3}},"type":"if","locations":[{"start":{"line":163,"column":2},"end":{"line":168,"column":3}},{"start":{"line":163,"column":2},"end":{"line":168,"column":3}}],"line":163},"23":{"loc":{"start":{"line":170,"column":2},"end":{"line":174,"column":3}},"type":"if","locations":[{"start":{"line":170,"column":2},"end":{"line":174,"column":3}},{"start":{"line":170,"column":2},"end":{"line":174,"column":3}}],"line":170},"24":{"loc":{"start":{"line":176,"column":2},"end":{"line":180,"column":3}},"type":"if","locations":[{"start":{"line":176,"column":2},"end":{"line":180,"column":3}},{"start":{"line":176,"column":2},"end":{"line":180,"column":3}}],"line":176},"25":{"loc":{"start":{"line":190,"column":6},"end":{"line":198,"column":7}},"type":"if","locations":[{"start":{"line":190,"column":6},"end":{"line":198,"column":7}},{"start":{"line":190,"column":6},"end":{"line":198,"column":7}}],"line":190},"26":{"loc":{"start":{"line":200,"column":6},"end":{"line":207,"column":7}},"type":"if","locations":[{"start":{"line":200,"column":6},"end":{"line":207,"column":7}},{"start":{"line":200,"column":6},"end":{"line":207,"column":7}}],"line":200},"27":{"loc":{"start":{"line":201,"column":8},"end":{"line":202,"column":65}},"type":"binary-expr","locations":[{"start":{"line":201,"column":8},"end":{"line":201,"column":66}},{"start":{"line":202,"column":8},"end":{"line":202,"column":65}}],"line":201},"28":{"loc":{"start":{"line":225,"column":2},"end":{"line":227,"column":3}},"type":"if","locations":[{"start":{"line":225,"column":2},"end":{"line":227,"column":3}},{"start":{"line":225,"column":2},"end":{"line":227,"column":3}}],"line":225},"29":{"loc":{"start":{"line":229,"column":2},"end":{"line":233,"column":3}},"type":"if","locations":[{"start":{"line":229,"column":2},"end":{"line":233,"column":3}},{"start":{"line":229,"column":2},"end":{"line":233,"column":3}}],"line":229},"30":{"loc":{"start":{"line":235,"column":2},"end":{"line":239,"column":3}},"type":"if","locations":[{"start":{"line":235,"column":2},"end":{"line":239,"column":3}},{"start":{"line":235,"column":2},"end":{"line":239,"column":3}}],"line":235},"31":{"loc":{"start":{"line":241,"column":2},"end":{"line":246,"column":3}},"type":"if","locations":[{"start":{"line":241,"column":2},"end":{"line":246,"column":3}},{"start":{"line":241,"column":2},"end":{"line":246,"column":3}}],"line":241},"32":{"loc":{"start":{"line":255,"column":2},"end":{"line":264,"column":3}},"type":"if","locations":[{"start":{"line":255,"column":2},"end":{"line":264,"column":3}},{"start":{"line":255,"column":2},"end":{"line":264,"column":3}}],"line":255},"33":{"loc":{"start":{"line":258,"column":8},"end":{"line":262,"column":9}},"type":"binary-expr","locations":[{"start":{"line":258,"column":8},"end":{"line":258,"column":47}},{"start":{"line":259,"column":8},"end":{"line":262,"column":9}}],"line":258},"34":{"loc":{"start":{"line":272,"column":9},"end":{"line":272,"column":36}},"type":"cond-expr","locations":[{"start":{"line":272,"column":17},"end":{"line":272,"column":32}},{"start":{"line":272,"column":35},"end":{"line":272,"column":36}}],"line":272}},"s":{"0":0,"1":0,"2":0,"3":0,"4":0,"5":0,"6":0,"7":0,"8":0,"9":0,"10":0,"11":0,"12":0,"13":0,"14":0,"15":0,"16":0,"17":0,"18":0,"19":0,"20":0,"21":0,"22":0,"23":0,"24":0,"25":0,"26":0,"27":0,"28":0,"29":0,"30":0,"31":0,"32":0,"33":0,"34":0,"35":0,"36":0,"37":0,"38":0,"39":0,"40":0,"41":0,"42":0,"43":0,"44":0,"45":0,"46":0,"47":0,"48":0,"49":0,"50":0,"51":0,"52":0,"53":0,"54":0,"55":0,"56":0,"57":0,"58":0,"59":0,"60":0,"61":0,"62":0,"63":0,"64":0,"65":0,"66":0,"67":0,"68":0,"69":0,"70":0,"71":0,"72":0,"73":0,"74":0,"75":0,"76":0,"77":0,"78":0,"79":0,"80":0,"81":0,"82":0,"83":0,"84":0,"85":0,"86":0,"87":0,"88":0,"89":0,"90":0,"91":0,"92":0,"93":0,"94":0,"95":0,"96":0,"97":0,"98":0,"99":0,"100":0,"101":0},"f":{"0":0,"1":0,"2":0,"3":0,"4":0,"5":0,"6":0,"7":0,"8":0,"9":0,"10":0,"11":0,"12":0,"13":0,"14":0,"15":0,"16":0,"17":0,"18":0,"19":0},"b":{"0":[0,0],"1":[0,0],"2":[0,0],"3":[0,0],"4":[0,0],"5":[0,0],"6":[0,0],"7":[0,0],"8":[0,0],"9":[0,0],"10":[0,0],"11":[0,0],"12":[0,0],"13":[0,0],"14":[0,0],"15":[0,0],"16":[0,0],"17":[0,0],"18":[0,0],"19":[0,0],"20":[0,0],"21":[0,0],"22":[0,0],"23":[0,0],"24":[0,0],"25":[0,0],"26":[0,0],"27":[0,0],"28":[0,0],"29":[0,0],"30":[0,0],"31":[0,0],"32":[0,0],"33":[0,0],"34":[0,0]},"all":true}}