{"/home/yusuf/Desktop/vb-erp-backend/src/app.js":{"path":"/home/yusuf/Desktop/vb-erp-backend/src/app.js","statementMap":{"0":{"start":{"line":1,"column":0},"end":{"line":1,"column":27}},"1":{"start":{"line":2,"column":16},"end":{"line":2,"column":34}},"2":{"start":{"line":3,"column":15},"end":{"line":3,"column":32}},"3":{"start":{"line":4,"column":13},"end":{"line":4,"column":28}},"4":{"start":{"line":5,"column":13},"end":{"line":5,"column":28}},"5":{"start":{"line":6,"column":18},"end":{"line":6,"column":47}},"6":{"start":{"line":7,"column":24},"end":{"line":7,"column":47}},"7":{"start":{"line":8,"column":18},"end":{"line":8,"column":47}},"8":{"start":{"line":9,"column":15},"end":{"line":9,"column":34}},"9":{"start":{"line":10,"column":20},"end":{"line":10,"column":69}},"10":{"start":{"line":11,"column":27},"end":{"line":11,"column":66}},"11":{"start":{"line":12,"column":22},"end":{"line":12,"column":55}},"12":{"start":{"line":14,"column":12},"end":{"line":14,"column":21}},"13":{"start":{"line":22,"column":0},"end":{"line":22,"column":23}},"14":{"start":{"line":24,"column":0},"end":{"line":24,"column":24}},"15":{"start":{"line":25,"column":0},"end":{"line":25,"column":49}},"16":{"start":{"line":26,"column":0},"end":{"line":26,"column":56}},"17":{"start":{"line":28,"column":13},"end":{"line":28,"column":37}},"18":{"start":{"line":30,"column":0},"end":{"line":30,"column":24}},"19":{"start":{"line":31,"column":0},"end":{"line":35,"column":2}},"20":{"start":{"line":36,"column":0},"end":{"line":40,"column":2}},"21":{"start":{"line":41,"column":0},"end":{"line":41,"column":38}},"22":{"start":{"line":42,"column":0},"end":{"line":42,"column":16}},"23":{"start":{"line":43,"column":0},"end":{"line":47,"column":2}},"24":{"start":{"line":48,"column":0},"end":{"line":48,"column":28}},"25":{"start":{"line":49,"column":0},"end":{"line":52,"column":3}},"26":{"start":{"line":50,"column":2},"end":{"line":50,"column":22}},"27":{"start":{"line":51,"column":2},"end":{"line":51,"column":14}},"28":{"start":{"line":53,"column":0},"end":{"line":53,"column":21}}},"fnMap":{"0":{"name":"(anonymous_0)","decl":{"start":{"line":49,"column":17},"end":{"line":49,"column":18}},"loc":{"start":{"line":49,"column":29},"end":{"line":52,"column":1}},"line":49}},"branchMap":{"0":{"loc":{"start":{"line":28,"column":13},"end":{"line":28,"column":37}},"type":"binary-expr","locations":[{"start":{"line":28,"column":13},"end":{"line":28,"column":29}},{"start":{"line":28,"column":33},"end":{"line":28,"column":37}}],"line":28}},"s":{"0":0,"1":0,"2":0,"3":0,"4":0,"5":0,"6":0,"7":0,"8":0,"9":0,"10":0,"11":0,"12":0,"13":0,"14":0,"15":0,"16":0,"17":0,"18":0,"19":0,"20":0,"21":0,"22":0,"23":0,"24":0,"25":0,"26":0,"27":0,"28":0},"f":{"0":0},"b":{"0":[0,0]},"all":true},"/home/yusuf/Desktop/vb-erp-backend/src/controllers/assigneeController.js":{"path":"/home/yusuf/Desktop/vb-erp-backend/src/controllers/assigneeController.js","statementMap":{"0":{"start":{"line":1,"column":22},"end":{"line":1,"column":51}},"1":{"start":{"line":2,"column":40},"end":{"line":2,"column":75}},"2":{"start":{"line":3,"column":45},"end":{"line":3,"column":73}},"3":{"start":{"line":6,"column":23},"end":{"line":65,"column":1}},"4":{"start":{"line":39,"column":2},"end":{"line":64,"column":3}},"5":{"start":{"line":40,"column":22},"end":{"line":40,"column":55}},"6":{"start":{"line":41,"column":4},"end":{"line":50,"column":5}},"7":{"start":{"line":42,"column":6},"end":{"line":42,"column":17}},"8":{"start":{"line":43,"column":6},"end":{"line":43,"column":39}},"9":{"start":{"line":44,"column":22},"end":{"line":48,"column":8}},"10":{"start":{"line":49,"column":6},"end":{"line":49,"column":44}},"11":{"start":{"line":51,"column":21},"end":{"line":60,"column":13}},"12":{"start":{"line":61,"column":4},"end":{"line":61,"column":35}},"13":{"start":{"line":63,"column":4},"end":{"line":63,"column":32}},"14":{"start":{"line":67,"column":24},"end":{"line":137,"column":1}},"15":{"start":{"line":108,"column":2},"end":{"line":136,"column":3}},"16":{"start":{"line":109,"column":22},"end":{"line":109,"column":53}},"17":{"start":{"line":110,"column":4},"end":{"line":119,"column":5}},"18":{"start":{"line":111,"column":6},"end":{"line":111,"column":17}},"19":{"start":{"line":112,"column":6},"end":{"line":112,"column":40}},"20":{"start":{"line":113,"column":22},"end":{"line":117,"column":8}},"21":{"start":{"line":118,"column":6},"end":{"line":118,"column":44}},"22":{"start":{"line":120,"column":17},"end":{"line":120,"column":52}},"23":{"start":{"line":121,"column":18},"end":{"line":121,"column":56}},"24":{"start":{"line":122,"column":4},"end":{"line":122,"column":15}},"25":{"start":{"line":123,"column":21},"end":{"line":123,"column":71}},"26":{"start":{"line":124,"column":17},"end":{"line":124,"column":66}},"27":{"start":{"line":125,"column":20},"end":{"line":125,"column":50}},"28":{"start":{"line":126,"column":4},"end":{"line":126,"column":42}},"29":{"start":{"line":128,"column":4},"end":{"line":128,"column":15}},"30":{"start":{"line":129,"column":4},"end":{"line":129,"column":38}},"31":{"start":{"line":130,"column":20},"end":{"line":134,"column":6}},"32":{"start":{"line":135,"column":4},"end":{"line":135,"column":42}},"33":{"start":{"line":139,"column":22},"end":{"line":214,"column":1}},"34":{"start":{"line":173,"column":21},"end":{"line":173,"column":34}},"35":{"start":{"line":174,"column":2},"end":{"line":213,"column":3}},"36":{"start":{"line":175,"column":22},"end":{"line":175,"column":55}},"37":{"start":{"line":176,"column":4},"end":{"line":185,"column":5}},"38":{"start":{"line":177,"column":6},"end":{"line":177,"column":17}},"39":{"start":{"line":178,"column":6},"end":{"line":178,"column":39}},"40":{"start":{"line":179,"column":22},"end":{"line":183,"column":8}},"41":{"start":{"line":184,"column":6},"end":{"line":184,"column":44}},"42":{"start":{"line":186,"column":4},"end":{"line":186,"column":15}},"43":{"start":{"line":187,"column":4},"end":{"line":187,"column":46}},"44":{"start":{"line":188,"column":20},"end":{"line":197,"column":5}},"45":{"start":{"line":198,"column":20},"end":{"line":202,"column":6}},"46":{"start":{"line":203,"column":4},"end":{"line":203,"column":42}},"47":{"start":{"line":205,"column":4},"end":{"line":205,"column":15}},"48":{"start":{"line":206,"column":4},"end":{"line":206,"column":38}},"49":{"start":{"line":207,"column":20},"end":{"line":211,"column":6}},"50":{"start":{"line":212,"column":4},"end":{"line":212,"column":42}},"51":{"start":{"line":216,"column":25},"end":{"line":268,"column":1}},"52":{"start":{"line":239,"column":21},"end":{"line":239,"column":34}},"53":{"start":{"line":240,"column":2},"end":{"line":267,"column":3}},"54":{"start":{"line":241,"column":4},"end":{"line":241,"column":15}},"55":{"start":{"line":242,"column":4},"end":{"line":242,"column":50}},"56":{"start":{"line":243,"column":20},"end":{"line":251,"column":5}},"57":{"start":{"line":252,"column":20},"end":{"line":256,"column":6}},"58":{"start":{"line":257,"column":4},"end":{"line":257,"column":42}},"59":{"start":{"line":259,"column":4},"end":{"line":259,"column":15}},"60":{"start":{"line":260,"column":4},"end":{"line":260,"column":38}},"61":{"start":{"line":261,"column":20},"end":{"line":265,"column":6}},"62":{"start":{"line":266,"column":4},"end":{"line":266,"column":42}},"63":{"start":{"line":272,"column":0},"end":{"line":277,"column":1}}},"fnMap":{"0":{"name":"(anonymous_0)","decl":{"start":{"line":6,"column":23},"end":{"line":6,"column":24}},"loc":{"start":{"line":6,"column":43},"end":{"line":65,"column":1}},"line":6},"1":{"name":"(anonymous_1)","decl":{"start":{"line":67,"column":24},"end":{"line":67,"column":25}},"loc":{"start":{"line":67,"column":44},"end":{"line":137,"column":1}},"line":67},"2":{"name":"(anonymous_2)","decl":{"start":{"line":139,"column":22},"end":{"line":139,"column":23}},"loc":{"start":{"line":139,"column":42},"end":{"line":214,"column":1}},"line":139},"3":{"name":"(anonymous_3)","decl":{"start":{"line":216,"column":25},"end":{"line":216,"column":26}},"loc":{"start":{"line":216,"column":45},"end":{"line":268,"column":1}},"line":216}},"branchMap":{"0":{"loc":{"start":{"line":41,"column":4},"end":{"line":50,"column":5}},"type":"if","locations":[{"start":{"line":41,"column":4},"end":{"line":50,"column":5}},{"start":{"line":41,"column":4},"end":{"line":50,"column":5}}],"line":41},"1":{"loc":{"start":{"line":47,"column":13},"end":{"line":47,"column":35}},"type":"binary-expr","locations":[{"start":{"line":47,"column":13},"end":{"line":47,"column":18}},{"start":{"line":47,"column":22},"end":{"line":47,"column":35}}],"line":47},"2":{"loc":{"start":{"line":110,"column":4},"end":{"line":119,"column":5}},"type":"if","locations":[{"start":{"line":110,"column":4},"end":{"line":119,"column":5}},{"start":{"line":110,"column":4},"end":{"line":119,"column":5}}],"line":110},"3":{"loc":{"start":{"line":116,"column":13},"end":{"line":116,"column":35}},"type":"binary-expr","locations":[{"start":{"line":116,"column":13},"end":{"line":116,"column":18}},{"start":{"line":116,"column":22},"end":{"line":116,"column":35}}],"line":116},"4":{"loc":{"start":{"line":120,"column":17},"end":{"line":120,"column":52}},"type":"cond-expr","locations":[{"start":{"line":120,"column":34},"end":{"line":120,"column":48}},{"start":{"line":120,"column":51},"end":{"line":120,"column":52}}],"line":120},"5":{"loc":{"start":{"line":121,"column":18},"end":{"line":121,"column":56}},"type":"cond-expr","locations":[{"start":{"line":121,"column":36},"end":{"line":121,"column":51}},{"start":{"line":121,"column":54},"end":{"line":121,"column":56}}],"line":121},"6":{"loc":{"start":{"line":176,"column":4},"end":{"line":185,"column":5}},"type":"if","locations":[{"start":{"line":176,"column":4},"end":{"line":185,"column":5}},{"start":{"line":176,"column":4},"end":{"line":185,"column":5}}],"line":176},"7":{"loc":{"start":{"line":182,"column":13},"end":{"line":182,"column":35}},"type":"binary-expr","locations":[{"start":{"line":182,"column":13},"end":{"line":182,"column":18}},{"start":{"line":182,"column":22},"end":{"line":182,"column":35}}],"line":182}},"s":{"0":0,"1":0,"2":0,"3":0,"4":0,"5":0,"6":0,"7":0,"8":0,"9":0,"10":0,"11":0,"12":0,"13":0,"14":0,"15":0,"16":0,"17":0,"18":0,"19":0,"20":0,"21":0,"22":0,"23":0,"24":0,"25":0,"26":0,"27":0,"28":0,"29":0,"30":0,"31":0,"32":0,"33":0,"34":0,"35":0,"36":0,"37":0,"38":0,"39":0,"40":0,"41":0,"42":0,"43":0,"44":0,"45":0,"46":0,"47":0,"48":0,"49":0,"50":0,"51":0,"52":0,"53":0,"54":0,"55":0,"56":0,"57":0,"58":0,"59":0,"60":0,"61":0,"62":0,"63":0},"f":{"0":0,"1":0,"2":0,"3":0},"b":{"0":[0,0],"1":[0,0],"2":[0,0],"3":[0,0],"4":[0,0],"5":[0,0],"6":[0,0],"7":[0,0]},"all":true},"/home/yusuf/Desktop/vb-erp-backend/src/controllers/cimsController.js":{"path":"/home/yusuf/Desktop/vb-erp-backend/src/controllers/cimsController.js","statementMap":{"0":{"start":{"line":1,"column":18},"end":{"line":1,"column":49}},"1":{"start":{"line":2,"column":37},"end":{"line":2,"column":68}},"2":{"start":{"line":3,"column":27},"end":{"line":3,"column":55}},"3":{"start":{"line":6,"column":16},"end":{"line":137,"column":1}},"4":{"start":{"line":7,"column":15},"end":{"line":7,"column":44}},"5":{"start":{"line":8,"column":17},"end":{"line":8,"column":38}},"6":{"start":{"line":9,"column":20},"end":{"line":9,"column":45}},"7":{"start":{"line":10,"column":15},"end":{"line":10,"column":44}},"8":{"start":{"line":11,"column":16},"end":{"line":11,"column":46}},"9":{"start":{"line":13,"column":21},"end":{"line":13,"column":47}},"10":{"start":{"line":14,"column":16},"end":{"line":14,"column":43}},"11":{"start":{"line":16,"column":22},"end":{"line":16,"column":52}},"12":{"start":{"line":17,"column":22},"end":{"line":32,"column":3}},"13":{"start":{"line":34,"column":20},"end":{"line":34,"column":54}},"14":{"start":{"line":35,"column":20},"end":{"line":37,"column":3}},"15":{"start":{"line":39,"column":20},"end":{"line":46,"column":3}},"16":{"start":{"line":40,"column":18},"end":{"line":43,"column":22}},"17":{"start":{"line":45,"column":4},"end":{"line":45,"column":42}},"18":{"start":{"line":48,"column":27},"end":{"line":70,"column":3}},"19":{"start":{"line":49,"column":23},"end":{"line":49,"column":41}},"20":{"start":{"line":50,"column":21},"end":{"line":50,"column":33}},"21":{"start":{"line":51,"column":23},"end":{"line":51,"column":47}},"22":{"start":{"line":52,"column":17},"end":{"line":52,"column":19}},"23":{"start":{"line":53,"column":4},"end":{"line":53,"column":50}},"24":{"start":{"line":54,"column":4},"end":{"line":56,"column":7}},"25":{"start":{"line":55,"column":6},"end":{"line":55,"column":44}},"26":{"start":{"line":58,"column":4},"end":{"line":65,"column":5}},"27":{"start":{"line":59,"column":25},"end":{"line":59,"column":49}},"28":{"start":{"line":60,"column":23},"end":{"line":60,"column":41}},"29":{"start":{"line":61,"column":6},"end":{"line":61,"column":52}},"30":{"start":{"line":62,"column":6},"end":{"line":64,"column":9}},"31":{"start":{"line":63,"column":8},"end":{"line":63,"column":46}},"32":{"start":{"line":67,"column":4},"end":{"line":67,"column":33}},"33":{"start":{"line":69,"column":4},"end":{"line":69,"column":16}},"34":{"start":{"line":72,"column":2},"end":{"line":136,"column":3}},"35":{"start":{"line":73,"column":29},"end":{"line":73,"column":66}},"36":{"start":{"line":75,"column":4},"end":{"line":127,"column":5}},"37":{"start":{"line":76,"column":31},"end":{"line":76,"column":70}},"38":{"start":{"line":78,"column":6},"end":{"line":114,"column":7}},"39":{"start":{"line":79,"column":8},"end":{"line":79,"column":19}},"40":{"start":{"line":80,"column":8},"end":{"line":82,"column":27}},"41":{"start":{"line":84,"column":24},"end":{"line":93,"column":10}},"42":{"start":{"line":95,"column":8},"end":{"line":95,"column":26}},"43":{"start":{"line":97,"column":8},"end":{"line":97,"column":19}},"44":{"start":{"line":98,"column":8},"end":{"line":98,"column":64}},"45":{"start":{"line":100,"column":21},"end":{"line":100,"column":51}},"46":{"start":{"line":102,"column":24},"end":{"line":111,"column":10}},"47":{"start":{"line":113,"column":8},"end":{"line":113,"column":26}},"48":{"start":{"line":116,"column":19},"end":{"line":116,"column":49}},"49":{"start":{"line":118,"column":6},"end":{"line":118,"column":17}},"50":{"start":{"line":119,"column":6},"end":{"line":119,"column":44}},"51":{"start":{"line":121,"column":22},"end":{"line":125,"column":8}},"52":{"start":{"line":126,"column":6},"end":{"line":126,"column":24}},"53":{"start":{"line":129,"column":4},"end":{"line":129,"column":15}},"54":{"start":{"line":131,"column":20},"end":{"line":134,"column":6}},"55":{"start":{"line":135,"column":4},"end":{"line":135,"column":29}},"56":{"start":{"line":140,"column":17},"end":{"line":176,"column":1}},"57":{"start":{"line":141,"column":2},"end":{"line":175,"column":3}},"58":{"start":{"line":142,"column":22},"end":{"line":142,"column":51}},"59":{"start":{"line":144,"column":4},"end":{"line":154,"column":5}},"60":{"start":{"line":145,"column":6},"end":{"line":145,"column":17}},"61":{"start":{"line":146,"column":6},"end":{"line":146,"column":39}},"62":{"start":{"line":148,"column":22},"end":{"line":152,"column":8}},"63":{"start":{"line":153,"column":6},"end":{"line":153,"column":31}},"64":{"start":{"line":155,"column":20},"end":{"line":155,"column":52}},"65":{"start":{"line":156,"column":22},"end":{"line":156,"column":40}},"66":{"start":{"line":158,"column":4},"end":{"line":158,"column":19}},"67":{"start":{"line":159,"column":4},"end":{"line":159,"column":15}},"68":{"start":{"line":160,"column":4},"end":{"line":160,"column":73}},"69":{"start":{"line":162,"column":20},"end":{"line":166,"column":6}},"70":{"start":{"line":167,"column":4},"end":{"line":167,"column":22}},"71":{"start":{"line":169,"column":4},"end":{"line":169,"column":15}},"72":{"start":{"line":170,"column":20},"end":{"line":173,"column":6}},"73":{"start":{"line":174,"column":4},"end":{"line":174,"column":29}},"74":{"start":{"line":178,"column":18},"end":{"line":204,"column":1}},"75":{"start":{"line":179,"column":28},"end":{"line":179,"column":37}},"76":{"start":{"line":180,"column":17},"end":{"line":180,"column":43}},"77":{"start":{"line":182,"column":2},"end":{"line":203,"column":3}},"78":{"start":{"line":183,"column":4},"end":{"line":183,"column":71}},"79":{"start":{"line":185,"column":4},"end":{"line":185,"column":15}},"80":{"start":{"line":186,"column":4},"end":{"line":188,"column":81}},"81":{"start":{"line":190,"column":20},"end":{"line":193,"column":6}},"82":{"start":{"line":194,"column":4},"end":{"line":194,"column":22}},"83":{"start":{"line":196,"column":4},"end":{"line":196,"column":15}},"84":{"start":{"line":198,"column":20},"end":{"line":201,"column":6}},"85":{"start":{"line":202,"column":4},"end":{"line":202,"column":29}},"86":{"start":{"line":207,"column":18},"end":{"line":246,"column":1}},"87":{"start":{"line":208,"column":14},"end":{"line":208,"column":26}},"88":{"start":{"line":210,"column":2},"end":{"line":245,"column":3}},"89":{"start":{"line":211,"column":22},"end":{"line":211,"column":53}},"90":{"start":{"line":212,"column":4},"end":{"line":222,"column":5}},"91":{"start":{"line":213,"column":6},"end":{"line":213,"column":17}},"92":{"start":{"line":214,"column":6},"end":{"line":214,"column":39}},"93":{"start":{"line":216,"column":22},"end":{"line":220,"column":8}},"94":{"start":{"line":221,"column":6},"end":{"line":221,"column":31}},"95":{"start":{"line":224,"column":4},"end":{"line":224,"column":61}},"96":{"start":{"line":225,"column":22},"end":{"line":225,"column":40}},"97":{"start":{"line":227,"column":4},"end":{"line":227,"column":15}},"98":{"start":{"line":228,"column":4},"end":{"line":228,"column":20}},"99":{"start":{"line":229,"column":4},"end":{"line":229,"column":75}},"100":{"start":{"line":231,"column":20},"end":{"line":235,"column":6}},"101":{"start":{"line":236,"column":4},"end":{"line":236,"column":29}},"102":{"start":{"line":238,"column":4},"end":{"line":238,"column":15}},"103":{"start":{"line":240,"column":20},"end":{"line":243,"column":6}},"104":{"start":{"line":244,"column":4},"end":{"line":244,"column":22}},"105":{"start":{"line":251,"column":27},"end":{"line":309,"column":1}},"106":{"start":{"line":252,"column":16},"end":{"line":252,"column":25}},"107":{"start":{"line":253,"column":2},"end":{"line":308,"column":3}},"108":{"start":{"line":254,"column":4},"end":{"line":305,"column":5}},"109":{"start":{"line":255,"column":21},"end":{"line":273,"column":7}},"110":{"start":{"line":274,"column":6},"end":{"line":274,"column":42}},"111":{"start":{"line":276,"column":21},"end":{"line":303,"column":7}},"112":{"start":{"line":304,"column":6},"end":{"line":304,"column":42}},"113":{"start":{"line":307,"column":4},"end":{"line":307,"column":32}},"114":{"start":{"line":311,"column":22},"end":{"line":319,"column":1}},"115":{"start":{"line":312,"column":2},"end":{"line":318,"column":3}},"116":{"start":{"line":313,"column":16},"end":{"line":313,"column":29}},"117":{"start":{"line":314,"column":19},"end":{"line":314,"column":53}},"118":{"start":{"line":315,"column":4},"end":{"line":315,"column":33}},"119":{"start":{"line":317,"column":4},"end":{"line":317,"column":32}},"120":{"start":{"line":322,"column":0},"end":{"line":329,"column":2}}},"fnMap":{"0":{"name":"(anonymous_0)","decl":{"start":{"line":6,"column":16},"end":{"line":6,"column":17}},"loc":{"start":{"line":6,"column":36},"end":{"line":137,"column":1}},"line":6},"1":{"name":"(anonymous_1)","decl":{"start":{"line":39,"column":20},"end":{"line":39,"column":21}},"loc":{"start":{"line":39,"column":52},"end":{"line":46,"column":3}},"line":39},"2":{"name":"(anonymous_2)","decl":{"start":{"line":48,"column":27},"end":{"line":48,"column":28}},"loc":{"start":{"line":48,"column":45},"end":{"line":70,"column":3}},"line":48},"3":{"name":"(anonymous_3)","decl":{"start":{"line":54,"column":22},"end":{"line":54,"column":23}},"loc":{"start":{"line":54,"column":37},"end":{"line":56,"column":5}},"line":54},"4":{"name":"(anonymous_4)","decl":{"start":{"line":62,"column":24},"end":{"line":62,"column":25}},"loc":{"start":{"line":62,"column":39},"end":{"line":64,"column":7}},"line":62},"5":{"name":"(anonymous_5)","decl":{"start":{"line":140,"column":17},"end":{"line":140,"column":18}},"loc":{"start":{"line":140,"column":37},"end":{"line":176,"column":1}},"line":140},"6":{"name":"(anonymous_6)","decl":{"start":{"line":178,"column":18},"end":{"line":178,"column":19}},"loc":{"start":{"line":178,"column":38},"end":{"line":204,"column":1}},"line":178},"7":{"name":"(anonymous_7)","decl":{"start":{"line":207,"column":18},"end":{"line":207,"column":19}},"loc":{"start":{"line":207,"column":38},"end":{"line":246,"column":1}},"line":207},"8":{"name":"(anonymous_8)","decl":{"start":{"line":251,"column":27},"end":{"line":251,"column":28}},"loc":{"start":{"line":251,"column":47},"end":{"line":309,"column":1}},"line":251},"9":{"name":"(anonymous_9)","decl":{"start":{"line":311,"column":22},"end":{"line":311,"column":23}},"loc":{"start":{"line":311,"column":42},"end":{"line":319,"column":1}},"line":311}},"branchMap":{"0":{"loc":{"start":{"line":7,"column":15},"end":{"line":7,"column":44}},"type":"binary-expr","locations":[{"start":{"line":7,"column":15},"end":{"line":7,"column":29}},{"start":{"line":7,"column":33},"end":{"line":7,"column":44}}],"line":7},"1":{"loc":{"start":{"line":8,"column":17},"end":{"line":8,"column":38}},"type":"binary-expr","locations":[{"start":{"line":8,"column":17},"end":{"line":8,"column":33}},{"start":{"line":8,"column":37},"end":{"line":8,"column":38}}],"line":8},"2":{"loc":{"start":{"line":9,"column":20},"end":{"line":9,"column":45}},"type":"binary-expr","locations":[{"start":{"line":9,"column":20},"end":{"line":9,"column":39}},{"start":{"line":9,"column":43},"end":{"line":9,"column":45}}],"line":9},"3":{"loc":{"start":{"line":10,"column":15},"end":{"line":10,"column":44}},"type":"binary-expr","locations":[{"start":{"line":10,"column":15},"end":{"line":10,"column":39}},{"start":{"line":10,"column":43},"end":{"line":10,"column":44}}],"line":10},"4":{"loc":{"start":{"line":11,"column":16},"end":{"line":11,"column":46}},"type":"binary-expr","locations":[{"start":{"line":11,"column":16},"end":{"line":11,"column":41}},{"start":{"line":11,"column":45},"end":{"line":11,"column":46}}],"line":11},"5":{"loc":{"start":{"line":13,"column":21},"end":{"line":13,"column":47}},"type":"binary-expr","locations":[{"start":{"line":13,"column":21},"end":{"line":13,"column":41}},{"start":{"line":13,"column":45},"end":{"line":13,"column":47}}],"line":13},"6":{"loc":{"start":{"line":58,"column":4},"end":{"line":65,"column":5}},"type":"if","locations":[{"start":{"line":58,"column":4},"end":{"line":65,"column":5}},{"start":{"line":58,"column":4},"end":{"line":65,"column":5}}],"line":58},"7":{"loc":{"start":{"line":75,"column":4},"end":{"line":127,"column":5}},"type":"if","locations":[{"start":{"line":75,"column":4},"end":{"line":127,"column":5}},{"start":{"line":75,"column":4},"end":{"line":127,"column":5}}],"line":75},"8":{"loc":{"start":{"line":78,"column":6},"end":{"line":114,"column":7}},"type":"if","locations":[{"start":{"line":78,"column":6},"end":{"line":114,"column":7}},{"start":{"line":78,"column":6},"end":{"line":114,"column":7}}],"line":78},"9":{"loc":{"start":{"line":81,"column":10},"end":{"line":81,"column":64}},"type":"cond-expr","locations":[{"start":{"line":81,"column":29},"end":{"line":81,"column":44}},{"start":{"line":81,"column":47},"end":{"line":81,"column":64}}],"line":81},"10":{"loc":{"start":{"line":133,"column":13},"end":{"line":133,"column":35}},"type":"binary-expr","locations":[{"start":{"line":133,"column":13},"end":{"line":133,"column":18}},{"start":{"line":133,"column":22},"end":{"line":133,"column":35}}],"line":133},"11":{"loc":{"start":{"line":144,"column":4},"end":{"line":154,"column":5}},"type":"if","locations":[{"start":{"line":144,"column":4},"end":{"line":154,"column":5}},{"start":{"line":144,"column":4},"end":{"line":154,"column":5}}],"line":144},"12":{"loc":{"start":{"line":151,"column":13},"end":{"line":151,"column":35}},"type":"binary-expr","locations":[{"start":{"line":151,"column":13},"end":{"line":151,"column":18}},{"start":{"line":151,"column":22},"end":{"line":151,"column":35}}],"line":151},"13":{"loc":{"start":{"line":172,"column":13},"end":{"line":172,"column":35}},"type":"binary-expr","locations":[{"start":{"line":172,"column":13},"end":{"line":172,"column":18}},{"start":{"line":172,"column":22},"end":{"line":172,"column":35}}],"line":172},"14":{"loc":{"start":{"line":186,"column":4},"end":{"line":188,"column":80}},"type":"cond-expr","locations":[{"start":{"line":187,"column":9},"end":{"line":187,"column":79}},{"start":{"line":188,"column":9},"end":{"line":188,"column":79}}],"line":186},"15":{"loc":{"start":{"line":200,"column":13},"end":{"line":200,"column":35}},"type":"binary-expr","locations":[{"start":{"line":200,"column":13},"end":{"line":200,"column":18}},{"start":{"line":200,"column":22},"end":{"line":200,"column":35}}],"line":200},"16":{"loc":{"start":{"line":212,"column":4},"end":{"line":222,"column":5}},"type":"if","locations":[{"start":{"line":212,"column":4},"end":{"line":222,"column":5}},{"start":{"line":212,"column":4},"end":{"line":222,"column":5}}],"line":212},"17":{"loc":{"start":{"line":219,"column":13},"end":{"line":219,"column":35}},"type":"binary-expr","locations":[{"start":{"line":219,"column":13},"end":{"line":219,"column":18}},{"start":{"line":219,"column":22},"end":{"line":219,"column":35}}],"line":219},"18":{"loc":{"start":{"line":242,"column":13},"end":{"line":242,"column":35}},"type":"binary-expr","locations":[{"start":{"line":242,"column":13},"end":{"line":242,"column":18}},{"start":{"line":242,"column":22},"end":{"line":242,"column":35}}],"line":242},"19":{"loc":{"start":{"line":254,"column":4},"end":{"line":305,"column":5}},"type":"if","locations":[{"start":{"line":254,"column":4},"end":{"line":305,"column":5}},{"start":{"line":254,"column":4},"end":{"line":305,"column":5}}],"line":254}},"s":{"0":0,"1":0,"2":0,"3":0,"4":0,"5":0,"6":0,"7":0,"8":0,"9":0,"10":0,"11":0,"12":0,"13":0,"14":0,"15":0,"16":0,"17":0,"18":0,"19":0,"20":0,"21":0,"22":0,"23":0,"24":0,"25":0,"26":0,"27":0,"28":0,"29":0,"30":0,"31":0,"32":0,"33":0,"34":0,"35":0,"36":0,"37":0,"38":0,"39":0,"40":0,"41":0,"42":0,"43":0,"44":0,"45":0,"46":0,"47":0,"48":0,"49":0,"50":0,"51":0,"52":0,"53":0,"54":0,"55":0,"56":0,"57":0,"58":0,"59":0,"60":0,"61":0,"62":0,"63":0,"64":0,"65":0,"66":0,"67":0,"68":0,"69":0,"70":0,"71":0,"72":0,"73":0,"74":0,"75":0,"76":0,"77":0,"78":0,"79":0,"80":0,"81":0,"82":0,"83":0,"84":0,"85":0,"86":0,"87":0,"88":0,"89":0,"90":0,"91":0,"92":0,"93":0,"94":0,"95":0,"96":0,"97":0,"98":0,"99":0,"100":0,"101":0,"102":0,"103":0,"104":0,"105":0,"106":0,"107":0,"108":0,"109":0,"110":0,"111":0,"112":0,"113":0,"114":0,"115":0,"116":0,"117":0,"118":0,"119":0,"120":0},"f":{"0":0,"1":0,"2":0,"3":0,"4":0,"5":0,"6":0,"7":0,"8":0,"9":0},"b":{"0":[0,0],"1":[0,0],"2":[0,0],"3":[0,0],"4":[0,0],"5":[0,0],"6":[0,0],"7":[0,0],"8":[0,0],"9":[0,0],"10":[0,0],"11":[0,0],"12":[0,0],"13":[0,0],"14":[0,0],"15":[0,0],"16":[0,0],"17":[0,0],"18":[0,0],"19":[0,0]},"all":true},"/home/yusuf/Desktop/vb-erp-backend/src/controllers/employeeController.js":{"path":"/home/yusuf/Desktop/vb-erp-backend/src/controllers/employeeController.js","statementMap":{"0":{"start":{"line":24,"column":21},"end":{"line":24,"column":55}},"1":{"start":{"line":25,"column":20},"end":{"line":25,"column":53}},"2":{"start":{"line":26,"column":27},"end":{"line":26,"column":55}},"3":{"start":{"line":30,"column":4},"end":{"line":30,"column":39}},"4":{"start":{"line":31,"column":17},"end":{"line":31,"column":36}},"5":{"start":{"line":32,"column":15},"end":{"line":32,"column":32}},"6":{"start":{"line":36,"column":4},"end":{"line":36,"column":34}},"7":{"start":{"line":38,"column":0},"end":{"line":174,"column":2}},"8":{"start":{"line":137,"column":2},"end":{"line":173,"column":3}},"9":{"start":{"line":139,"column":21},"end":{"line":144,"column":17}},"10":{"start":{"line":147,"column":22},"end":{"line":147,"column":42}},"11":{"start":{"line":148,"column":21},"end":{"line":148,"column":45}},"12":{"start":{"line":150,"column":4},"end":{"line":150,"column":15}},"13":{"start":{"line":151,"column":4},"end":{"line":151,"column":24}},"14":{"start":{"line":152,"column":15},"end":{"line":152,"column":24}},"15":{"start":{"line":153,"column":25},"end":{"line":153,"column":33}},"16":{"start":{"line":154,"column":22},"end":{"line":154,"column":38}},"17":{"start":{"line":155,"column":20},"end":{"line":161,"column":6}},"18":{"start":{"line":162,"column":4},"end":{"line":162,"column":42}},"19":{"start":{"line":164,"column":4},"end":{"line":164,"column":53}},"20":{"start":{"line":165,"column":4},"end":{"line":165,"column":15}},"21":{"start":{"line":166,"column":4},"end":{"line":166,"column":38}},"22":{"start":{"line":167,"column":20},"end":{"line":171,"column":6}},"23":{"start":{"line":172,"column":4},"end":{"line":172,"column":42}},"24":{"start":{"line":176,"column":0},"end":{"line":263,"column":2}},"25":{"start":{"line":226,"column":18},"end":{"line":226,"column":64}},"26":{"start":{"line":227,"column":2},"end":{"line":232,"column":3}},"27":{"start":{"line":228,"column":4},"end":{"line":228,"column":15}},"28":{"start":{"line":229,"column":4},"end":{"line":229,"column":36}},"29":{"start":{"line":230,"column":20},"end":{"line":230,"column":53}},"30":{"start":{"line":231,"column":4},"end":{"line":231,"column":42}},"31":{"start":{"line":233,"column":2},"end":{"line":262,"column":3}},"32":{"start":{"line":234,"column":21},"end":{"line":234,"column":59}},"33":{"start":{"line":236,"column":4},"end":{"line":245,"column":5}},"34":{"start":{"line":237,"column":6},"end":{"line":237,"column":17}},"35":{"start":{"line":238,"column":6},"end":{"line":238,"column":49}},"36":{"start":{"line":239,"column":22},"end":{"line":243,"column":8}},"37":{"start":{"line":244,"column":6},"end":{"line":244,"column":44}},"38":{"start":{"line":247,"column":4},"end":{"line":247,"column":15}},"39":{"start":{"line":248,"column":4},"end":{"line":248,"column":24}},"40":{"start":{"line":249,"column":15},"end":{"line":249,"column":23}},"41":{"start":{"line":250,"column":20},"end":{"line":250,"column":59}},"42":{"start":{"line":251,"column":4},"end":{"line":251,"column":42}},"43":{"start":{"line":253,"column":4},"end":{"line":253,"column":53}},"44":{"start":{"line":254,"column":4},"end":{"line":254,"column":15}},"45":{"start":{"line":255,"column":4},"end":{"line":255,"column":38}},"46":{"start":{"line":256,"column":20},"end":{"line":260,"column":6}},"47":{"start":{"line":261,"column":4},"end":{"line":261,"column":42}},"48":{"start":{"line":265,"column":0},"end":{"line":369,"column":2}},"49":{"start":{"line":338,"column":2},"end":{"line":368,"column":3}},"50":{"start":{"line":351,"column":24},"end":{"line":351,"column":55}},"51":{"start":{"line":353,"column":15},"end":{"line":353,"column":18}},"52":{"start":{"line":354,"column":18},"end":{"line":354,"column":27}},"53":{"start":{"line":355,"column":15},"end":{"line":355,"column":26}},"54":{"start":{"line":356,"column":20},"end":{"line":356,"column":59}},"55":{"start":{"line":357,"column":4},"end":{"line":357,"column":42}},"56":{"start":{"line":359,"column":4},"end":{"line":359,"column":53}},"57":{"start":{"line":360,"column":4},"end":{"line":360,"column":15}},"58":{"start":{"line":361,"column":4},"end":{"line":361,"column":38}},"59":{"start":{"line":362,"column":20},"end":{"line":366,"column":6}},"60":{"start":{"line":367,"column":4},"end":{"line":367,"column":42}},"61":{"start":{"line":371,"column":0},"end":{"line":483,"column":2}},"62":{"start":{"line":433,"column":18},"end":{"line":433,"column":64}},"63":{"start":{"line":434,"column":2},"end":{"line":439,"column":3}},"64":{"start":{"line":435,"column":4},"end":{"line":435,"column":15}},"65":{"start":{"line":436,"column":4},"end":{"line":436,"column":36}},"66":{"start":{"line":437,"column":20},"end":{"line":437,"column":53}},"67":{"start":{"line":438,"column":4},"end":{"line":438,"column":42}},"68":{"start":{"line":440,"column":2},"end":{"line":482,"column":3}},"69":{"start":{"line":441,"column":22},"end":{"line":441,"column":61}},"70":{"start":{"line":442,"column":4},"end":{"line":451,"column":5}},"71":{"start":{"line":443,"column":6},"end":{"line":443,"column":17}},"72":{"start":{"line":444,"column":6},"end":{"line":444,"column":39}},"73":{"start":{"line":445,"column":22},"end":{"line":449,"column":8}},"74":{"start":{"line":450,"column":6},"end":{"line":450,"column":44}},"75":{"start":{"line":452,"column":21},"end":{"line":455,"column":6}},"76":{"start":{"line":457,"column":4},"end":{"line":466,"column":5}},"77":{"start":{"line":458,"column":6},"end":{"line":458,"column":17}},"78":{"start":{"line":459,"column":6},"end":{"line":459,"column":47}},"79":{"start":{"line":460,"column":22},"end":{"line":464,"column":8}},"80":{"start":{"line":465,"column":6},"end":{"line":465,"column":44}},"81":{"start":{"line":468,"column":4},"end":{"line":468,"column":15}},"82":{"start":{"line":469,"column":4},"end":{"line":469,"column":25}},"83":{"start":{"line":470,"column":15},"end":{"line":470,"column":23}},"84":{"start":{"line":471,"column":20},"end":{"line":471,"column":59}},"85":{"start":{"line":472,"column":4},"end":{"line":472,"column":42}},"86":{"start":{"line":474,"column":4},"end":{"line":474,"column":15}},"87":{"start":{"line":475,"column":4},"end":{"line":475,"column":45}},"88":{"start":{"line":476,"column":20},"end":{"line":480,"column":6}},"89":{"start":{"line":481,"column":4},"end":{"line":481,"column":42}},"90":{"start":{"line":485,"column":0},"end":{"line":537,"column":2}},"91":{"start":{"line":500,"column":18},"end":{"line":500,"column":64}},"92":{"start":{"line":501,"column":2},"end":{"line":501,"column":39}},"93":{"start":{"line":502,"column":2},"end":{"line":508,"column":3}},"94":{"start":{"line":503,"column":4},"end":{"line":503,"column":15}},"95":{"start":{"line":504,"column":4},"end":{"line":504,"column":36}},"96":{"start":{"line":505,"column":20},"end":{"line":505,"column":53}},"97":{"start":{"line":506,"column":4},"end":{"line":506,"column":33}},"98":{"start":{"line":507,"column":4},"end":{"line":507,"column":42}},"99":{"start":{"line":509,"column":2},"end":{"line":536,"column":3}},"100":{"start":{"line":510,"column":21},"end":{"line":510,"column":68}},"101":{"start":{"line":511,"column":4},"end":{"line":520,"column":5}},"102":{"start":{"line":512,"column":6},"end":{"line":512,"column":17}},"103":{"start":{"line":513,"column":6},"end":{"line":513,"column":51}},"104":{"start":{"line":514,"column":22},"end":{"line":518,"column":8}},"105":{"start":{"line":519,"column":6},"end":{"line":519,"column":44}},"106":{"start":{"line":522,"column":4},"end":{"line":522,"column":15}},"107":{"start":{"line":523,"column":4},"end":{"line":523,"column":46}},"108":{"start":{"line":524,"column":20},"end":{"line":524,"column":53}},"109":{"start":{"line":525,"column":4},"end":{"line":525,"column":42}},"110":{"start":{"line":527,"column":4},"end":{"line":527,"column":53}},"111":{"start":{"line":528,"column":4},"end":{"line":528,"column":15}},"112":{"start":{"line":529,"column":4},"end":{"line":529,"column":49}},"113":{"start":{"line":530,"column":20},"end":{"line":534,"column":6}},"114":{"start":{"line":535,"column":4},"end":{"line":535,"column":42}},"115":{"start":{"line":539,"column":0},"end":{"line":547,"column":2}},"116":{"start":{"line":541,"column":2},"end":{"line":546,"column":3}},"117":{"start":{"line":542,"column":4},"end":{"line":542,"column":71}},"118":{"start":{"line":545,"column":4},"end":{"line":545,"column":23}},"119":{"start":{"line":549,"column":0},"end":{"line":568,"column":2}},"120":{"start":{"line":551,"column":2},"end":{"line":567,"column":3}},"121":{"start":{"line":552,"column":4},"end":{"line":552,"column":15}},"122":{"start":{"line":553,"column":4},"end":{"line":553,"column":24}},"123":{"start":{"line":554,"column":17},"end":{"line":554,"column":38}},"124":{"start":{"line":555,"column":20},"end":{"line":555,"column":59}},"125":{"start":{"line":556,"column":4},"end":{"line":556,"column":41}},"126":{"start":{"line":558,"column":4},"end":{"line":558,"column":23}},"127":{"start":{"line":559,"column":4},"end":{"line":559,"column":15}},"128":{"start":{"line":560,"column":4},"end":{"line":560,"column":38}},"129":{"start":{"line":561,"column":20},"end":{"line":565,"column":6}},"130":{"start":{"line":566,"column":4},"end":{"line":566,"column":42}},"131":{"start":{"line":570,"column":0},"end":{"line":589,"column":2}},"132":{"start":{"line":572,"column":2},"end":{"line":588,"column":3}},"133":{"start":{"line":573,"column":4},"end":{"line":573,"column":15}},"134":{"start":{"line":574,"column":4},"end":{"line":574,"column":24}},"135":{"start":{"line":575,"column":17},"end":{"line":575,"column":37}},"136":{"start":{"line":576,"column":20},"end":{"line":576,"column":59}},"137":{"start":{"line":577,"column":4},"end":{"line":577,"column":41}},"138":{"start":{"line":579,"column":4},"end":{"line":579,"column":23}},"139":{"start":{"line":580,"column":4},"end":{"line":580,"column":15}},"140":{"start":{"line":581,"column":4},"end":{"line":581,"column":38}},"141":{"start":{"line":582,"column":20},"end":{"line":586,"column":6}},"142":{"start":{"line":587,"column":4},"end":{"line":587,"column":42}},"143":{"start":{"line":591,"column":0},"end":{"line":772,"column":2}},"144":{"start":{"line":659,"column":14},"end":{"line":665,"column":3}},"145":{"start":{"line":666,"column":2},"end":{"line":677,"column":3}},"146":{"start":{"line":667,"column":4},"end":{"line":676,"column":7}},"147":{"start":{"line":678,"column":2},"end":{"line":689,"column":3}},"148":{"start":{"line":679,"column":4},"end":{"line":688,"column":7}},"149":{"start":{"line":690,"column":2},"end":{"line":696,"column":3}},"150":{"start":{"line":691,"column":4},"end":{"line":695,"column":7}},"151":{"start":{"line":698,"column":2},"end":{"line":704,"column":3}},"152":{"start":{"line":699,"column":4},"end":{"line":703,"column":7}},"153":{"start":{"line":705,"column":2},"end":{"line":711,"column":3}},"154":{"start":{"line":706,"column":4},"end":{"line":710,"column":7}},"155":{"start":{"line":713,"column":22},"end":{"line":722,"column":3}},"156":{"start":{"line":723,"column":2},"end":{"line":729,"column":3}},"157":{"start":{"line":724,"column":4},"end":{"line":728,"column":7}},"158":{"start":{"line":730,"column":2},"end":{"line":736,"column":3}},"159":{"start":{"line":731,"column":4},"end":{"line":735,"column":7}},"160":{"start":{"line":737,"column":27},"end":{"line":744,"column":3}},"161":{"start":{"line":745,"column":2},"end":{"line":753,"column":3}},"162":{"start":{"line":746,"column":4},"end":{"line":752,"column":5}},"163":{"start":{"line":747,"column":6},"end":{"line":751,"column":9}},"164":{"start":{"line":755,"column":2},"end":{"line":771,"column":3}},"165":{"start":{"line":756,"column":4},"end":{"line":756,"column":15}},"166":{"start":{"line":757,"column":4},"end":{"line":763,"column":5}},"167":{"start":{"line":758,"column":6},"end":{"line":758,"column":56}},"168":{"start":{"line":759,"column":11},"end":{"line":763,"column":5}},"169":{"start":{"line":760,"column":6},"end":{"line":760,"column":61}},"170":{"start":{"line":762,"column":6},"end":{"line":762,"column":50}},"171":{"start":{"line":765,"column":20},"end":{"line":765,"column":61}},"172":{"start":{"line":766,"column":4},"end":{"line":766,"column":35}},"173":{"start":{"line":768,"column":4},"end":{"line":768,"column":15}},"174":{"start":{"line":769,"column":4},"end":{"line":769,"column":38}},"175":{"start":{"line":770,"column":4},"end":{"line":770,"column":41}},"176":{"start":{"line":774,"column":0},"end":{"line":849,"column":2}},"177":{"start":{"line":817,"column":21},"end":{"line":817,"column":30}},"178":{"start":{"line":818,"column":2},"end":{"line":848,"column":3}},"179":{"start":{"line":819,"column":4},"end":{"line":842,"column":5}},"180":{"start":{"line":820,"column":24},"end":{"line":820,"column":47}},"181":{"start":{"line":821,"column":6},"end":{"line":821,"column":17}},"182":{"start":{"line":823,"column":22},"end":{"line":823,"column":63}},"183":{"start":{"line":824,"column":6},"end":{"line":824,"column":37}},"184":{"start":{"line":826,"column":24},"end":{"line":831,"column":8}},"185":{"start":{"line":832,"column":6},"end":{"line":837,"column":7}},"186":{"start":{"line":833,"column":8},"end":{"line":833,"column":19}},"187":{"start":{"line":834,"column":8},"end":{"line":834,"column":50}},"188":{"start":{"line":835,"column":24},"end":{"line":835,"column":57}},"189":{"start":{"line":836,"column":8},"end":{"line":836,"column":46}},"190":{"start":{"line":838,"column":6},"end":{"line":838,"column":17}},"191":{"start":{"line":840,"column":22},"end":{"line":840,"column":63}},"192":{"start":{"line":841,"column":6},"end":{"line":841,"column":44}},"193":{"start":{"line":844,"column":4},"end":{"line":844,"column":15}},"194":{"start":{"line":845,"column":4},"end":{"line":845,"column":38}},"195":{"start":{"line":846,"column":20},"end":{"line":846,"column":65}},"196":{"start":{"line":847,"column":4},"end":{"line":847,"column":35}}},"fnMap":{"0":{"name":"(anonymous_0)","decl":{"start":{"line":38,"column":26},"end":{"line":38,"column":27}},"loc":{"start":{"line":38,"column":46},"end":{"line":174,"column":1}},"line":38},"1":{"name":"(anonymous_1)","decl":{"start":{"line":176,"column":22},"end":{"line":176,"column":23}},"loc":{"start":{"line":176,"column":42},"end":{"line":263,"column":1}},"line":176},"2":{"name":"(anonymous_2)","decl":{"start":{"line":265,"column":25},"end":{"line":265,"column":26}},"loc":{"start":{"line":265,"column":45},"end":{"line":369,"column":1}},"line":265},"3":{"name":"(anonymous_3)","decl":{"start":{"line":371,"column":25},"end":{"line":371,"column":26}},"loc":{"start":{"line":371,"column":45},"end":{"line":483,"column":1}},"line":371},"4":{"name":"(anonymous_4)","decl":{"start":{"line":485,"column":25},"end":{"line":485,"column":26}},"loc":{"start":{"line":485,"column":45},"end":{"line":537,"column":1}},"line":485},"5":{"name":"(anonymous_5)","decl":{"start":{"line":539,"column":21},"end":{"line":539,"column":22}},"loc":{"start":{"line":539,"column":41},"end":{"line":547,"column":1}},"line":539},"6":{"name":"(anonymous_6)","decl":{"start":{"line":549,"column":26},"end":{"line":549,"column":27}},"loc":{"start":{"line":549,"column":40},"end":{"line":568,"column":1}},"line":549},"7":{"name":"(anonymous_7)","decl":{"start":{"line":570,"column":25},"end":{"line":570,"column":26}},"loc":{"start":{"line":570,"column":39},"end":{"line":589,"column":1}},"line":570},"8":{"name":"(anonymous_8)","decl":{"start":{"line":591,"column":25},"end":{"line":591,"column":26}},"loc":{"start":{"line":591,"column":45},"end":{"line":772,"column":1}},"line":591},"9":{"name":"(anonymous_9)","decl":{"start":{"line":774,"column":28},"end":{"line":774,"column":29}},"loc":{"start":{"line":774,"column":48},"end":{"line":849,"column":1}},"line":774}},"branchMap":{"0":{"loc":{"start":{"line":227,"column":2},"end":{"line":232,"column":3}},"type":"if","locations":[{"start":{"line":227,"column":2},"end":{"line":232,"column":3}},{"start":{"line":227,"column":2},"end":{"line":232,"column":3}}],"line":227},"1":{"loc":{"start":{"line":236,"column":4},"end":{"line":245,"column":5}},"type":"if","locations":[{"start":{"line":236,"column":4},"end":{"line":245,"column":5}},{"start":{"line":236,"column":4},"end":{"line":245,"column":5}}],"line":236},"2":{"loc":{"start":{"line":434,"column":2},"end":{"line":439,"column":3}},"type":"if","locations":[{"start":{"line":434,"column":2},"end":{"line":439,"column":3}},{"start":{"line":434,"column":2},"end":{"line":439,"column":3}}],"line":434},"3":{"loc":{"start":{"line":442,"column":4},"end":{"line":451,"column":5}},"type":"if","locations":[{"start":{"line":442,"column":4},"end":{"line":451,"column":5}},{"start":{"line":442,"column":4},"end":{"line":451,"column":5}}],"line":442},"4":{"loc":{"start":{"line":448,"column":13},"end":{"line":448,"column":35}},"type":"binary-expr","locations":[{"start":{"line":448,"column":13},"end":{"line":448,"column":18}},{"start":{"line":448,"column":22},"end":{"line":448,"column":35}}],"line":448},"5":{"loc":{"start":{"line":457,"column":4},"end":{"line":466,"column":5}},"type":"if","locations":[{"start":{"line":457,"column":4},"end":{"line":466,"column":5}},{"start":{"line":457,"column":4},"end":{"line":466,"column":5}}],"line":457},"6":{"loc":{"start":{"line":502,"column":2},"end":{"line":508,"column":3}},"type":"if","locations":[{"start":{"line":502,"column":2},"end":{"line":508,"column":3}},{"start":{"line":502,"column":2},"end":{"line":508,"column":3}}],"line":502},"7":{"loc":{"start":{"line":511,"column":4},"end":{"line":520,"column":5}},"type":"if","locations":[{"start":{"line":511,"column":4},"end":{"line":520,"column":5}},{"start":{"line":511,"column":4},"end":{"line":520,"column":5}}],"line":511},"8":{"loc":{"start":{"line":666,"column":2},"end":{"line":677,"column":3}},"type":"if","locations":[{"start":{"line":666,"column":2},"end":{"line":677,"column":3}},{"start":{"line":666,"column":2},"end":{"line":677,"column":3}}],"line":666},"9":{"loc":{"start":{"line":678,"column":2},"end":{"line":689,"column":3}},"type":"if","locations":[{"start":{"line":678,"column":2},"end":{"line":689,"column":3}},{"start":{"line":678,"column":2},"end":{"line":689,"column":3}}],"line":678},"10":{"loc":{"start":{"line":690,"column":2},"end":{"line":696,"column":3}},"type":"if","locations":[{"start":{"line":690,"column":2},"end":{"line":696,"column":3}},{"start":{"line":690,"column":2},"end":{"line":696,"column":3}}],"line":690},"11":{"loc":{"start":{"line":698,"column":2},"end":{"line":704,"column":3}},"type":"if","locations":[{"start":{"line":698,"column":2},"end":{"line":704,"column":3}},{"start":{"line":698,"column":2},"end":{"line":704,"column":3}}],"line":698},"12":{"loc":{"start":{"line":705,"column":2},"end":{"line":711,"column":3}},"type":"if","locations":[{"start":{"line":705,"column":2},"end":{"line":711,"column":3}},{"start":{"line":705,"column":2},"end":{"line":711,"column":3}}],"line":705},"13":{"loc":{"start":{"line":723,"column":2},"end":{"line":729,"column":3}},"type":"if","locations":[{"start":{"line":723,"column":2},"end":{"line":729,"column":3}},{"start":{"line":723,"column":2},"end":{"line":729,"column":3}}],"line":723},"14":{"loc":{"start":{"line":730,"column":2},"end":{"line":736,"column":3}},"type":"if","locations":[{"start":{"line":730,"column":2},"end":{"line":736,"column":3}},{"start":{"line":730,"column":2},"end":{"line":736,"column":3}}],"line":730},"15":{"loc":{"start":{"line":745,"column":2},"end":{"line":753,"column":3}},"type":"if","locations":[{"start":{"line":745,"column":2},"end":{"line":753,"column":3}},{"start":{"line":745,"column":2},"end":{"line":753,"column":3}}],"line":745},"16":{"loc":{"start":{"line":746,"column":4},"end":{"line":752,"column":5}},"type":"if","locations":[{"start":{"line":746,"column":4},"end":{"line":752,"column":5}},{"start":{"line":746,"column":4},"end":{"line":752,"column":5}}],"line":746},"17":{"loc":{"start":{"line":757,"column":4},"end":{"line":763,"column":5}},"type":"if","locations":[{"start":{"line":757,"column":4},"end":{"line":763,"column":5}},{"start":{"line":757,"column":4},"end":{"line":763,"column":5}}],"line":757},"18":{"loc":{"start":{"line":757,"column":8},"end":{"line":757,"column":44}},"type":"binary-expr","locations":[{"start":{"line":757,"column":8},"end":{"line":757,"column":23}},{"start":{"line":757,"column":27},"end":{"line":757,"column":44}}],"line":757},"19":{"loc":{"start":{"line":759,"column":11},"end":{"line":763,"column":5}},"type":"if","locations":[{"start":{"line":759,"column":11},"end":{"line":763,"column":5}},{"start":{"line":759,"column":11},"end":{"line":763,"column":5}}],"line":759},"20":{"loc":{"start":{"line":819,"column":4},"end":{"line":842,"column":5}},"type":"if","locations":[{"start":{"line":819,"column":4},"end":{"line":842,"column":5}},{"start":{"line":819,"column":4},"end":{"line":842,"column":5}}],"line":819},"21":{"loc":{"start":{"line":832,"column":6},"end":{"line":837,"column":7}},"type":"if","locations":[{"start":{"line":832,"column":6},"end":{"line":837,"column":7}},{"start":{"line":832,"column":6},"end":{"line":837,"column":7}}],"line":832}},"s":{"0":0,"1":0,"2":0,"3":0,"4":0,"5":0,"6":0,"7":0,"8":0,"9":0,"10":0,"11":0,"12":0,"13":0,"14":0,"15":0,"16":0,"17":0,"18":0,"19":0,"20":0,"21":0,"22":0,"23":0,"24":0,"25":0,"26":0,"27":0,"28":0,"29":0,"30":0,"31":0,"32":0,"33":0,"34":0,"35":0,"36":0,"37":0,"38":0,"39":0,"40":0,"41":0,"42":0,"43":0,"44":0,"45":0,"46":0,"47":0,"48":0,"49":0,"50":0,"51":0,"52":0,"53":0,"54":0,"55":0,"56":0,"57":0,"58":0,"59":0,"60":0,"61":0,"62":0,"63":0,"64":0,"65":0,"66":0,"67":0,"68":0,"69":0,"70":0,"71":0,"72":0,"73":0,"74":0,"75":0,"76":0,"77":0,"78":0,"79":0,"80":0,"81":0,"82":0,"83":0,"84":0,"85":0,"86":0,"87":0,"88":0,"89":0,"90":0,"91":0,"92":0,"93":0,"94":0,"95":0,"96":0,"97":0,"98":0,"99":0,"100":0,"101":0,"102":0,"103":0,"104":0,"105":0,"106":0,"107":0,"108":0,"109":0,"110":0,"111":0,"112":0,"113":0,"114":0,"115":0,"116":0,"117":0,"118":0,"119":0,"120":0,"121":0,"122":0,"123":0,"124":0,"125":0,"126":0,"127":0,"128":0,"129":0,"130":0,"131":0,"132":0,"133":0,"134":0,"135":0,"136":0,"137":0,"138":0,"139":0,"140":0,"141":0,"142":0,"143":0,"144":0,"145":0,"146":0,"147":0,"148":0,"149":0,"150":0,"151":0,"152":0,"153":0,"154":0,"155":0,"156":0,"157":0,"158":0,"159":0,"160":0,"161":0,"162":0,"163":0,"164":0,"165":0,"166":0,"167":0,"168":0,"169":0,"170":0,"171":0,"172":0,"173":0,"174":0,"175":0,"176":0,"177":0,"178":0,"179":0,"180":0,"181":0,"182":0,"183":0,"184":0,"185":0,"186":0,"187":0,"188":0,"189":0,"190":0,"191":0,"192":0,"193":0,"194":0,"195":0,"196":0},"f":{"0":0,"1":0,"2":0,"3":0,"4":0,"5":0,"6":0,"7":0,"8":0,"9":0},"b":{"0":[0,0],"1":[0,0],"2":[0,0],"3":[0,0],"4":[0,0],"5":[0,0],"6":[0,0],"7":[0,0],"8":[0,0],"9":[0,0],"10":[0,0],"11":[0,0],"12":[0,0],"13":[0,0],"14":[0,0],"15":[0,0],"16":[0,0],"17":[0,0],"18":[0,0],"19":[0,0],"20":[0,0],"21":[0,0]},"all":true},"/home/yusuf/Desktop/vb-erp-backend/src/controllers/invoicecontroller.js":{"path":"/home/yusuf/Desktop/vb-erp-backend/src/controllers/invoicecontroller.js","statementMap":{"0":{"start":{"line":1,"column":39},"end":{"line":1,"column":73}},"1":{"start":{"line":2,"column":16},"end":{"line":2,"column":49}},"2":{"start":{"line":3,"column":25},"end":{"line":3,"column":68}},"3":{"start":{"line":4,"column":24},"end":{"line":4,"column":67}},"4":{"start":{"line":5,"column":45},"end":{"line":5,"column":73}},"5":{"start":{"line":7,"column":19},"end":{"line":96,"column":1}},"6":{"start":{"line":45,"column":2},"end":{"line":95,"column":3}},"7":{"start":{"line":46,"column":22},"end":{"line":46,"column":54}},"8":{"start":{"line":48,"column":4},"end":{"line":50,"column":5}},"9":{"start":{"line":49,"column":6},"end":{"line":49,"column":41}},"10":{"start":{"line":52,"column":20},"end":{"line":52,"column":50}},"11":{"start":{"line":53,"column":23},"end":{"line":56,"column":5}},"12":{"start":{"line":57,"column":17},"end":{"line":62,"column":5}},"13":{"start":{"line":63,"column":20},"end":{"line":63,"column":52}},"14":{"start":{"line":64,"column":4},"end":{"line":64,"column":25}},"15":{"start":{"line":66,"column":4},"end":{"line":88,"column":5}},"16":{"start":{"line":67,"column":22},"end":{"line":67,"column":51}},"17":{"start":{"line":68,"column":19},"end":{"line":68,"column":36}},"18":{"start":{"line":69,"column":19},"end":{"line":69,"column":37}},"19":{"start":{"line":70,"column":20},"end":{"line":70,"column":39}},"20":{"start":{"line":71,"column":17},"end":{"line":71,"column":31}},"21":{"start":{"line":72,"column":17},"end":{"line":72,"column":42}},"22":{"start":{"line":73,"column":6},"end":{"line":73,"column":42}},"23":{"start":{"line":75,"column":22},"end":{"line":75,"column":51}},"24":{"start":{"line":76,"column":20},"end":{"line":84,"column":7}},"25":{"start":{"line":86,"column":29},"end":{"line":86,"column":62}},"26":{"start":{"line":87,"column":6},"end":{"line":87,"column":34}},"27":{"start":{"line":89,"column":4},"end":{"line":92,"column":7}},"28":{"start":{"line":94,"column":4},"end":{"line":94,"column":32}},"29":{"start":{"line":98,"column":30},"end":{"line":147,"column":1}},"30":{"start":{"line":129,"column":2},"end":{"line":146,"column":3}},"31":{"start":{"line":130,"column":4},"end":{"line":130,"column":15}},"32":{"start":{"line":131,"column":23},"end":{"line":134,"column":5}},"33":{"start":{"line":135,"column":20},"end":{"line":135,"column":62}},"34":{"start":{"line":136,"column":4},"end":{"line":136,"column":42}},"35":{"start":{"line":138,"column":4},"end":{"line":138,"column":15}},"36":{"start":{"line":139,"column":4},"end":{"line":139,"column":38}},"37":{"start":{"line":140,"column":20},"end":{"line":144,"column":6}},"38":{"start":{"line":145,"column":4},"end":{"line":145,"column":42}},"39":{"start":{"line":148,"column":26},"end":{"line":375,"column":1}},"40":{"start":{"line":193,"column":2},"end":{"line":374,"column":3}},"41":{"start":{"line":194,"column":22},"end":{"line":194,"column":53}},"42":{"start":{"line":195,"column":4},"end":{"line":204,"column":5}},"43":{"start":{"line":196,"column":6},"end":{"line":196,"column":17}},"44":{"start":{"line":197,"column":6},"end":{"line":197,"column":40}},"45":{"start":{"line":198,"column":22},"end":{"line":202,"column":8}},"46":{"start":{"line":203,"column":6},"end":{"line":203,"column":44}},"47":{"start":{"line":205,"column":17},"end":{"line":205,"column":52}},"48":{"start":{"line":206,"column":18},"end":{"line":206,"column":56}},"49":{"start":{"line":208,"column":17},"end":{"line":208,"column":32}},"50":{"start":{"line":209,"column":16},"end":{"line":209,"column":41}},"51":{"start":{"line":210,"column":17},"end":{"line":210,"column":30}},"52":{"start":{"line":211,"column":17},"end":{"line":211,"column":21}},"53":{"start":{"line":212,"column":17},"end":{"line":212,"column":31}},"54":{"start":{"line":213,"column":26},"end":{"line":213,"column":49}},"55":{"start":{"line":215,"column":4},"end":{"line":364,"column":5}},"56":{"start":{"line":216,"column":6},"end":{"line":216,"column":17}},"57":{"start":{"line":217,"column":22},"end":{"line":246,"column":8}},"58":{"start":{"line":248,"column":19},"end":{"line":248,"column":67}},"59":{"start":{"line":249,"column":22},"end":{"line":249,"column":52}},"60":{"start":{"line":250,"column":6},"end":{"line":250,"column":44}},"61":{"start":{"line":251,"column":11},"end":{"line":364,"column":5}},"62":{"start":{"line":252,"column":6},"end":{"line":252,"column":17}},"63":{"start":{"line":253,"column":22},"end":{"line":282,"column":40}},"64":{"start":{"line":283,"column":19},"end":{"line":283,"column":67}},"65":{"start":{"line":284,"column":22},"end":{"line":284,"column":52}},"66":{"start":{"line":285,"column":6},"end":{"line":285,"column":44}},"67":{"start":{"line":286,"column":11},"end":{"line":364,"column":5}},"68":{"start":{"line":287,"column":6},"end":{"line":287,"column":17}},"69":{"start":{"line":288,"column":22},"end":{"line":317,"column":36}},"70":{"start":{"line":318,"column":19},"end":{"line":318,"column":67}},"71":{"start":{"line":319,"column":22},"end":{"line":319,"column":52}},"72":{"start":{"line":320,"column":6},"end":{"line":320,"column":44}},"73":{"start":{"line":321,"column":11},"end":{"line":364,"column":5}},"74":{"start":{"line":322,"column":6},"end":{"line":322,"column":17}},"75":{"start":{"line":323,"column":22},"end":{"line":352,"column":36}},"76":{"start":{"line":353,"column":19},"end":{"line":353,"column":67}},"77":{"start":{"line":354,"column":22},"end":{"line":354,"column":52}},"78":{"start":{"line":355,"column":6},"end":{"line":355,"column":44}},"79":{"start":{"line":357,"column":6},"end":{"line":357,"column":17}},"80":{"start":{"line":358,"column":6},"end":{"line":358,"column":41}},"81":{"start":{"line":359,"column":22},"end":{"line":362,"column":8}},"82":{"start":{"line":363,"column":6},"end":{"line":363,"column":44}},"83":{"start":{"line":366,"column":4},"end":{"line":366,"column":15}},"84":{"start":{"line":367,"column":4},"end":{"line":367,"column":38}},"85":{"start":{"line":368,"column":20},"end":{"line":372,"column":6}},"86":{"start":{"line":373,"column":4},"end":{"line":373,"column":42}},"87":{"start":{"line":377,"column":27},"end":{"line":410,"column":1}},"88":{"start":{"line":378,"column":15},"end":{"line":378,"column":27}},"89":{"start":{"line":380,"column":2},"end":{"line":409,"column":3}},"90":{"start":{"line":381,"column":20},"end":{"line":396,"column":6}},"91":{"start":{"line":397,"column":4},"end":{"line":397,"column":15}},"92":{"start":{"line":398,"column":20},"end":{"line":398,"column":59}},"93":{"start":{"line":399,"column":4},"end":{"line":399,"column":42}},"94":{"start":{"line":401,"column":4},"end":{"line":401,"column":15}},"95":{"start":{"line":402,"column":4},"end":{"line":402,"column":38}},"96":{"start":{"line":403,"column":20},"end":{"line":407,"column":6}},"97":{"start":{"line":408,"column":4},"end":{"line":408,"column":42}},"98":{"start":{"line":411,"column":22},"end":{"line":478,"column":1}},"99":{"start":{"line":413,"column":2},"end":{"line":477,"column":3}},"100":{"start":{"line":414,"column":22},"end":{"line":414,"column":54}},"101":{"start":{"line":415,"column":4},"end":{"line":424,"column":5}},"102":{"start":{"line":416,"column":6},"end":{"line":416,"column":17}},"103":{"start":{"line":417,"column":6},"end":{"line":417,"column":38}},"104":{"start":{"line":418,"column":22},"end":{"line":422,"column":8}},"105":{"start":{"line":423,"column":6},"end":{"line":423,"column":44}},"106":{"start":{"line":425,"column":26},"end":{"line":430,"column":5}},"107":{"start":{"line":432,"column":4},"end":{"line":458,"column":5}},"108":{"start":{"line":433,"column":25},"end":{"line":436,"column":7}},"109":{"start":{"line":437,"column":22},"end":{"line":437,"column":51}},"110":{"start":{"line":438,"column":19},"end":{"line":438,"column":36}},"111":{"start":{"line":439,"column":19},"end":{"line":439,"column":37}},"112":{"start":{"line":440,"column":20},"end":{"line":440,"column":39}},"113":{"start":{"line":441,"column":17},"end":{"line":441,"column":31}},"114":{"start":{"line":442,"column":17},"end":{"line":442,"column":42}},"115":{"start":{"line":443,"column":6},"end":{"line":443,"column":42}},"116":{"start":{"line":445,"column":22},"end":{"line":445,"column":51}},"117":{"start":{"line":446,"column":20},"end":{"line":454,"column":7}},"118":{"start":{"line":456,"column":29},"end":{"line":456,"column":62}},"119":{"start":{"line":457,"column":6},"end":{"line":457,"column":34}},"120":{"start":{"line":459,"column":4},"end":{"line":459,"column":15}},"121":{"start":{"line":460,"column":4},"end":{"line":460,"column":42}},"122":{"start":{"line":461,"column":20},"end":{"line":465,"column":6}},"123":{"start":{"line":466,"column":4},"end":{"line":466,"column":42}},"124":{"start":{"line":468,"column":4},"end":{"line":468,"column":23}},"125":{"start":{"line":469,"column":4},"end":{"line":469,"column":15}},"126":{"start":{"line":470,"column":4},"end":{"line":470,"column":38}},"127":{"start":{"line":471,"column":20},"end":{"line":475,"column":6}},"128":{"start":{"line":476,"column":4},"end":{"line":476,"column":42}},"129":{"start":{"line":480,"column":0},"end":{"line":486,"column":2}}},"fnMap":{"0":{"name":"(anonymous_0)","decl":{"start":{"line":7,"column":19},"end":{"line":7,"column":20}},"loc":{"start":{"line":7,"column":39},"end":{"line":96,"column":1}},"line":7},"1":{"name":"(anonymous_1)","decl":{"start":{"line":98,"column":30},"end":{"line":98,"column":31}},"loc":{"start":{"line":98,"column":50},"end":{"line":147,"column":1}},"line":98},"2":{"name":"(anonymous_2)","decl":{"start":{"line":148,"column":26},"end":{"line":148,"column":27}},"loc":{"start":{"line":148,"column":46},"end":{"line":375,"column":1}},"line":148},"3":{"name":"(anonymous_3)","decl":{"start":{"line":377,"column":27},"end":{"line":377,"column":28}},"loc":{"start":{"line":377,"column":47},"end":{"line":410,"column":1}},"line":377},"4":{"name":"(anonymous_4)","decl":{"start":{"line":411,"column":22},"end":{"line":411,"column":23}},"loc":{"start":{"line":411,"column":42},"end":{"line":478,"column":1}},"line":411}},"branchMap":{"0":{"loc":{"start":{"line":48,"column":4},"end":{"line":50,"column":5}},"type":"if","locations":[{"start":{"line":48,"column":4},"end":{"line":50,"column":5}},{"start":{"line":48,"column":4},"end":{"line":50,"column":5}}],"line":48},"1":{"loc":{"start":{"line":66,"column":4},"end":{"line":88,"column":5}},"type":"if","locations":[{"start":{"line":66,"column":4},"end":{"line":88,"column":5}},{"start":{"line":66,"column":4},"end":{"line":88,"column":5}}],"line":66},"2":{"loc":{"start":{"line":73,"column":13},"end":{"line":73,"column":41}},"type":"cond-expr","locations":[{"start":{"line":73,"column":30},"end":{"line":73,"column":35}},{"start":{"line":73,"column":38},"end":{"line":73,"column":41}}],"line":73},"3":{"loc":{"start":{"line":195,"column":4},"end":{"line":204,"column":5}},"type":"if","locations":[{"start":{"line":195,"column":4},"end":{"line":204,"column":5}},{"start":{"line":195,"column":4},"end":{"line":204,"column":5}}],"line":195},"4":{"loc":{"start":{"line":201,"column":13},"end":{"line":201,"column":35}},"type":"binary-expr","locations":[{"start":{"line":201,"column":13},"end":{"line":201,"column":18}},{"start":{"line":201,"column":22},"end":{"line":201,"column":35}}],"line":201},"5":{"loc":{"start":{"line":205,"column":17},"end":{"line":205,"column":52}},"type":"cond-expr","locations":[{"start":{"line":205,"column":34},"end":{"line":205,"column":48}},{"start":{"line":205,"column":51},"end":{"line":205,"column":52}}],"line":205},"6":{"loc":{"start":{"line":206,"column":18},"end":{"line":206,"column":56}},"type":"cond-expr","locations":[{"start":{"line":206,"column":36},"end":{"line":206,"column":51}},{"start":{"line":206,"column":54},"end":{"line":206,"column":56}}],"line":206},"7":{"loc":{"start":{"line":213,"column":26},"end":{"line":213,"column":49}},"type":"binary-expr","locations":[{"start":{"line":213,"column":26},"end":{"line":213,"column":43}},{"start":{"line":213,"column":47},"end":{"line":213,"column":49}}],"line":213},"8":{"loc":{"start":{"line":215,"column":4},"end":{"line":364,"column":5}},"type":"if","locations":[{"start":{"line":215,"column":4},"end":{"line":364,"column":5}},{"start":{"line":215,"column":4},"end":{"line":364,"column":5}}],"line":215},"9":{"loc":{"start":{"line":251,"column":11},"end":{"line":364,"column":5}},"type":"if","locations":[{"start":{"line":251,"column":11},"end":{"line":364,"column":5}},{"start":{"line":251,"column":11},"end":{"line":364,"column":5}}],"line":251},"10":{"loc":{"start":{"line":286,"column":11},"end":{"line":364,"column":5}},"type":"if","locations":[{"start":{"line":286,"column":11},"end":{"line":364,"column":5}},{"start":{"line":286,"column":11},"end":{"line":364,"column":5}}],"line":286},"11":{"loc":{"start":{"line":321,"column":11},"end":{"line":364,"column":5}},"type":"if","locations":[{"start":{"line":321,"column":11},"end":{"line":364,"column":5}},{"start":{"line":321,"column":11},"end":{"line":364,"column":5}}],"line":321},"12":{"loc":{"start":{"line":415,"column":4},"end":{"line":424,"column":5}},"type":"if","locations":[{"start":{"line":415,"column":4},"end":{"line":424,"column":5}},{"start":{"line":415,"column":4},"end":{"line":424,"column":5}}],"line":415},"13":{"loc":{"start":{"line":421,"column":13},"end":{"line":421,"column":35}},"type":"binary-expr","locations":[{"start":{"line":421,"column":13},"end":{"line":421,"column":18}},{"start":{"line":421,"column":22},"end":{"line":421,"column":35}}],"line":421},"14":{"loc":{"start":{"line":432,"column":4},"end":{"line":458,"column":5}},"type":"if","locations":[{"start":{"line":432,"column":4},"end":{"line":458,"column":5}},{"start":{"line":432,"column":4},"end":{"line":458,"column":5}}],"line":432},"15":{"loc":{"start":{"line":443,"column":13},"end":{"line":443,"column":41}},"type":"cond-expr","locations":[{"start":{"line":443,"column":30},"end":{"line":443,"column":35}},{"start":{"line":443,"column":38},"end":{"line":443,"column":41}}],"line":443}},"s":{"0":0,"1":0,"2":0,"3":0,"4":0,"5":0,"6":0,"7":0,"8":0,"9":0,"10":0,"11":0,"12":0,"13":0,"14":0,"15":0,"16":0,"17":0,"18":0,"19":0,"20":0,"21":0,"22":0,"23":0,"24":0,"25":0,"26":0,"27":0,"28":0,"29":0,"30":0,"31":0,"32":0,"33":0,"34":0,"35":0,"36":0,"37":0,"38":0,"39":0,"40":0,"41":0,"42":0,"43":0,"44":0,"45":0,"46":0,"47":0,"48":0,"49":0,"50":0,"51":0,"52":0,"53":0,"54":0,"55":0,"56":0,"57":0,"58":0,"59":0,"60":0,"61":0,"62":0,"63":0,"64":0,"65":0,"66":0,"67":0,"68":0,"69":0,"70":0,"71":0,"72":0,"73":0,"74":0,"75":0,"76":0,"77":0,"78":0,"79":0,"80":0,"81":0,"82":0,"83":0,"84":0,"85":0,"86":0,"87":0,"88":0,"89":0,"90":0,"91":0,"92":0,"93":0,"94":0,"95":0,"96":0,"97":0,"98":0,"99":0,"100":0,"101":0,"102":0,"103":0,"104":0,"105":0,"106":0,"107":0,"108":0,"109":0,"110":0,"111":0,"112":0,"113":0,"114":0,"115":0,"116":0,"117":0,"118":0,"119":0,"120":0,"121":0,"122":0,"123":0,"124":0,"125":0,"126":0,"127":0,"128":0,"129":0},"f":{"0":0,"1":0,"2":0,"3":0,"4":0},"b":{"0":[0,0],"1":[0,0],"2":[0,0],"3":[0,0],"4":[0,0],"5":[0,0],"6":[0,0],"7":[0,0],"8":[0,0],"9":[0,0],"10":[0,0],"11":[0,0],"12":[0,0],"13":[0,0],"14":[0,0],"15":[0,0]},"all":true},"/home/yusuf/Desktop/vb-erp-backend/src/controllers/othersController.js":{"path":"/home/yusuf/Desktop/vb-erp-backend/src/controllers/othersController.js","statementMap":{"0":{"start":{"line":1,"column":18},"end":{"line":1,"column":49}},"1":{"start":{"line":2,"column":14},"end":{"line":2,"column":35}},"2":{"start":{"line":3,"column":27},"end":{"line":3,"column":58}},"3":{"start":{"line":4,"column":27},"end":{"line":4,"column":55}},"4":{"start":{"line":5,"column":12},"end":{"line":5,"column":35}},"5":{"start":{"line":6,"column":19},"end":{"line":6,"column":33}},"6":{"start":{"line":7,"column":18},"end":{"line":7,"column":49}},"7":{"start":{"line":9,"column":21},"end":{"line":9,"column":151}},"8":{"start":{"line":12,"column":18},"end":{"line":21,"column":1}},"9":{"start":{"line":14,"column":21},"end":{"line":14,"column":38}},"10":{"start":{"line":15,"column":15},"end":{"line":15,"column":33}},"11":{"start":{"line":17,"column":4},"end":{"line":17,"column":59}},"12":{"start":{"line":17,"column":26},"end":{"line":17,"column":59}},"13":{"start":{"line":19,"column":18},"end":{"line":19,"column":70}},"14":{"start":{"line":20,"column":4},"end":{"line":20,"column":30}},"15":{"start":{"line":24,"column":20},"end":{"line":84,"column":1}},"16":{"start":{"line":26,"column":20},"end":{"line":26,"column":39}},"17":{"start":{"line":27,"column":20},"end":{"line":27,"column":39}},"18":{"start":{"line":28,"column":22},"end":{"line":28,"column":58}},"19":{"start":{"line":30,"column":4},"end":{"line":40,"column":5}},"20":{"start":{"line":32,"column":8},"end":{"line":32,"column":19}},"21":{"start":{"line":33,"column":8},"end":{"line":33,"column":41}},"22":{"start":{"line":34,"column":24},"end":{"line":38,"column":10}},"23":{"start":{"line":39,"column":8},"end":{"line":39,"column":33}},"24":{"start":{"line":42,"column":16},"end":{"line":42,"column":107}},"25":{"start":{"line":43,"column":22},"end":{"line":43,"column":38}},"26":{"start":{"line":45,"column":21},"end":{"line":45,"column":43}},"27":{"start":{"line":47,"column":4},"end":{"line":82,"column":5}},"28":{"start":{"line":48,"column":22},"end":{"line":48,"column":46}},"29":{"start":{"line":49,"column":26},"end":{"line":53,"column":14}},"30":{"start":{"line":50,"column":12},"end":{"line":50,"column":57}},"31":{"start":{"line":51,"column":12},"end":{"line":51,"column":56}},"32":{"start":{"line":52,"column":12},"end":{"line":52,"column":22}},"33":{"start":{"line":55,"column":21},"end":{"line":58,"column":10}},"34":{"start":{"line":60,"column":8},"end":{"line":62,"column":49}},"35":{"start":{"line":63,"column":24},"end":{"line":68,"column":10}},"36":{"start":{"line":69,"column":8},"end":{"line":69,"column":25}},"37":{"start":{"line":72,"column":8},"end":{"line":72,"column":19}},"38":{"start":{"line":73,"column":8},"end":{"line":73,"column":44}},"39":{"start":{"line":74,"column":24},"end":{"line":80,"column":10}},"40":{"start":{"line":81,"column":8},"end":{"line":81,"column":33}},"41":{"start":{"line":87,"column":25},"end":{"line":100,"column":1}},"42":{"start":{"line":89,"column":26},"end":{"line":89,"column":50}},"43":{"start":{"line":91,"column":4},"end":{"line":91,"column":14}},"44":{"start":{"line":92,"column":4},"end":{"line":92,"column":24}},"45":{"start":{"line":93,"column":4},"end":{"line":93,"column":41}},"46":{"start":{"line":94,"column":20},"end":{"line":98,"column":6}},"47":{"start":{"line":99,"column":4},"end":{"line":99,"column":21}},"48":{"start":{"line":103,"column":22},"end":{"line":133,"column":1}},"49":{"start":{"line":105,"column":4},"end":{"line":132,"column":5}},"50":{"start":{"line":106,"column":25},"end":{"line":106,"column":42}},"51":{"start":{"line":108,"column":22},"end":{"line":108,"column":61}},"52":{"start":{"line":110,"column":8},"end":{"line":110,"column":18}},"53":{"start":{"line":111,"column":8},"end":{"line":111,"column":20}},"54":{"start":{"line":112,"column":8},"end":{"line":112,"column":45}},"55":{"start":{"line":113,"column":24},"end":{"line":117,"column":10}},"56":{"start":{"line":118,"column":8},"end":{"line":118,"column":25}},"57":{"start":{"line":122,"column":8},"end":{"line":122,"column":18}},"58":{"start":{"line":123,"column":8},"end":{"line":123,"column":48}},"59":{"start":{"line":124,"column":24},"end":{"line":130,"column":10}},"60":{"start":{"line":131,"column":8},"end":{"line":131,"column":25}},"61":{"start":{"line":136,"column":19},"end":{"line":216,"column":1}},"62":{"start":{"line":137,"column":20},"end":{"line":137,"column":69}},"63":{"start":{"line":138,"column":13},"end":{"line":138,"column":27}},"64":{"start":{"line":139,"column":4},"end":{"line":215,"column":5}},"65":{"start":{"line":140,"column":8},"end":{"line":206,"column":9}},"66":{"start":{"line":141,"column":12},"end":{"line":177,"column":15}},"67":{"start":{"line":143,"column":16},"end":{"line":152,"column":17}},"68":{"start":{"line":145,"column":20},"end":{"line":145,"column":31}},"69":{"start":{"line":146,"column":36},"end":{"line":150,"column":22}},"70":{"start":{"line":151,"column":20},"end":{"line":151,"column":45}},"71":{"start":{"line":153,"column":16},"end":{"line":175,"column":17}},"72":{"start":{"line":155,"column":20},"end":{"line":155,"column":31}},"73":{"start":{"line":156,"column":20},"end":{"line":156,"column":72}},"74":{"start":{"line":157,"column":36},"end":{"line":163,"column":22}},"75":{"start":{"line":164,"column":20},"end":{"line":164,"column":45}},"76":{"start":{"line":167,"column":20},"end":{"line":167,"column":31}},"77":{"start":{"line":168,"column":20},"end":{"line":168,"column":47}},"78":{"start":{"line":169,"column":36},"end":{"line":173,"column":22}},"79":{"start":{"line":174,"column":20},"end":{"line":174,"column":37}},"80":{"start":{"line":181,"column":28},"end":{"line":181,"column":61}},"81":{"start":{"line":182,"column":28},"end":{"line":182,"column":98}},"82":{"start":{"line":184,"column":12},"end":{"line":205,"column":13}},"83":{"start":{"line":185,"column":16},"end":{"line":185,"column":27}},"84":{"start":{"line":186,"column":16},"end":{"line":186,"column":43}},"85":{"start":{"line":187,"column":32},"end":{"line":190,"column":18}},"86":{"start":{"line":191,"column":16},"end":{"line":191,"column":33}},"87":{"start":{"line":194,"column":16},"end":{"line":194,"column":27}},"88":{"start":{"line":195,"column":16},"end":{"line":195,"column":68}},"89":{"start":{"line":196,"column":32},"end":{"line":202,"column":18}},"90":{"start":{"line":203,"column":16},"end":{"line":203,"column":41}},"91":{"start":{"line":209,"column":8},"end":{"line":209,"column":19}},"92":{"start":{"line":210,"column":24},"end":{"line":213,"column":10}},"93":{"start":{"line":214,"column":8},"end":{"line":214,"column":33}},"94":{"start":{"line":221,"column":0},"end":{"line":221,"column":88}}},"fnMap":{"0":{"name":"(anonymous_0)","decl":{"start":{"line":12,"column":18},"end":{"line":12,"column":19}},"loc":{"start":{"line":12,"column":32},"end":{"line":21,"column":1}},"line":12},"1":{"name":"(anonymous_1)","decl":{"start":{"line":24,"column":20},"end":{"line":24,"column":21}},"loc":{"start":{"line":24,"column":40},"end":{"line":84,"column":1}},"line":24},"2":{"name":"(anonymous_2)","decl":{"start":{"line":49,"column":49},"end":{"line":49,"column":50}},"loc":{"start":{"line":49,"column":70},"end":{"line":53,"column":9}},"line":49},"3":{"name":"(anonymous_3)","decl":{"start":{"line":87,"column":25},"end":{"line":87,"column":26}},"loc":{"start":{"line":87,"column":45},"end":{"line":100,"column":1}},"line":87},"4":{"name":"(anonymous_4)","decl":{"start":{"line":103,"column":22},"end":{"line":103,"column":23}},"loc":{"start":{"line":103,"column":42},"end":{"line":133,"column":1}},"line":103},"5":{"name":"(anonymous_5)","decl":{"start":{"line":136,"column":19},"end":{"line":136,"column":20}},"loc":{"start":{"line":136,"column":39},"end":{"line":216,"column":1}},"line":136},"6":{"name":"(anonymous_6)","decl":{"start":{"line":141,"column":92},"end":{"line":141,"column":93}},"loc":{"start":{"line":141,"column":116},"end":{"line":177,"column":13}},"line":141}},"branchMap":{"0":{"loc":{"start":{"line":17,"column":4},"end":{"line":17,"column":59}},"type":"if","locations":[{"start":{"line":17,"column":4},"end":{"line":17,"column":59}},{"start":{"line":17,"column":4},"end":{"line":17,"column":59}}],"line":17},"1":{"loc":{"start":{"line":30,"column":4},"end":{"line":40,"column":5}},"type":"if","locations":[{"start":{"line":30,"column":4},"end":{"line":40,"column":5}},{"start":{"line":30,"column":4},"end":{"line":40,"column":5}}],"line":30},"2":{"loc":{"start":{"line":37,"column":17},"end":{"line":37,"column":39}},"type":"binary-expr","locations":[{"start":{"line":37,"column":17},"end":{"line":37,"column":22}},{"start":{"line":37,"column":26},"end":{"line":37,"column":39}}],"line":37},"3":{"loc":{"start":{"line":50,"column":33},"end":{"line":50,"column":57}},"type":"binary-expr","locations":[{"start":{"line":50,"column":33},"end":{"line":50,"column":51}},{"start":{"line":50,"column":55},"end":{"line":50,"column":57}}],"line":50},"4":{"loc":{"start":{"line":140,"column":8},"end":{"line":206,"column":9}},"type":"if","locations":[{"start":{"line":140,"column":8},"end":{"line":206,"column":9}},{"start":{"line":140,"column":8},"end":{"line":206,"column":9}}],"line":140},"5":{"loc":{"start":{"line":143,"column":16},"end":{"line":152,"column":17}},"type":"if","locations":[{"start":{"line":143,"column":16},"end":{"line":152,"column":17}},{"start":{"line":143,"column":16},"end":{"line":152,"column":17}}],"line":143},"6":{"loc":{"start":{"line":149,"column":29},"end":{"line":149,"column":47}},"type":"binary-expr","locations":[{"start":{"line":149,"column":29},"end":{"line":149,"column":32}},{"start":{"line":149,"column":36},"end":{"line":149,"column":47}}],"line":149},"7":{"loc":{"start":{"line":153,"column":16},"end":{"line":175,"column":17}},"type":"if","locations":[{"start":{"line":153,"column":16},"end":{"line":175,"column":17}},{"start":{"line":153,"column":16},"end":{"line":175,"column":17}}],"line":153},"8":{"loc":{"start":{"line":184,"column":12},"end":{"line":205,"column":13}},"type":"if","locations":[{"start":{"line":184,"column":12},"end":{"line":205,"column":13}},{"start":{"line":184,"column":12},"end":{"line":205,"column":13}}],"line":184},"9":{"loc":{"start":{"line":184,"column":16},"end":{"line":184,"column":90}},"type":"binary-expr","locations":[{"start":{"line":184,"column":16},"end":{"line":184,"column":49}},{"start":{"line":184,"column":53},"end":{"line":184,"column":90}}],"line":184},"10":{"loc":{"start":{"line":212,"column":17},"end":{"line":212,"column":35}},"type":"binary-expr","locations":[{"start":{"line":212,"column":17},"end":{"line":212,"column":20}},{"start":{"line":212,"column":24},"end":{"line":212,"column":35}}],"line":212}},"s":{"0":0,"1":0,"2":0,"3":0,"4":0,"5":0,"6":0,"7":0,"8":0,"9":0,"10":0,"11":0,"12":0,"13":0,"14":0,"15":0,"16":0,"17":0,"18":0,"19":0,"20":0,"21":0,"22":0,"23":0,"24":0,"25":0,"26":0,"27":0,"28":0,"29":0,"30":0,"31":0,"32":0,"33":0,"34":0,"35":0,"36":0,"37":0,"38":0,"39":0,"40":0,"41":0,"42":0,"43":0,"44":0,"45":0,"46":0,"47":0,"48":0,"49":0,"50":0,"51":0,"52":0,"53":0,"54":0,"55":0,"56":0,"57":0,"58":0,"59":0,"60":0,"61":0,"62":0,"63":0,"64":0,"65":0,"66":0,"67":0,"68":0,"69":0,"70":0,"71":0,"72":0,"73":0,"74":0,"75":0,"76":0,"77":0,"78":0,"79":0,"80":0,"81":0,"82":0,"83":0,"84":0,"85":0,"86":0,"87":0,"88":0,"89":0,"90":0,"91":0,"92":0,"93":0,"94":0},"f":{"0":0,"1":0,"2":0,"3":0,"4":0,"5":0,"6":0},"b":{"0":[0,0],"1":[0,0],"2":[0,0],"3":[0,0],"4":[0,0],"5":[0,0],"6":[0,0],"7":[0,0],"8":[0,0],"9":[0,0],"10":[0,0]},"all":true},"/home/yusuf/Desktop/vb-erp-backend/src/controllers/poEmailController.js":{"path":"/home/yusuf/Desktop/vb-erp-backend/src/controllers/poEmailController.js","statementMap":{"0":{"start":{"line":1,"column":22},"end":{"line":1,"column":56}},"1":{"start":{"line":2,"column":17},"end":{"line":2,"column":36}},"2":{"start":{"line":4,"column":21},"end":{"line":9,"column":1}},"3":{"start":{"line":5,"column":22},"end":{"line":5,"column":70}},"4":{"start":{"line":6,"column":18},"end":{"line":6,"column":60}},"5":{"start":{"line":7,"column":15},"end":{"line":7,"column":54}},"6":{"start":{"line":8,"column":2},"end":{"line":8,"column":59}},"7":{"start":{"line":11,"column":0},"end":{"line":11,"column":34}}},"fnMap":{"0":{"name":"(anonymous_0)","decl":{"start":{"line":4,"column":21},"end":{"line":4,"column":22}},"loc":{"start":{"line":4,"column":45},"end":{"line":9,"column":1}},"line":4}},"branchMap":{},"s":{"0":0,"1":0,"2":0,"3":0,"4":0,"5":0,"6":0,"7":0},"f":{"0":0},"b":{},"all":true},"/home/yusuf/Desktop/vb-erp-backend/src/controllers/poSowController.js":{"path":"/home/yusuf/Desktop/vb-erp-backend/src/controllers/poSowController.js","statementMap":{"0":{"start":{"line":1,"column":27},"end":{"line":1,"column":53}},"1":{"start":{"line":2,"column":37},"end":{"line":2,"column":69}},"2":{"start":{"line":3,"column":23},"end":{"line":3,"column":57}},"3":{"start":{"line":4,"column":29},"end":{"line":4,"column":70}},"4":{"start":{"line":5,"column":17},"end":{"line":5,"column":51}},"5":{"start":{"line":6,"column":16},"end":{"line":6,"column":49}},"6":{"start":{"line":7,"column":25},"end":{"line":7,"column":68}},"7":{"start":{"line":8,"column":24},"end":{"line":8,"column":67}},"8":{"start":{"line":9,"column":24},"end":{"line":9,"column":54}},"9":{"start":{"line":10,"column":45},"end":{"line":10,"column":73}},"10":{"start":{"line":12,"column":20},"end":{"line":100,"column":1}},"11":{"start":{"line":62,"column":2},"end":{"line":99,"column":3}},"12":{"start":{"line":63,"column":22},"end":{"line":63,"column":52}},"13":{"start":{"line":64,"column":4},"end":{"line":73,"column":5}},"14":{"start":{"line":65,"column":6},"end":{"line":65,"column":17}},"15":{"start":{"line":66,"column":6},"end":{"line":66,"column":39}},"16":{"start":{"line":67,"column":22},"end":{"line":71,"column":8}},"17":{"start":{"line":72,"column":6},"end":{"line":72,"column":44}},"18":{"start":{"line":74,"column":15},"end":{"line":74,"column":28}},"19":{"start":{"line":76,"column":13},"end":{"line":76,"column":17}},"20":{"start":{"line":77,"column":14},"end":{"line":77,"column":19}},"21":{"start":{"line":80,"column":4},"end":{"line":90,"column":5}},"22":{"start":{"line":81,"column":6},"end":{"line":81,"column":72}},"23":{"start":{"line":82,"column":6},"end":{"line":82,"column":28}},"24":{"start":{"line":83,"column":25},"end":{"line":83,"column":48}},"25":{"start":{"line":84,"column":6},"en
[...]
0}},"57":{"start":{"line":163,"column":2},"end":{"line":167,"column":3}},"58":{"start":{"line":164,"column":4},"end":{"line":166,"column":6}},"59":{"start":{"line":165,"column":6},"end":{"line":165,"column":75}},"60":{"start":{"line":168,"column":2},"end":{"line":172,"column":3}},"61":{"start":{"line":169,"column":4},"end":{"line":171,"column":6}},"62":{"start":{"line":170,"column":6},"end":{"line":170,"column":59}},"63":{"start":{"line":174,"column":2},"end":{"line":178,"column":3}},"64":{"start":{"line":175,"column":4},"end":{"line":177,"column":6}},"65":{"start":{"line":176,"column":6},"end":{"line":176,"column":80}},"66":{"start":{"line":180,"column":2},"end":{"line":186,"column":3}},"67":{"start":{"line":181,"column":4},"end":{"line":185,"column":6}},"68":{"start":{"line":182,"column":6},"end":{"line":184,"column":57}},"69":{"start":{"line":188,"column":2},"end":{"line":193,"column":3}},"70":{"start":{"line":189,"column":4},"end":{"line":192,"column":6}},"71":{"start":{"line":191,"column":8},"end":{"line":191,"column":78}},"72":{"start":{"line":195,"column":2},"end":{"line":199,"column":3}},"73":{"start":{"line":196,"column":4},"end":{"line":198,"column":6}},"74":{"start":{"line":197,"column":18},"end":{"line":197,"column":76}},"75":{"start":{"line":201,"column":2},"end":{"line":205,"column":3}},"76":{"start":{"line":202,"column":4},"end":{"line":204,"column":6}},"77":{"start":{"line":203,"column":18},"end":{"line":203,"column":72}},"78":{"start":{"line":206,"column":2},"end":{"line":206,"column":17}},"79":{"start":{"line":209,"column":31},"end":{"line":291,"column":1}},"80":{"start":{"line":210,"column":20},"end":{"line":210,"column":49}},"81":{"start":{"line":212,"column":21},"end":{"line":246,"column":3}},"82":{"start":{"line":215,"column":6},"end":{"line":223,"column":7}},"83":{"start":{"line":216,"column":8},"end":{"line":222,"column":10}},"84":{"start":{"line":225,"column":6},"end":{"line":232,"column":7}},"85":{"start":{"line":229,"column":8},"end":{"line":231,"column":37}},"86":{"start":{"line":234,"column":6},"end":{"line":242,"column":9}},"87":{"start":{"line":243,"column":6},"end":{"line":243,"column":20}},"88":{"start":{"line":248,"column":16},"end":{"line":248,"column":34}},"89":{"start":{"line":249,"column":2},"end":{"line":265,"column":5}},"90":{"start":{"line":250,"column":19},"end":{"line":252,"column":10}},"91":{"start":{"line":251,"column":35},"end":{"line":251,"column":64}},"92":{"start":{"line":254,"column":4},"end":{"line":264,"column":5}},"93":{"start":{"line":255,"column":6},"end":{"line":255,"column":23}},"94":{"start":{"line":257,"column":6},"end":{"line":263,"column":8}},"95":{"start":{"line":267,"column":2},"end":{"line":269,"column":3}},"96":{"start":{"line":268,"column":4},"end":{"line":268,"column":67}},"97":{"start":{"line":268,"column":38},"end":{"line":268,"column":65}},"98":{"start":{"line":271,"column":2},"end":{"line":275,"column":3}},"99":{"start":{"line":272,"column":4},"end":{"line":274,"column":6}},"100":{"start":{"line":273,"column":6},"end":{"line":273,"column":53}},"101":{"start":{"line":277,"column":2},"end":{"line":281,"column":3}},"102":{"start":{"line":278,"column":4},"end":{"line":280,"column":6}},"103":{"start":{"line":279,"column":6},"end":{"line":279,"column":74}},"104":{"start":{"line":283,"column":2},"end":{"line":288,"column":3}},"105":{"start":{"line":284,"column":4},"end":{"line":287,"column":6}},"106":{"start":{"line":286,"column":8},"end":{"line":286,"column":76}},"107":{"start":{"line":290,"column":2},"end":{"line":290,"column":17}},"108":{"start":{"line":293,"column":37},"end":{"line":324,"column":1}},"109":{"start":{"line":294,"column":16},"end":{"line":294,"column":30}},"110":{"start":{"line":295,"column":22},"end":{"line":295,"column":51}},"111":{"start":{"line":297,"column":2},"end":{"line":306,"column":3}},"112":{"start":{"line":298,"column":4},"end":{"line":305,"column":6}},"113":{"start":{"line":300,"column":8},"end":{"line":304,"column":9}},"114":{"start":{"line":317,"column":26},"end":{"line":321,"column":3}},"115":{"start":{"line":319,"column":23},"end":{"line":319,"column":58}},"116":{"start":{"line":323,"column":2},"end":{"line":323,"column":37}},"117":{"start":{"line":326,"column":0},"end":{"line":332,"column":2}}},"fnMap":{"0":{"name":"(anonymous_0)","decl":{"start":{"line":4,"column":23},"end":{"line":4,"column":24}},"loc":{"start":{"line":4,"column":40},"end":{"line":84,"column":1}},"line":4},"1":{"name":"(anonymous_1)","decl":{"start":{"line":86,"column":27},"end":{"line":86,"column":28}},"loc":{"start":{"line":86,"column":44},"end":{"line":122,"column":1}},"line":86},"2":{"name":"(anonymous_2)","decl":{"start":{"line":124,"column":35},"end":{"line":124,"column":36}},"loc":{"start":{"line":124,"column":64},"end":{"line":207,"column":1}},"line":124},"3":{"name":"(anonymous_3)","decl":{"start":{"line":137,"column":29},"end":{"line":137,"column":30}},"loc":{"start":{"line":137,"column":41},"end":{"line":142,"column":5}},"line":137},"4":{"name":"(anonymous_4)","decl":{"start":{"line":147,"column":29},"end":{"line":147,"column":30}},"loc":{"start":{"line":148,"column":6},"end":{"line":148,"column":75}},"line":148},"5":{"name":"(anonymous_5)","decl":{"start":{"line":152,"column":29},"end":{"line":152,"column":30}},"loc":{"start":{"line":153,"column":6},"end":{"line":153,"column":59}},"line":153},"6":{"name":"(anonymous_6)","decl":{"start":{"line":158,"column":29},"end":{"line":158,"column":30}},"loc":{"start":{"line":159,"column":6},"end":{"line":159,"column":80}},"line":159},"7":{"name":"(anonymous_7)","decl":{"start":{"line":164,"column":29},"end":{"line":164,"column":30}},"loc":{"start":{"line":165,"column":6},"end":{"line":165,"column":75}},"line":165},"8":{"name":"(anonymous_8)","decl":{"start":{"line":169,"column":29},"end":{"line":169,"column":30}},"loc":{"start":{"line":170,"column":6},"end":{"line":170,"column":59}},"line":170},"9":{"name":"(anonymous_9)","decl":{"start":{"line":175,"column":29},"end":{"line":175,"column":30}},"loc":{"start":{"line":176,"column":6},"end":{"line":176,"column":80}},"line":176},"10":{"name":"(anonymous_10)","decl":{"start":{"line":181,"column":29},"end":{"line":181,"column":30}},"loc":{"start":{"line":182,"column":6},"end":{"line":184,"column":57}},"line":182},"11":{"name":"(anonymous_11)","decl":{"start":{"line":190,"column":6},"end":{"line":190,"column":7}},"loc":{"start":{"line":191,"column":8},"end":{"line":191,"column":78}},"line":191},"12":{"name":"(anonymous_12)","decl":{"start":{"line":197,"column":6},"end":{"line":197,"column":7}},"loc":{"start":{"line":197,"column":18},"end":{"line":197,"column":76}},"line":197},"13":{"name":"(anonymous_13)","decl":{"start":{"line":203,"column":6},"end":{"line":203,"column":7}},"loc":{"start":{"line":203,"column":18},"end":{"line":203,"column":72}},"line":203},"14":{"name":"(anonymous_14)","decl":{"start":{"line":209,"column":31},"end":{"line":209,"column":32}},"loc":{"start":{"line":209,"column":75},"end":{"line":291,"column":1}},"line":209},"15":{"name":"(anonymous_15)","decl":{"start":{"line":214,"column":4},"end":{"line":214,"column":5}},"loc":{"start":{"line":214,"column":23},"end":{"line":244,"column":5}},"line":214},"16":{"name":"(anonymous_16)","decl":{"start":{"line":249,"column":30},"end":{"line":249,"column":31}},"loc":{"start":{"line":249,"column":42},"end":{"line":265,"column":3}},"line":249},"17":{"name":"(anonymous_17)","decl":{"start":{"line":251,"column":23},"end":{"line":251,"column":24}},"loc":{"start":{"line":251,"column":35},"end":{"line":251,"column":64}},"line":251},"18":{"name":"(anonymous_18)","decl":{"start":{"line":268,"column":29},"end":{"line":268,"column":30}},"loc":{"start":{"line":268,"column":38},"end":{"line":268,"column":65}},"line":268},"19":{"name":"(anonymous_19)","decl":{"start":{"line":272,"column":29},"end":{"line":272,"column":30}},"loc":{"start":{"line":273,"column":6},"end":{"line":273,"column":53}},"line":273},"20":{"name":"(anonymous_20)","decl":{"start":{"line":278,"column":29},"end":{"line":278,"column":30}},"loc":{"start":{"line":279,"column":6},"end":{"line":279,"column":74}},"line":279},"21":{"name":"(anonymous_21)","decl":{"start":{"line":285,"column":6},"end":{"line":285,"column":7}},"loc":{"start":{"line":286,"column":8},"end":{"line":286,"column":76}},"line":286},"22":{"name":"(anonymous_22)","decl":{"start":{"line":293,"column":37},"end":{"line":293,"column":38}},"loc":{"start":{"line":293,"column":64},"end":{"line":324,"column":1}},"line":293},"23":{"name":"(anonymous_23)","decl":{"start":{"line":299,"column":6},"end":{"line":299,"column":7}},"loc":{"start":{"line":300,"column":8},"end":{"line":304,"column":9}},"line":300},"24":{"name":"(anonymous_24)","decl":{"start":{"line":319,"column":4},"end":{"line":319,"column":5}},"loc":{"start":{"line":319,"column":23},"end":{"line":319,"column":58}},"line":319}},"branchMap":{"0":{"loc":{"start":{"line":11,"column":2},"end":{"line":18,"column":3}},"type":"if","locations":[{"start":{"line":11,"column":2},"end":{"line":18,"column":3}},{"start":{"line":11,"column":2},"end":{"line":18,"column":3}}],"line":11},"1":{"loc":{"start":{"line":20,"column":2},"end":{"line":27,"column":3}},"type":"if","locations":[{"start":{"line":20,"column":2},"end":{"line":27,"column":3}},{"start":{"line":20,"column":2},"end":{"line":27,"column":3}}],"line":20},"2":{"loc":{"start":{"line":29,"column":2},"end":{"line":36,"column":3}},"type":"if","locations":[{"start":{"line":29,"column":2},"end":{"line":36,"column":3}},{"start":{"line":29,"column":2},"end":{"line":36,"column":3}}],"line":29},"3":{"loc":{"start":{"line":38,"column":2},"end":{"line":45,"column":3}},"type":"if","locations":[{"start":{"line":38,"column":2},"end":{"line":45,"column":3}},{"start":{"line":38,"column":2},"end":{"line":45,"column":3}}],"line":38},"4":{"loc":{"start":{"line":47,"column":2},"end":{"line":54,"column":3}},"type":"if","locations":[{"start":{"line":47,"column":2},"end":{"line":54,"column":3}},{"start":{"line":47,"column":2},"end":{"line":54,"column":3}}],"line":47},"5":{"loc":{"start":{"line":56,"column":2},"end":{"line":63,"column":3}},"type":"if","locations":[{"start":{"line":56,"column":2},"end":{"line":63,"column":3}},{"start":{"line":56,"column":2},"end":{"line":63,"column":3}}],"line":56},"6":{"loc":{"start":{"line":65,"column":2},"end":{"line":72,"column":3}},"type":"if","locations":[{"start":{"line":65,"column":2},"end":{"line":72,"column":3}},{"start":{"line":65,"column":2},"end":{"line":72,"column":3}}],"line":65},"7":{"loc":{"start":{"line":74,"column":2},"end":{"line":81,"column":3}},"type":"if","locations":[{"start":{"line":74,"column":2},"end":{"line":81,"column":3}},{"start":{"line":74,"column":2},"end":{"line":81,"column":3}}],"line":74},"8":{"loc":{"start":{"line":89,"column":2},"end":{"line":91,"column":3}},"type":"if","locations":[{"start":{"line":89,"column":2},"end":{"line":91,"column":3}},{"start":{"line":89,"column":2},"end":{"line":91,"column":3}}],"line":89},"9":{"loc":{"start":{"line":93,"column":2},"end":{"line":95,"column":3}},"type":"if","locations":[{"start":{"line":93,"column":2},"end":{"line":95,"column":3}},{"start":{"line":93,"column":2},"end":{"line":95,"column":3}}],"line":93},"10":{"loc":{"start":{"line":97,"column":2},"end":{"line":99,"column":3}},"type":"if","locations":[{"start":{"line":97,"column":2},"end":{"line":99,"column":3}},{"start":{"line":97,"column":2},"end":{"line":99,"column":3}}],"line":97},"11":{"loc":{"start":{"line":101,"column":2},"end":{"line":103,"column":3}},"type":"if","locations":[{"start":{"line":101,"column":2},"end":{"line":103,"column":3}},{"start":{"line":101,"column":2},"end":{"line":103,"column":3}}],"line":101},"12":{"loc":{"start":{"line":105,"column":2},"end":{"line":107,"column":3}},"type":"if","locations":[{"start":{"line":105,"column":2},"end":{"line":107,"column":3}},{"start":{"line":105,"column":2},"end":{"line":107,"column":3}}],"line":105},"13":{"loc":{"start":{"line":109,"column":2},"end":{"line":111,"column":3}},"type":"if","locations":[{"start":{"line":109,"column":2},"end":{"line":111,"column":3}},{"start":{"line":109,"column":2},"end":{"line":111,"column":3}}],"line":109},"14":{"loc":{"start":{"line":113,"column":2},"end":{"line":115,"column":3}},"type":"if","locations":[{"start":{"line":113,"column":2},"end":{"line":115,"column":3}},{"start":{"line":113,"column":2},"end":{"line":115,"column":3}}],"line":113},"15":{"loc":{"start":{"line":117,"column":2},"end":{"line":119,"column":3}},"type":"if","locations":[{"start":{"line":117,"column":2},"end":{"line":119,"column":3}},{"start":{"line":117,"column":2},"end":{"line":119,"column":3}}],"line":117},"16":{"loc":{"start":{"line":136,"column":2},"end":{"line":143,"column":3}},"type":"if","locations":[{"start":{"line":136,"column":2},"end":{"line":143,"column":3}},{"start":{"line":136,"column":2},"end":{"line":143,"column":3}}],"line":136},"17":{"loc":{"start":{"line":138,"column":6},"end":{"line":140,"column":7}},"type":"if","locations":[{"start":{"line":138,"column":6},"end":{"line":140,"column":7}},{"start":{"line":138,"column":6},"end":{"line":140,"column":7}}],"line":138},"18":{"loc":{"start":{"line":146,"column":2},"end":{"line":150,"column":3}},"type":"if","locations":[{"start":{"line":146,"column":2},"end":{"line":150,"column":3}},{"start":{"line":146,"column":2},"end":{"line":150,"column":3}}],"line":146},"19":{"loc":{"start":{"line":151,"column":2},"end":{"line":155,"column":3}},"type":"if","locations":[{"start":{"line":151,"column":2},"end":{"line":155,"column":3}},{"start":{"line":151,"column":2},"end":{"line":155,"column":3}}],"line":151},"20":{"loc":{"start":{"line":157,"column":2},"end":{"line":161,"column":3}},"type":"if","locations":[{"start":{"line":157,"column":2},"end":{"line":161,"column":3}},{"start":{"line":157,"column":2},"end":{"line":161,"column":3}}],"line":157},"21":{"loc":{"start":{"line":163,"column":2},"end":{"line":167,"column":3}},"type":"if","locations":[{"start":{"line":163,"column":2},"end":{"line":167,"column":3}},{"start":{"line":163,"column":2},"end":{"line":167,"column":3}}],"line":163},"22":{"loc":{"start":{"line":168,"column":2},"end":{"line":172,"column":3}},"type":"if","locations":[{"start":{"line":168,"column":2},"end":{"line":172,"column":3}},{"start":{"line":168,"column":2},"end":{"line":172,"column":3}}],"line":168},"23":{"loc":{"start":{"line":174,"column":2},"end":{"line":178,"column":3}},"type":"if","locations":[{"start":{"line":174,"column":2},"end":{"line":178,"column":3}},{"start":{"line":174,"column":2},"end":{"line":178,"column":3}}],"line":174},"24":{"loc":{"start":{"line":180,"column":2},"end":{"line":186,"column":3}},"type":"if","locations":[{"start":{"line":180,"column":2},"end":{"line":186,"column":3}},{"start":{"line":180,"column":2},"end":{"line":186,"column":3}}],"line":180},"25":{"loc":{"start":{"line":188,"column":2},"end":{"line":193,"column":3}},"type":"if","locations":[{"start":{"line":188,"column":2},"end":{"line":193,"column":3}},{"start":{"line":188,"column":2},"end":{"line":193,"column":3}}],"line":188},"26":{"loc":{"start":{"line":195,"column":2},"end":{"line":199,"column":3}},"type":"if","locations":[{"start":{"line":195,"column":2},"end":{"line":199,"column":3}},{"start":{"line":195,"column":2},"end":{"line":199,"column":3}}],"line":195},"27":{"loc":{"start":{"line":201,"column":2},"end":{"line":205,"column":3}},"type":"if","locations":[{"start":{"line":201,"column":2},"end":{"line":205,"column":3}},{"start":{"line":201,"column":2},"end":{"line":205,"column":3}}],"line":201},"28":{"loc":{"start":{"line":215,"column":6},"end":{"line":223,"column":7}},"type":"if","locations":[{"start":{"line":215,"column":6},"end":{"line":223,"column":7}},{"start":{"line":215,"column":6},"end":{"line":223,"column":7}}],"line":215},"29":{"loc":{"start":{"line":225,"column":6},"end":{"line":232,"column":7}},"type":"if","locations":[{"start":{"line":225,"column":6},"end":{"line":232,"column":7}},{"start":{"line":225,"column":6},"end":{"line":232,"column":7}}],"line":225},"30":{"loc":{"start":{"line":226,"column":8},"end":{"line":227,"column":65}},"type":"binary-expr","locations":[{"start":{"line":226,"column":8},"end":{"line":226,"column":66}},{"start":{"line":227,"column":8},"end":{"line":227,"column":65}}],"line":226},"31":{"loc":{"start":{"line":250,"column":19},"end":{"line":252,"column":10}},"type":"cond-expr","locations":[{"start":{"line":251,"column":8},"end":{"line":251,"column":65}},{"start":{"line":252,"column":8},"end":{"line":252,"column":10}}],"line":250},"32":{"loc":{"start":{"line":254,"column":4},"end":{"line":264,"column":5}},"type":"if","locations":[{"start":{"line":254,"column":4},"end":{"line":264,"column":5}},{"start":{"line":254,"column":4},"end":{"line":264,"column":5}}],"line":254},"33":{"loc":{"start":{"line":267,"column":2},"end":{"line":269,"column":3}},"type":"if","locations":[{"start":{"line":267,"column":2},"end":{"line":269,"column":3}},{"start":{"line":267,"column":2},"end":{"line":269,"column":3}}],"line":267},"34":{"loc":{"start":{"line":271,"column":2},"end":{"line":275,"column":3}},"type":"if","locations":[{"start":{"line":271,"column":2},"end":{"line":275,"column":3}},{"start":{"line":271,"column":2},"end":{"line":275,"column":3}}],"line":271},"35":{"loc":{"start":{"line":277,"column":2},"end":{"line":281,"column":3}},"type":"if","locations":[{"start":{"line":277,"column":2},"end":{"line":281,"column":3}},{"start":{"line":277,"column":2},"end":{"line":281,"column":3}}],"line":277},"36":{"loc":{"start":{"line":283,"column":2},"end":{"line":288,"column":3}},"type":"if","locations":[{"start":{"line":283,"column":2},"end":{"line":288,"column":3}},{"start":{"line":283,"column":2},"end":{"line":288,"column":3}}],"line":283},"37":{"loc":{"start":{"line":297,"column":2},"end":{"line":306,"column":3}},"type":"if","locations":[{"start":{"line":297,"column":2},"end":{"line":306,"column":3}},{"start":{"line":297,"column":2},"end":{"line":306,"column":3}}],"line":297},"38":{"loc":{"start":{"line":300,"column":8},"end":{"line":304,"column":9}},"type":"binary-expr","locations":[{"start":{"line":300,"column":8},"end":{"line":300,"column":47}},{"start":{"line":301,"column":8},"end":{"line":304,"column":9}}],"line":300},"39":{"loc":{"start":{"line":323,"column":9},"end":{"line":323,"column":36}},"type":"cond-expr","locations":[{"start":{"line":323,"column":17},"end":{"line":323,"column":32}},{"start":{"line":323,"column":35},"end":{"line":323,"column":36}}],"line":323}},"s":{"0":0,"1":0,"2":0,"3":0,"4":0,"5":0,"6":0,"7":0,"8":0,"9":0,"10":0,"11":0,"12":0,"13":0,"14":0,"15":0,"16":0,"17":0,"18":0,"19":0,"20":0,"21":0,"22":0,"23":0,"24":0,"25":0,"26":0,"27":0,"28":0,"29":0,"30":0,"31":0,"32":0,"33":0,"34":0,"35":0,"36":0,"37":0,"38":0,"39":0,"40":0,"41":0,"42":0,"43":0,"44":0,"45":0,"46":0,"47":0,"48":0,"49":0,"50":0,"51":0,"52":0,"53":0,"54":0,"55":0,"56":0,"57":0,"58":0,"59":0,"60":0,"61":0,"62":0,"63":0,"64":0,"65":0,"66":0,"67":0,"68":0,"69":0,"70":0,"71":0,"72":0,"73":0,"74":0,"75":0,"76":0,"77":0,"78":0,"79":0,"80":0,"81":0,"82":0,"83":0,"84":0,"85":0,"86":0,"87":0,"88":0,"89":0,"90":0,"91":0,"92":0,"93":0,"94":0,"95":0,"96":0,"97":0,"98":0,"99":0,"100":0,"101":0,"102":0,"103":0,"104":0,"105":0,"106":0,"107":0,"108":0,"109":0,"110":0,"111":0,"112":0,"113":0,"114":0,"115":0,"116":0,"117":0},"f":{"0":0,"1":0,"2":0,"3":0,"4":0,"5":0,"6":0,"7":0,"8":0,"9":0,"10":0,"11":0,"12":0,"13":0,"14":0,"15":0,"16":0,"17":0,"18":0,"19":0,"20":0,"21":0,"22":0,"23":0,"24":0},"b":{"0":[0,0],"1":[0,0],"2":[0,0],"3":[0,0],"4":[0,0],"5":[0,0],"6":[0,0],"7":[0,0],"8":[0,0],"9":[0,0],"10":[0,0],"11":[0,0],"12":[0,0],"13":[0,0],"14":[0,0],"15":[0,0],"16":[0,0],"17":[0,0],"18":[0,0],"19":[0,0],"20":[0,0],"21":[0,0],"22":[0,0],"23":[0,0],"24":[0,0],"25":[0,0],"26":[0,0],"27":[0,0],"28":[0,0],"29":[0,0],"30":[0,0],"31":[0,0],"32":[0,0],"33":[0,0],"34":[0,0],"35":[0,0],"36":[0,0],"37":[0,0],"38":[0,0],"39":[0,0]},"all":true}}